# JRE version: Java(TM) SE Runtime Environment (8.0_181-b13) (build 1.8.0_181-b13)
# Java VM: Java HotSpot(TM) Client VM (25.181-b13 mixed mode, sharing windows-x86 )
Heap:
 def new generation   total 5440K, used 2238K [0x03e00000, 0x043e0000, 0x09350000)
  eden space 4864K,  34% used [0x03e00000, 0x03f9f828, 0x042c0000)
  from space 576K, 100% used [0x042c0000, 0x04350000, 0x04350000)
  to   space 576K,   0% used [0x04350000, 0x04350000, 0x043e0000)
 tenured generation   total 11900K, used 10594K [0x09350000, 0x09eef000, 0x13e00000)
   the space 11900K,  89% used [0x09350000, 0x09da89e8, 0x09da8a00, 0x09eef000)
 Metaspace       used 3619K, capacity 4080K, committed 4160K, reserved 4480K
GC Heap History (10 events):
Event: 8.342 GC heap before
{Heap before GC invocations=6 (full 0):
 def new generation   total 4928K, used 4600K [0x03e00000, 0x04350000, 0x09350000)
  eden space 4416K, 100% used [0x03e00000, 0x04250000, 0x04250000)
  from space 512K,  36% used [0x04250000, 0x0427e380, 0x042d0000)
  to   space 512K,   0% used [0x042d0000, 0x042d0000, 0x04350000)
 tenured generation   total 10944K, used 6958K [0x09350000, 0x09e00000, 0x13e00000)
   the space 10944K,  63% used [0x09350000, 0x09a1ba38, 0x09a1bc00, 0x09e00000)
 Metaspace       used 1251K, capacity 2791K, committed 2880K, reserved 4480K
Event: 8.382 GC heap after
Heap after GC invocations=7 (full 1):
 def new generation   total 5440K, used 0K [0x03e00000, 0x043e0000, 0x09350000)
  eden space 4864K,   0% used [0x03e00000, 0x03e00000, 0x042c0000)
  from space 576K,   0% used [0x042c0000, 0x042c0000, 0x04350000)
  to   space 576K,   0% used [0x04350000, 0x04350000, 0x043e0000)
 tenured generation   total 11900K, used 7139K [0x09350000, 0x09eef000, 0x13e00000)
   the space 11900K,  59% used [0x09350000, 0x09a48f20, 0x09a49000, 0x09eef000)
 Metaspace       used 1251K, capacity 2791K, committed 2880K, reserved 4480K
}
Event: 11.576 GC heap before
{Heap before GC invocations=7 (full 1):
 def new generation   total 5440K, used 4864K [0x03e00000, 0x043e0000, 0x09350000)
  eden space 4864K, 100% used [0x03e00000, 0x042c0000, 0x042c0000)
  from space 576K,   0% used [0x042c0000, 0x042c0000, 0x04350000)
  to   space 576K,   0% used [0x04350000, 0x04350000, 0x043e0000)
 tenured generation   total 11900K, used 7139K [0x09350000, 0x09eef000, 0x13e00000)
   the space 11900K,  59% used [0x09350000, 0x09a48f20, 0x09a49000, 0x09eef000)
 Metaspace       used 2275K, capacity 3065K, committed 3136K, reserved 4480K
Event: 11.585 GC heap after
Heap after GC invocations=8 (full 1):
 def new generation   total 5440K, used 576K [0x03e00000, 0x043e0000, 0x09350000)
  eden space 4864K,   0% used [0x03e00000, 0x03e00000, 0x042c0000)
  from space 576K, 100% used [0x04350000, 0x043e0000, 0x043e0000)
  to   space 576K,   0% used [0x042c0000, 0x042c0000, 0x04350000)
 tenured generation   total 11900K, used 7729K [0x09350000, 0x09eef000, 0x13e00000)
   the space 11900K,  64% used [0x09350000, 0x09adc660, 0x09adc800, 0x09eef000)
 Metaspace       used 2275K, capacity 3065K, committed 3136K, reserved 4480K
}
Event: 11.682 GC heap before
{Heap before GC invocations=8 (full 1):
 def new generation   total 5440K, used 5438K [0x03e00000, 0x043e0000, 0x09350000)
  eden space 4864K,  99% used [0x03e00000, 0x042bf910, 0x042c0000)
  from space 576K, 100% used [0x04350000, 0x043e0000, 0x043e0000)
  to   space 576K,   0% used [0x042c0000, 0x042c0000, 0x04350000)
 tenured generation   total 11900K, used 7729K [0x09350000, 0x09eef000, 0x13e00000)
   the space 11900K,  64% used [0x09350000, 0x09adc660, 0x09adc800, 0x09eef000)
 Metaspace       used 2373K, capacity 3110K, committed 3136K, reserved 4480K
Event: 11.689 GC heap after
Heap after GC invocations=9 (full 1):
 def new generation   total 5440K, used 575K [0x03e00000, 0x043e0000, 0x09350000)
  eden space 4864K,   0% used [0x03e00000, 0x03e00000, 0x042c0000)
  from space 576K,  99% used [0x042c0000, 0x0434fff8, 0x04350000)
  to   space 576K,   0% used [0x04350000, 0x04350000, 0x043e0000)
 tenured generation   total 11900K, used 8354K [0x09350000, 0x09eef000, 0x13e00000)
   the space 11900K,  70% used [0x09350000, 0x09b78990, 0x09b78a00, 0x09eef000)
 Metaspace       used 2373K, capacity 3110K, committed 3136K, reserved 4480K
}
Event: 11.884 GC heap before
{Heap before GC invocations=9 (full 1):
 def new generation   total 5440K, used 5439K [0x03e00000, 0x043e0000, 0x09350000)
  eden space 4864K, 100% used [0x03e00000, 0x042c0000, 0x042c0000)
  from space 576K,  99% used [0x042c0000, 0x0434fff8, 0x04350000)
  to   space 576K,   0% used [0x04350000, 0x04350000, 0x043e0000)
 tenured generation   total 11900K, used 8354K [0x09350000, 0x09eef000, 0x13e00000)
   the space 11900K,  70% used [0x09350000, 0x09b78990, 0x09b78a00, 0x09eef000)
 Metaspace       used 2963K, capacity 3501K, committed 3520K, reserved 4480K
Event: 11.893 GC heap after
Heap after GC invocations=10 (full 1):
 def new generation   total 5440K, used 576K [0x03e00000, 0x043e0000, 0x09350000)
  eden space 4864K,   0% used [0x03e00000, 0x03e00000, 0x042c0000)
  from space 576K, 100% used [0x04350000, 0x043e0000, 0x043e0000)
  to   space 576K,   0% used [0x042c0000, 0x042c0000, 0x04350000)
 tenured generation   total 11900K, used 9687K [0x09350000, 0x09eef000, 0x13e00000)
   the space 11900K,  81% used [0x09350000, 0x09cc5ce8, 0x09cc5e00, 0x09eef000)
 Metaspace       used 2963K, capacity 3501K, committed 3520K, reserved 4480K
}
Event: 12.781 GC heap before
{Heap before GC invocations=10 (full 1):
 def new generation   total 5440K, used 5440K [0x03e00000, 0x043e0000, 0x09350000)
  eden space 4864K, 100% used [0x03e00000, 0x042c0000, 0x042c0000)
  from space 576K, 100% used [0x04350000, 0x043e0000, 0x043e0000)
  to   space 576K,   0% used [0x042c0000, 0x042c0000, 0x04350000)
 tenured generation   total 11900K, used 9687K [0x09350000, 0x09eef000, 0x13e00000)
   the space 11900K,  81% used [0x09350000, 0x09cc5ce8, 0x09cc5e00, 0x09eef000)
 Metaspace       used 3604K, capacity 4077K, committed 4160K, reserved 4480K
Event: 12.790 GC heap after
Heap after GC invocations=11 (full 1):
 def new generation   total 5440K, used 576K [0x03e00000, 0x043e0000, 0x09350000)
  eden space 4864K,   0% used [0x03e00000, 0x03e00000, 0x042c0000)
  from space 576K, 100% used [0x042c0000, 0x04350000, 0x04350000)
  to   space 576K,   0% used [0x04350000, 0x04350000, 0x043e0000)
 tenured generation   total 11900K, used 10594K [0x09350000, 0x09eef000, 0x13e00000)
   the space 11900K,  89% used [0x09350000, 0x09da89e8, 0x09da8a00, 0x09eef000)
 Metaspace       used 3604K, capacity 4077K, committed 4160K, reserved 4480K
}

