# JRE version: Java(TM) SE Runtime Environment (8.0_181-b13) (build 1.8.0_181-b13)
# Java VM: Java HotSpot(TM) Client VM (25.181-b13 mixed mode, sharing windows-x86 )
Heap:
 def new generation   total 8320K, used 4254K [0x03e00000, 0x04700000, 0x09350000)
  eden space 7424K,  57% used [0x03e00000, 0x04227b58, 0x04540000)
  from space 896K,   0% used [0x04540000, 0x04540000, 0x04620000)
  to   space 896K,   0% used [0x04620000, 0x04620000, 0x04700000)
 tenured generation   total 18348K, used 11007K [0x09350000, 0x0a53b000, 0x13e00000)
   the space 18348K,  59% used [0x09350000, 0x09e0fd28, 0x09e0fe00, 0x0a53b000)
 Metaspace       used 3743K, capacity 4146K, committed 4288K, reserved 4480K
GC Heap History (10 events):
Event: 4.259 GC heap before
{Heap before GC invocations=5 (full 0):
 def new generation   total 4928K, used 4520K [0x03e00000, 0x04350000, 0x09350000)
  eden space 4416K, 100% used [0x03e00000, 0x04250000, 0x04250000)
  from space 512K,  20% used [0x042d0000, 0x042ea108, 0x04350000)
  to   space 512K,   0% used [0x04250000, 0x04250000, 0x042d0000)
 tenured generation   total 10944K, used 6815K [0x09350000, 0x09e00000, 0x13e00000)
   the space 10944K,  62% used [0x09350000, 0x099f7e00, 0x099f7e00, 0x09e00000)
 Metaspace       used 2068K, capacity 3058K, committed 3136K, reserved 4480K
Event: 4.268 GC heap after
Heap after GC invocations=6 (full 0):
 def new generation   total 4928K, used 512K [0x03e00000, 0x04350000, 0x09350000)
  eden space 4416K,   0% used [0x03e00000, 0x03e00000, 0x04250000)
  from space 512K, 100% used [0x04250000, 0x042d0000, 0x042d0000)
  to   space 512K,   0% used [0x042d0000, 0x042d0000, 0x04350000)
 tenured generation   total 10944K, used 7591K [0x09350000, 0x09e00000, 0x13e00000)
   the space 10944K,  69% used [0x09350000, 0x09ab9c38, 0x09ab9e00, 0x09e00000)
 Metaspace       used 2068K, capacity 3058K, committed 3136K, reserved 4480K
}
Event: 4.384 GC heap before
{Heap before GC invocations=6 (full 0):
 def new generation   total 4928K, used 4928K [0x03e00000, 0x04350000, 0x09350000)
  eden space 4416K, 100% used [0x03e00000, 0x04250000, 0x04250000)
  from space 512K, 100% used [0x04250000, 0x042d0000, 0x042d0000)
  to   space 512K,   0% used [0x042d0000, 0x042d0000, 0x04350000)
 tenured generation   total 10944K, used 7591K [0x09350000, 0x09e00000, 0x13e00000)
   the space 10944K,  69% used [0x09350000, 0x09ab9c38, 0x09ab9e00, 0x09e00000)
 Metaspace       used 2293K, capacity 3075K, committed 3136K, reserved 4480K
Event: 4.393 GC heap after
Heap after GC invocations=7 (full 0):
 def new generation   total 4928K, used 512K [0x03e00000, 0x04350000, 0x09350000)
  eden space 4416K,   0% used [0x03e00000, 0x03e00000, 0x04250000)
  from space 512K, 100% used [0x042d0000, 0x04350000, 0x04350000)
  to   space 512K,   0% used [0x04250000, 0x04250000, 0x042d0000)
 tenured generation   total 10944K, used 8529K [0x09350000, 0x09e00000, 0x13e00000)
   the space 10944K,  77% used [0x09350000, 0x09ba4448, 0x09ba4600, 0x09e00000)
 Metaspace       used 2293K, capacity 3075K, committed 3136K, reserved 4480K
}
Event: 4.513 GC heap before
{Heap before GC invocations=7 (full 0):
 def new generation   total 4928K, used 4928K [0x03e00000, 0x04350000, 0x09350000)
  eden space 4416K, 100% used [0x03e00000, 0x04250000, 0x04250000)
  from space 512K, 100% used [0x042d0000, 0x04350000, 0x04350000)
  to   space 512K,   0% used [0x04250000, 0x04250000, 0x042d0000)
 tenured generation   total 10944K, used 8529K [0x09350000, 0x09e00000, 0x13e00000)
   the space 10944K,  77% used [0x09350000, 0x09ba4448, 0x09ba4600, 0x09e00000)
 Metaspace       used 2468K, capacity 3206K, committed 3264K, reserved 4480K
Event: 4.522 GC heap after
Heap after GC invocations=8 (full 0):
 def new generation   total 4928K, used 512K [0x03e00000, 0x04350000, 0x09350000)
  eden space 4416K,   0% used [0x03e00000, 0x03e00000, 0x04250000)
  from space 512K, 100% used [0x04250000, 0x042d0000, 0x042d0000)
  to   space 512K,   0% used [0x042d0000, 0x042d0000, 0x04350000)
 tenured generation   total 10944K, used 9346K [0x09350000, 0x09e00000, 0x13e00000)
   the space 10944K,  85% used [0x09350000, 0x09c70878, 0x09c70a00, 0x09e00000)
 Metaspace       used 2468K, capacity 3206K, committed 3264K, reserved 4480K
}
Event: 4.711 GC heap before
{Heap before GC invocations=8 (full 0):
 def new generation   total 4928K, used 4928K [0x03e00000, 0x04350000, 0x09350000)
  eden space 4416K, 100% used [0x03e00000, 0x04250000, 0x04250000)
  from space 512K, 100% used [0x04250000, 0x042d0000, 0x042d0000)
  to   space 512K,   0% used [0x042d0000, 0x042d0000, 0x04350000)
 tenured generation   total 10944K, used 9346K [0x09350000, 0x09e00000, 0x13e00000)
   the space 10944K,  85% used [0x09350000, 0x09c70878, 0x09c70a00, 0x09e00000)
 Metaspace       used 3137K, capacity 3661K, committed 3776K, reserved 4480K
Event: 4.717 GC heap after
Heap after GC invocations=9 (full 0):
 def new generation   total 4928K, used 512K [0x03e00000, 0x04350000, 0x09350000)
  eden space 4416K,   0% used [0x03e00000, 0x03e00000, 0x04250000)
  from space 512K, 100% used [0x042d0000, 0x04350000, 0x04350000)
  to   space 512K,   0% used [0x04250000, 0x04250000, 0x042d0000)
 tenured generation   total 10944K, used 10140K [0x09350000, 0x09e00000, 0x13e00000)
   the space 10944K,  92% used [0x09350000, 0x09d37298, 0x09d37400, 0x09e00000)
 Metaspace       used 3137K, capacity 3661K, committed 3776K, reserved 4480K
}
Event: 44.210 GC heap before
{Heap before GC invocations=9 (full 0):
 def new generation   total 4928K, used 4928K [0x03e00000, 0x04350000, 0x09350000)
  eden space 4416K, 100% used [0x03e00000, 0x04250000, 0x04250000)
  from space 512K, 100% used [0x042d0000, 0x04350000, 0x04350000)
  to   space 512K,   0% used [0x04250000, 0x04250000, 0x042d0000)
 tenured generation   total 10944K, used 10140K [0x09350000, 0x09e00000, 0x13e00000)
   the space 10944K,  92% used [0x09350000, 0x09d37298, 0x09d37400, 0x09e00000)
 Metaspace       used 3760K, capacity 4183K, committed 4288K, reserved 4480K
Event: 44.345 GC heap after
Heap after GC invocations=10 (full 1):
 def new generation   total 8320K, used 328K [0x03e00000, 0x04700000, 0x09350000)
  eden space 7424K,   4% used [0x03e00000, 0x03e52170, 0x04540000)
  from space 896K,   0% used [0x04540000, 0x04540000, 0x04620000)
  to   space 896K,   0% used [0x04620000, 0x04620000, 0x04700000)
 tenured generation   total 18348K, used 11007K [0x09350000, 0x0a53b000, 0x13e00000)
   the space 18348K,  59% used [0x09350000, 0x09e0fd28, 0x09e0fe00, 0x0a53b000)
 Metaspace       used 3736K, capacity 4146K, committed 4288K, reserved 4480K
}

