# JRE version: Java(TM) SE Runtime Environment (8.0_181-b13) (build 1.8.0_181-b13)
# Java VM: Java HotSpot(TM) Client VM (25.181-b13 mixed mode, sharing windows-x86 )
Heap:
 def new generation   total 8384K, used 6737K [0x03c00000, 0x04510000, 0x09150000)
  eden space 7488K,  78% used [0x03c00000, 0x041b7ee8, 0x04350000)
  from space 896K,  98% used [0x04430000, 0x0450c620, 0x04510000)
  to   space 896K,   0% used [0x04350000, 0x04350000, 0x04430000)
 tenured generation   total 18364K, used 11305K [0x09150000, 0x0a33f000, 0x13c00000)
   the space 18364K,  61% used [0x09150000, 0x09c5a680, 0x09c5a800, 0x0a33f000)
 Metaspace       used 4025K, capacity 4243K, committed 4288K, reserved 4480K
GC Heap History (10 events):
Event: 4.734 GC heap before
{Heap before GC invocations=6 (full 0):
 def new generation   total 4928K, used 4928K [0x03c00000, 0x04150000, 0x09150000)
  eden space 4416K, 100% used [0x03c00000, 0x04050000, 0x04050000)
  from space 512K, 100% used [0x04050000, 0x040d0000, 0x040d0000)
  to   space 512K,   0% used [0x040d0000, 0x040d0000, 0x04150000)
 tenured generation   total 10944K, used 7591K [0x09150000, 0x09c00000, 0x13c00000)
   the space 10944K,  69% used [0x09150000, 0x098b9e08, 0x098ba000, 0x09c00000)
 Metaspace       used 2293K, capacity 3075K, committed 3136K, reserved 4480K
Event: 4.743 GC heap after
Heap after GC invocations=7 (full 0):
 def new generation   total 4928K, used 512K [0x03c00000, 0x04150000, 0x09150000)
  eden space 4416K,   0% used [0x03c00000, 0x03c00000, 0x04050000)
  from space 512K, 100% used [0x040d0000, 0x04150000, 0x04150000)
  to   space 512K,   0% used [0x04050000, 0x04050000, 0x040d0000)
 tenured generation   total 10944K, used 8517K [0x09150000, 0x09c00000, 0x13c00000)
   the space 10944K,  77% used [0x09150000, 0x099a14c0, 0x099a1600, 0x09c00000)
 Metaspace       used 2293K, capacity 3075K, committed 3136K, reserved 4480K
}
Event: 4.856 GC heap before
{Heap before GC invocations=7 (full 0):
 def new generation   total 4928K, used 4926K [0x03c00000, 0x04150000, 0x09150000)
  eden space 4416K,  99% used [0x03c00000, 0x0404fb30, 0x04050000)
  from space 512K, 100% used [0x040d0000, 0x04150000, 0x04150000)
  to   space 512K,   0% used [0x04050000, 0x04050000, 0x040d0000)
 tenured generation   total 10944K, used 8517K [0x09150000, 0x09c00000, 0x13c00000)
   the space 10944K,  77% used [0x09150000, 0x099a14c0, 0x099a1600, 0x09c00000)
 Metaspace       used 2452K, capacity 3206K, committed 3264K, reserved 4480K
Event: 4.864 GC heap after
Heap after GC invocations=8 (full 0):
 def new generation   total 4928K, used 512K [0x03c00000, 0x04150000, 0x09150000)
  eden space 4416K,   0% used [0x03c00000, 0x03c00000, 0x04050000)
  from space 512K, 100% used [0x04050000, 0x040d0000, 0x040d0000)
  to   space 512K,   0% used [0x040d0000, 0x040d0000, 0x04150000)
 tenured generation   total 10944K, used 9328K [0x09150000, 0x09c00000, 0x13c00000)
   the space 10944K,  85% used [0x09150000, 0x09a6c238, 0x09a6c400, 0x09c00000)
 Metaspace       used 2452K, capacity 3206K, committed 3264K, reserved 4480K
}
Event: 5.044 GC heap before
{Heap before GC invocations=8 (full 0):
 def new generation   total 4928K, used 4928K [0x03c00000, 0x04150000, 0x09150000)
  eden space 4416K, 100% used [0x03c00000, 0x04050000, 0x04050000)
  from space 512K, 100% used [0x04050000, 0x040d0000, 0x040d0000)
  to   space 512K,   0% used [0x040d0000, 0x040d0000, 0x04150000)
 tenured generation   total 10944K, used 9328K [0x09150000, 0x09c00000, 0x13c00000)
   the space 10944K,  85% used [0x09150000, 0x09a6c238, 0x09a6c400, 0x09c00000)
 Metaspace       used 3128K, capacity 3661K, committed 3776K, reserved 4480K
Event: 5.050 GC heap after
Heap after GC invocations=9 (full 0):
 def new generation   total 4928K, used 512K [0x03c00000, 0x04150000, 0x09150000)
  eden space 4416K,   0% used [0x03c00000, 0x03c00000, 0x04050000)
  from space 512K, 100% used [0x040d0000, 0x04150000, 0x04150000)
  to   space 512K,   0% used [0x04050000, 0x04050000, 0x040d0000)
 tenured generation   total 10944K, used 10131K [0x09150000, 0x09c00000, 0x13c00000)
   the space 10944K,  92% used [0x09150000, 0x09b34f48, 0x09b35000, 0x09c00000)
 Metaspace       used 3128K, capacity 3661K, committed 3776K, reserved 4480K
}
Event: 44.546 GC heap before
{Heap before GC invocations=9 (full 0):
 def new generation   total 4928K, used 4928K [0x03c00000, 0x04150000, 0x09150000)
  eden space 4416K, 100% used [0x03c00000, 0x04050000, 0x04050000)
  from space 512K, 100% used [0x040d0000, 0x04150000, 0x04150000)
  to   space 512K,   0% used [0x04050000, 0x04050000, 0x040d0000)
 tenured generation   total 10944K, used 10131K [0x09150000, 0x09c00000, 0x13c00000)
   the space 10944K,  92% used [0x09150000, 0x09b34f48, 0x09b35000, 0x09c00000)
 Metaspace       used 3756K, capacity 4183K, committed 4288K, reserved 4480K
Event: 44.591 GC heap after
Heap after GC invocations=10 (full 1):
 def new generation   total 8384K, used 326K [0x03c00000, 0x04510000, 0x09150000)
  eden space 7488K,   4% used [0x03c00000, 0x03c51988, 0x04350000)
  from space 896K,   0% used [0x04350000, 0x04350000, 0x04430000)
  to   space 896K,   0% used [0x04430000, 0x04430000, 0x04510000)
 tenured generation   total 18364K, used 11016K [0x09150000, 0x0a33f000, 0x13c00000)
   the space 18364K,  59% used [0x09150000, 0x09c12190, 0x09c12200, 0x0a33f000)
 Metaspace       used 3733K, capacity 4146K, committed 4288K, reserved 4480K
}
Event: 5265.972 GC heap before
{Heap before GC invocations=10 (full 1):
 def new generation   total 8384K, used 7488K [0x03c00000, 0x04510000, 0x09150000)
  eden space 7488K, 100% used [0x03c00000, 0x04350000, 0x04350000)
  from space 896K,   0% used [0x04350000, 0x04350000, 0x04430000)
  to   space 896K,   0% used [0x04430000, 0x04430000, 0x04510000)
 tenured generation   total 18364K, used 11016K [0x09150000, 0x0a33f000, 0x13c00000)
   the space 18364K,  59% used [0x09150000, 0x09c12190, 0x09c12200, 0x0a33f000)
 Metaspace       used 3977K, capacity 4206K, committed 4288K, reserved 4480K
Event: 5266.022 GC heap after
Heap after GC invocations=11 (full 1):
 def new generation   total 8384K, used 881K [0x03c00000, 0x04510000, 0x09150000)
  eden space 7488K,   0% used [0x03c00000, 0x03c00000, 0x04350000)
  from space 896K,  98% used [0x04430000, 0x0450c620, 0x04510000)
  to   space 896K,   0% used [0x04350000, 0x04350000, 0x04430000)
 tenured generation   total 18364K, used 11305K [0x09150000, 0x0a33f000, 0x13c00000)
   the space 18364K,  61% used [0x09150000, 0x09c5a680, 0x09c5a800, 0x0a33f000)
 Metaspace       used 3977K, capacity 4206K, committed 4288K, reserved 4480K
}

