# JRE version: Java(TM) SE Runtime Environment (8.0_181-b13) (build 1.8.0_181-b13)
# Java VM: Java HotSpot(TM) Client VM (25.181-b13 mixed mode, sharing windows-x86 )
Heap:
 def new generation   total 5440K, used 5015K [0x03c00000, 0x041e0000, 0x09150000)
  eden space 4864K,  91% used [0x03c00000, 0x04055d38, 0x040c0000)
  from space 576K, 100% used [0x04150000, 0x041e0000, 0x041e0000)
  to   space 576K,   0% used [0x040c0000, 0x040c0350, 0x04150000)
 tenured generation   total 11976K, used 11099K [0x09150000, 0x09d02000, 0x13c00000)
   the space 11976K,  92% used [0x09150000, 0x09c26e98, 0x09c27000, 0x09d02000)
 Metaspace       used 3789K, capacity 4183K, committed 4288K, reserved 4480K
GC Heap History (10 events):
Event: 14.723 GC heap after
Heap after GC invocations=8 (full 1):
 def new generation   total 5440K, used 576K [0x03c00000, 0x041e0000, 0x09150000)
  eden space 4864K,   0% used [0x03c00000, 0x03c00000, 0x040c0000)
  from space 576K, 100% used [0x04150000, 0x041e0000, 0x041e0000)
  to   space 576K,   0% used [0x040c0000, 0x040c0000, 0x04150000)
 tenured generation   total 11976K, used 7747K [0x09150000, 0x09d02000, 0x13c00000)
   the space 11976K,  64% used [0x09150000, 0x098e0f50, 0x098e1000, 0x09d02000)
 Metaspace       used 2284K, capacity 3060K, committed 3136K, reserved 4480K
}
Event: 14.882 GC heap before
{Heap before GC invocations=8 (full 1):
 def new generation   total 5440K, used 5440K [0x03c00000, 0x041e0000, 0x09150000)
  eden space 4864K, 100% used [0x03c00000, 0x040c0000, 0x040c0000)
  from space 576K, 100% used [0x04150000, 0x041e0000, 0x041e0000)
  to   space 576K,   0% used [0x040c0000, 0x040c0000, 0x04150000)
 tenured generation   total 11976K, used 7747K [0x09150000, 0x09d02000, 0x13c00000)
   the space 11976K,  64% used [0x09150000, 0x098e0f50, 0x098e1000, 0x09d02000)
 Metaspace       used 2385K, capacity 3110K, committed 3136K, reserved 4480K
Event: 14.888 GC heap after
Heap after GC invocations=9 (full 1):
 def new generation   total 5440K, used 575K [0x03c00000, 0x041e0000, 0x09150000)
  eden space 4864K,   0% used [0x03c00000, 0x03c00000, 0x040c0000)
  from space 576K,  99% used [0x040c0000, 0x0414fff8, 0x04150000)
  to   space 576K,   0% used [0x04150000, 0x04150000, 0x041e0000)
 tenured generation   total 11976K, used 8379K [0x09150000, 0x09d02000, 0x13c00000)
   the space 11976K,  69% used [0x09150000, 0x0997ee10, 0x0997f000, 0x09d02000)
 Metaspace       used 2385K, capacity 3110K, committed 3136K, reserved 4480K
}
Event: 15.095 GC heap before
{Heap before GC invocations=9 (full 1):
 def new generation   total 5440K, used 5439K [0x03c00000, 0x041e0000, 0x09150000)
  eden space 4864K, 100% used [0x03c00000, 0x040c0000, 0x040c0000)
  from space 576K,  99% used [0x040c0000, 0x0414fff8, 0x04150000)
  to   space 576K,   0% used [0x04150000, 0x04150000, 0x041e0000)
 tenured generation   total 11976K, used 8379K [0x09150000, 0x09d02000, 0x13c00000)
   the space 11976K,  69% used [0x09150000, 0x0997ee10, 0x0997f000, 0x09d02000)
 Metaspace       used 2785K, capacity 3467K, committed 3520K, reserved 4480K
Event: 15.103 GC heap after
Heap after GC invocations=10 (full 1):
 def new generation   total 5440K, used 576K [0x03c00000, 0x041e0000, 0x09150000)
  eden space 4864K,   0% used [0x03c00000, 0x03c00000, 0x040c0000)
  from space 576K, 100% used [0x04150000, 0x041e0000, 0x041e0000)
  to   space 576K,   0% used [0x040c0000, 0x040c0000, 0x04150000)
 tenured generation   total 11976K, used 9685K [0x09150000, 0x09d02000, 0x13c00000)
   the space 11976K,  80% used [0x09150000, 0x09ac5628, 0x09ac5800, 0x09d02000)
 Metaspace       used 2785K, capacity 3467K, committed 3520K, reserved 4480K
}
Event: 15.414 GC heap before
{Heap before GC invocations=10 (full 1):
 def new generation   total 5440K, used 5440K [0x03c00000, 0x041e0000, 0x09150000)
  eden space 4864K, 100% used [0x03c00000, 0x040c0000, 0x040c0000)
  from space 576K, 100% used [0x04150000, 0x041e0000, 0x041e0000)
  to   space 576K,   0% used [0x040c0000, 0x040c0000, 0x04150000)
 tenured generation   total 11976K, used 9685K [0x09150000, 0x09d02000, 0x13c00000)
   the space 11976K,  80% used [0x09150000, 0x09ac5628, 0x09ac5800, 0x09d02000)
 Metaspace       used 3607K, capacity 4077K, committed 4160K, reserved 4480K
Event: 15.420 GC heap after
Heap after GC invocations=11 (full 1):
 def new generation   total 5440K, used 576K [0x03c00000, 0x041e0000, 0x09150000)
  eden space 4864K,   0% used [0x03c00000, 0x03c00000, 0x040c0000)
  from space 576K, 100% used [0x040c0000, 0x04150000, 0x04150000)
  to   space 576K,   0% used [0x04150000, 0x04150000, 0x041e0000)
 tenured generation   total 11976K, used 10633K [0x09150000, 0x09d02000, 0x13c00000)
   the space 11976K,  88% used [0x09150000, 0x09bb2490, 0x09bb2600, 0x09d02000)
 Metaspace       used 3607K, capacity 4077K, committed 4160K, reserved 4480K
}
Event: 29.185 GC heap before
{Heap before GC invocations=11 (full 1):
 def new generation   total 5440K, used 3991K [0x03c00000, 0x041e0000, 0x09150000)
  eden space 4864K,  70% used [0x03c00000, 0x03f55e78, 0x040c0000)
  from space 576K, 100% used [0x040c0000, 0x04150000, 0x04150000)
  to   space 576K,   0% used [0x04150000, 0x04150000, 0x041e0000)
 tenured generation   total 11976K, used 10633K [0x09150000, 0x09d02000, 0x13c00000)
   the space 11976K,  88% used [0x09150000, 0x09bb2490, 0x09bb2600, 0x09d02000)
 Metaspace       used 3789K, capacity 4183K, committed 4288K, reserved 4480K
Event: 29.191 GC heap after
Heap after GC invocations=12 (full 1):
 def new generation   total 5440K, used 576K [0x03c00000, 0x041e0000, 0x09150000)
  eden space 4864K,   0% used [0x03c00000, 0x03c00000, 0x040c0000)
  from space 576K, 100% used [0x04150000, 0x041e0000, 0x041e0000)
  to   space 576K,   0% used [0x040c0000, 0x040c0000, 0x04150000)
 tenured generation   total 11976K, used 11076K [0x09150000, 0x09d02000, 0x13c00000)
   the space 11976K,  92% used [0x09150000, 0x09c211a8, 0x09c21200, 0x09d02000)
 Metaspace       used 3789K, capacity 4183K, committed 4288K, reserved 4480K
}
Event: 31.293 GC heap before
{Heap before GC invocations=12 (full 1):
 def new generation   total 5440K, used 5015K [0x03c00000, 0x041e0000, 0x09150000)
  eden space 4864K,  91% used [0x03c00000, 0x04055d38, 0x040c0000)
  from space 576K, 100% used [0x04150000, 0x041e0000, 0x041e0000)
  to   space 576K,   0% used [0x040c0000, 0x040c0000, 0x04150000)
 tenured generation   total 11976K, used 11076K [0x09150000, 0x09d02000, 0x13c00000)
   the space 11976K,  92% used [0x09150000, 0x09c211a8, 0x09c21200, 0x09d02000)
 Metaspace       used 3789K, capacity 4183K, committed 4288K, reserved 4480K

