# JRE version: Java(TM) SE Runtime Environment (8.0_181-b13) (build 1.8.0_181-b13)
# Java VM: Java HotSpot(TM) Client VM (25.181-b13 mixed mode windows-x86 )
Heap:
 def new generation   total 4928K, used 4491K [0x04000000, 0x04550000, 0x09550000)
  eden space 4416K,  90% used [0x04000000, 0x043e2c30, 0x04450000)
  from space 512K, 100% used [0x044d0000, 0x04550000, 0x04550000)
  to   space 512K,   0% used [0x04450000, 0x04450000, 0x044d0000)
 tenured generation   total 10944K, used 10073K [0x09550000, 0x0a000000, 0x14000000)
   the space 10944K,  92% used [0x09550000, 0x09f266f0, 0x09f26800, 0x0a000000)
 Metaspace       used 11000K, capacity 11222K, committed 11264K, reserved 11648K
GC Heap History (10 events):
Event: 3.774 GC heap before
{Heap before GC invocations=4 (full 0):
 def new generation   total 4928K, used 4588K [0x04000000, 0x04550000, 0x09550000)
  eden space 4416K, 100% used [0x04000000, 0x04450000, 0x04450000)
  from space 512K,  33% used [0x04450000, 0x0447b070, 0x044d0000)
  to   space 512K,   0% used [0x044d0000, 0x044d0000, 0x04550000)
 tenured generation   total 10944K, used 2837K [0x09550000, 0x0a000000, 0x14000000)
   the space 10944K,  25% used [0x09550000, 0x09815608, 0x09815800, 0x0a000000)
 Metaspace       used 7982K, capacity 8173K, committed 8320K, reserved 8576K
Event: 3.799 GC heap after
Heap after GC invocations=5 (full 0):
 def new generation   total 4928K, used 92K [0x04000000, 0x04550000, 0x09550000)
  eden space 4416K,   0% used [0x04000000, 0x04000000, 0x04450000)
  from space 512K,  18% used [0x044d0000, 0x044e71a8, 0x04550000)
  to   space 512K,   0% used [0x04450000, 0x04450000, 0x044d0000)
 tenured generation   total 10944K, used 6935K [0x09550000, 0x0a000000, 0x14000000)
   the space 10944K,  63% used [0x09550000, 0x09c15e18, 0x09c16000, 0x0a000000)
 Metaspace       used 7982K, capacity 8173K, committed 8320K, reserved 8576K
}
Event: 6.801 GC heap before
{Heap before GC invocations=5 (full 0):
 def new generation   total 4928K, used 4508K [0x04000000, 0x04550000, 0x09550000)
  eden space 4416K, 100% used [0x04000000, 0x04450000, 0x04450000)
  from space 512K,  18% used [0x044d0000, 0x044e71a8, 0x04550000)
  to   space 512K,   0% used [0x04450000, 0x04450000, 0x044d0000)
 tenured generation   total 10944K, used 6935K [0x09550000, 0x0a000000, 0x14000000)
   the space 10944K,  63% used [0x09550000, 0x09c15e18, 0x09c16000, 0x0a000000)
 Metaspace       used 9346K, capacity 9560K, committed 9600K, reserved 9600K
Event: 6.809 GC heap after
Heap after GC invocations=6 (full 0):
 def new generation   total 4928K, used 512K [0x04000000, 0x04550000, 0x09550000)
  eden space 4416K,   0% used [0x04000000, 0x04000000, 0x04450000)
  from space 512K, 100% used [0x04450000, 0x044d0000, 0x044d0000)
  to   space 512K,   0% used [0x044d0000, 0x044d0000, 0x04550000)
 tenured generation   total 10944K, used 7529K [0x09550000, 0x0a000000, 0x14000000)
   the space 10944K,  68% used [0x09550000, 0x09caa728, 0x09caa800, 0x0a000000)
 Metaspace       used 9346K, capacity 9560K, committed 9600K, reserved 9600K
}
Event: 6.925 GC heap before
{Heap before GC invocations=6 (full 0):
 def new generation   total 4928K, used 4928K [0x04000000, 0x04550000, 0x09550000)
  eden space 4416K, 100% used [0x04000000, 0x04450000, 0x04450000)
  from space 512K, 100% used [0x04450000, 0x044d0000, 0x044d0000)
  to   space 512K,   0% used [0x044d0000, 0x044d0000, 0x04550000)
 tenured generation   total 10944K, used 7529K [0x09550000, 0x0a000000, 0x14000000)
   the space 10944K,  68% used [0x09550000, 0x09caa728, 0x09caa800, 0x0a000000)
 Metaspace       used 9519K, capacity 9705K, committed 9856K, reserved 10624K
Event: 6.934 GC heap after
Heap after GC invocations=7 (full 0):
 def new generation   total 4928K, used 512K [0x04000000, 0x04550000, 0x09550000)
  eden space 4416K,   0% used [0x04000000, 0x04000000, 0x04450000)
  from space 512K, 100% used [0x044d0000, 0x04550000, 0x04550000)
  to   space 512K,   0% used [0x04450000, 0x04450000, 0x044d0000)
 tenured generation   total 10944K, used 8304K [0x09550000, 0x0a000000, 0x14000000)
   the space 10944K,  75% used [0x09550000, 0x09d6c2f8, 0x09d6c400, 0x0a000000)
 Metaspace       used 9519K, capacity 9705K, committed 9856K, reserved 10624K
}
Event: 7.063 GC heap before
{Heap before GC invocations=7 (full 0):
 def new generation   total 4928K, used 4928K [0x04000000, 0x04550000, 0x09550000)
  eden space 4416K, 100% used [0x04000000, 0x04450000, 0x04450000)
  from space 512K, 100% used [0x044d0000, 0x04550000, 0x04550000)
  to   space 512K,   0% used [0x04450000, 0x04450000, 0x044d0000)
 tenured generation   total 10944K, used 8304K [0x09550000, 0x0a000000, 0x14000000)
   the space 10944K,  75% used [0x09550000, 0x09d6c2f8, 0x09d6c400, 0x0a000000)
 Metaspace       used 9760K, capacity 9964K, committed 10112K, reserved 10624K
Event: 7.071 GC heap after
Heap after GC invocations=8 (full 0):
 def new generation   total 4928K, used 512K [0x04000000, 0x04550000, 0x09550000)
  eden space 4416K,   0% used [0x04000000, 0x04000000, 0x04450000)
  from space 512K, 100% used [0x04450000, 0x044d0000, 0x044d0000)
  to   space 512K,   0% used [0x044d0000, 0x044d0000, 0x04550000)
 tenured generation   total 10944K, used 9298K [0x09550000, 0x0a000000, 0x14000000)
   the space 10944K,  84% used [0x09550000, 0x09e64ba0, 0x09e64c00, 0x0a000000)
 Metaspace       used 9760K, capacity 9964K, committed 10112K, reserved 10624K
}
Event: 7.237 GC heap before
{Heap before GC invocations=8 (full 0):
 def new generation   total 4928K, used 4926K [0x04000000, 0x04550000, 0x09550000)
  eden space 4416K,  99% used [0x04000000, 0x0444f9e0, 0x04450000)
  from space 512K, 100% used [0x04450000, 0x044d0000, 0x044d0000)
  to   space 512K,   0% used [0x044d0000, 0x044d0000, 0x04550000)
 tenured generation   total 10944K, used 9298K [0x09550000, 0x0a000000, 0x14000000)
   the space 10944K,  84% used [0x09550000, 0x09e64ba0, 0x09e64c00, 0x0a000000)
 Metaspace       used 10459K, capacity 10675K, committed 10752K, reserved 11648K
Event: 7.244 GC heap after
Heap after GC invocations=9 (full 0):
 def new generation   total 4928K, used 512K [0x04000000, 0x04550000, 0x09550000)
  eden space 4416K,   0% used [0x04000000, 0x04000000, 0x04450000)
  from space 512K, 100% used [0x044d0000, 0x04550000, 0x04550000)
  to   space 512K,   0% used [0x04450000, 0x04450000, 0x044d0000)
 tenured generation   total 10944K, used 10073K [0x09550000, 0x0a000000, 0x14000000)
   the space 10944K,  92% used [0x09550000, 0x09f266f0, 0x09f26800, 0x0a000000)
 Metaspace       used 10459K, capacity 10675K, committed 10752K, reserved 11648K
}

