# JRE version: Java(TM) SE Runtime Environment (8.0_181-b13) (build 1.8.0_181-b13)
# Java VM: Java HotSpot(TM) Client VM (25.181-b13 mixed mode, sharing windows-x86 )
Heap:
 def new generation   total 8512K, used 4385K [0x03c00000, 0x04530000, 0x09150000)
  eden space 7616K,  57% used [0x03c00000, 0x04048548, 0x04370000)
  from space 896K,   0% used [0x04370000, 0x04370000, 0x04450000)
  to   space 896K,   0% used [0x04450000, 0x04450000, 0x04530000)
 tenured generation   total 18668K, used 11199K [0x09150000, 0x0a38b000, 0x13c00000)
   the space 18668K,  59% used [0x09150000, 0x09c3fff8, 0x09c40000, 0x0a38b000)
 Metaspace       used 3980K, capacity 4196K, committed 4288K, reserved 4480K
GC Heap History (10 events):
Event: 5.189 GC heap before
{Heap before GC invocations=5 (full 0):
 def new generation   total 4928K, used 4502K [0x03c00000, 0x04150000, 0x09150000)
  eden space 4416K, 100% used [0x03c00000, 0x04050000, 0x04050000)
  from space 512K,  16% used [0x040d0000, 0x040e5830, 0x04150000)
  to   space 512K,   0% used [0x04050000, 0x04050000, 0x040d0000)
 tenured generation   total 10944K, used 6819K [0x09150000, 0x09c00000, 0x13c00000)
   the space 10944K,  62% used [0x09150000, 0x097f8ed8, 0x097f9000, 0x09c00000)
 Metaspace       used 2113K, capacity 3058K, committed 3136K, reserved 4480K
Event: 5.197 GC heap after
Heap after GC invocations=6 (full 0):
 def new generation   total 4928K, used 512K [0x03c00000, 0x04150000, 0x09150000)
  eden space 4416K,   0% used [0x03c00000, 0x03c00000, 0x04050000)
  from space 512K, 100% used [0x04050000, 0x040d0000, 0x040d0000)
  to   space 512K,   0% used [0x040d0000, 0x040d0000, 0x04150000)
 tenured generation   total 10944K, used 7457K [0x09150000, 0x09c00000, 0x13c00000)
   the space 10944K,  68% used [0x09150000, 0x09898780, 0x09898800, 0x09c00000)
 Metaspace       used 2113K, capacity 3058K, committed 3136K, reserved 4480K
}
Event: 5.295 GC heap before
{Heap before GC invocations=6 (full 0):
 def new generation   total 4928K, used 4928K [0x03c00000, 0x04150000, 0x09150000)
  eden space 4416K, 100% used [0x03c00000, 0x04050000, 0x04050000)
  from space 512K, 100% used [0x04050000, 0x040d0000, 0x040d0000)
  to   space 512K,   0% used [0x040d0000, 0x040d0000, 0x04150000)
 tenured generation   total 10944K, used 7457K [0x09150000, 0x09c00000, 0x13c00000)
   the space 10944K,  68% used [0x09150000, 0x09898780, 0x09898800, 0x09c00000)
 Metaspace       used 2285K, capacity 3075K, committed 3136K, reserved 4480K
Event: 5.304 GC heap after
Heap after GC invocations=7 (full 0):
 def new generation   total 4928K, used 512K [0x03c00000, 0x04150000, 0x09150000)
  eden space 4416K,   0% used [0x03c00000, 0x03c00000, 0x04050000)
  from space 512K, 100% used [0x040d0000, 0x04150000, 0x04150000)
  to   space 512K,   0% used [0x04050000, 0x04050000, 0x040d0000)
 tenured generation   total 10944K, used 8335K [0x09150000, 0x09c00000, 0x13c00000)
   the space 10944K,  76% used [0x09150000, 0x09973c68, 0x09973e00, 0x09c00000)
 Metaspace       used 2285K, capacity 3075K, committed 3136K, reserved 4480K
}
Event: 5.430 GC heap before
{Heap before GC invocations=7 (full 0):
 def new generation   total 4928K, used 4928K [0x03c00000, 0x04150000, 0x09150000)
  eden space 4416K, 100% used [0x03c00000, 0x04050000, 0x04050000)
  from space 512K, 100% used [0x040d0000, 0x04150000, 0x04150000)
  to   space 512K,   0% used [0x04050000, 0x04050000, 0x040d0000)
 tenured generation   total 10944K, used 8335K [0x09150000, 0x09c00000, 0x13c00000)
   the space 10944K,  76% used [0x09150000, 0x09973c68, 0x09973e00, 0x09c00000)
 Metaspace       used 2485K, capacity 3238K, committed 3264K, reserved 4480K
Event: 5.438 GC heap after
Heap after GC invocations=8 (full 0):
 def new generation   total 4928K, used 512K [0x03c00000, 0x04150000, 0x09150000)
  eden space 4416K,   0% used [0x03c00000, 0x03c00000, 0x04050000)
  from space 512K, 100% used [0x04050000, 0x040d0000, 0x040d0000)
  to   space 512K,   0% used [0x040d0000, 0x040d0000, 0x04150000)
 tenured generation   total 10944K, used 9167K [0x09150000, 0x09c00000, 0x13c00000)
   the space 10944K,  83% used [0x09150000, 0x09a43fb0, 0x09a44000, 0x09c00000)
 Metaspace       used 2485K, capacity 3238K, committed 3264K, reserved 4480K
}
Event: 5.604 GC heap before
{Heap before GC invocations=8 (full 0):
 def new generation   total 4928K, used 4928K [0x03c00000, 0x04150000, 0x09150000)
  eden space 4416K, 100% used [0x03c00000, 0x04050000, 0x04050000)
  from space 512K, 100% used [0x04050000, 0x040d0000, 0x040d0000)
  to   space 512K,   0% used [0x040d0000, 0x040d0000, 0x04150000)
 tenured generation   total 10944K, used 9167K [0x09150000, 0x09c00000, 0x13c00000)
   the space 10944K,  83% used [0x09150000, 0x09a43fb0, 0x09a44000, 0x09c00000)
 Metaspace       used 3164K, capacity 3693K, committed 3776K, reserved 4480K
Event: 5.611 GC heap after
Heap after GC invocations=9 (full 0):
 def new generation   total 4928K, used 512K [0x03c00000, 0x04150000, 0x09150000)
  eden space 4416K,   0% used [0x03c00000, 0x03c00000, 0x04050000)
  from space 512K, 100% used [0x040d0000, 0x04150000, 0x04150000)
  to   space 512K,   0% used [0x04050000, 0x04050000, 0x040d0000)
 tenured generation   total 10944K, used 9965K [0x09150000, 0x09c00000, 0x13c00000)
   the space 10944K,  91% used [0x09150000, 0x09b0b780, 0x09b0b800, 0x09c00000)
 Metaspace       used 3164K, capacity 3693K, committed 3776K, reserved 4480K
}
Event: 19.800 GC heap before
{Heap before GC invocations=9 (full 0):
 def new generation   total 4928K, used 4928K [0x03c00000, 0x04150000, 0x09150000)
  eden space 4416K, 100% used [0x03c00000, 0x04050000, 0x04050000)
  from space 512K, 100% used [0x040d0000, 0x04150000, 0x04150000)
  to   space 512K,   0% used [0x04050000, 0x04050000, 0x040d0000)
 tenured generation   total 10944K, used 9965K [0x09150000, 0x09c00000, 0x13c00000)
   the space 10944K,  91% used [0x09150000, 0x09b0b780, 0x09b0b800, 0x09c00000)
 Metaspace       used 3809K, capacity 4181K, committed 4288K, reserved 4480K
Event: 19.899 GC heap after
Heap after GC invocations=10 (full 1):
 def new generation   total 8512K, used 202K [0x03c00000, 0x04530000, 0x09150000)
  eden space 7616K,   2% used [0x03c00000, 0x03c32918, 0x04370000)
  from space 896K,   0% used [0x04370000, 0x04370000, 0x04450000)
  to   space 896K,   0% used [0x04450000, 0x04450000, 0x04530000)
 tenured generation   total 18668K, used 11199K [0x09150000, 0x0a38b000, 0x13c00000)
   the space 18668K,  59% used [0x09150000, 0x09c3fff8, 0x09c40000, 0x0a38b000)
 Metaspace       used 3805K, capacity 4168K, committed 4288K, reserved 4480K
}

