# JRE version: Java(TM) SE Runtime Environment (8.0_181-b13) (build 1.8.0_181-b13)
# Java VM: Java HotSpot(TM) Client VM (25.181-b13 mixed mode, sharing windows-x86 )
Heap:
 def new generation   total 5440K, used 2061K [0x03e00000, 0x043e0000, 0x09350000)
  eden space 4864K,  30% used [0x03e00000, 0x03f73798, 0x042c0000)
  from space 576K, 100% used [0x042c0000, 0x04350000, 0x04350000)
  to   space 576K,   0% used [0x04350000, 0x04350000, 0x043e0000)
 tenured generation   total 11964K, used 10678K [0x09350000, 0x09eff000, 0x13e00000)
   the space 11964K,  89% used [0x09350000, 0x09dbdaf8, 0x09dbdc00, 0x09eff000)
 Metaspace       used 3629K, capacity 4080K, committed 4160K, reserved 4480K
GC Heap History (10 events):
Event: 8.642 GC heap before
{Heap before GC invocations=6 (full 0):
 def new generation   total 4928K, used 4602K [0x03e00000, 0x04350000, 0x09350000)
  eden space 4416K, 100% used [0x03e00000, 0x04250000, 0x04250000)
  from space 512K,  36% used [0x04250000, 0x0427e940, 0x042d0000)
  to   space 512K,   0% used [0x042d0000, 0x042d0000, 0x04350000)
 tenured generation   total 10944K, used 6982K [0x09350000, 0x09e00000, 0x13e00000)
   the space 10944K,  63% used [0x09350000, 0x09a21ab0, 0x09a21c00, 0x09e00000)
 Metaspace       used 1252K, capacity 2791K, committed 2880K, reserved 4480K
Event: 8.717 GC heap after
Heap after GC invocations=7 (full 1):
 def new generation   total 5440K, used 0K [0x03e00000, 0x043e0000, 0x09350000)
  eden space 4864K,   0% used [0x03e00000, 0x03e00000, 0x042c0000)
  from space 576K,   0% used [0x042c0000, 0x042c0000, 0x04350000)
  to   space 576K,   0% used [0x04350000, 0x04350000, 0x043e0000)
 tenured generation   total 11964K, used 7176K [0x09350000, 0x09eff000, 0x13e00000)
   the space 11964K,  59% used [0x09350000, 0x09a52018, 0x09a52200, 0x09eff000)
 Metaspace       used 1252K, capacity 2791K, committed 2880K, reserved 4480K
}
Event: 10.759 GC heap before
{Heap before GC invocations=7 (full 1):
 def new generation   total 5440K, used 4864K [0x03e00000, 0x043e0000, 0x09350000)
  eden space 4864K, 100% used [0x03e00000, 0x042c0000, 0x042c0000)
  from space 576K,   0% used [0x042c0000, 0x042c0000, 0x04350000)
  to   space 576K,   0% used [0x04350000, 0x04350000, 0x043e0000)
 tenured generation   total 11964K, used 7176K [0x09350000, 0x09eff000, 0x13e00000)
   the space 11964K,  59% used [0x09350000, 0x09a52018, 0x09a52200, 0x09eff000)
 Metaspace       used 2285K, capacity 3065K, committed 3136K, reserved 4480K
Event: 10.768 GC heap after
Heap after GC invocations=8 (full 1):
 def new generation   total 5440K, used 576K [0x03e00000, 0x043e0000, 0x09350000)
  eden space 4864K,   0% used [0x03e00000, 0x03e00000, 0x042c0000)
  from space 576K, 100% used [0x04350000, 0x043e0000, 0x043e0000)
  to   space 576K,   0% used [0x042c0000, 0x042c0000, 0x04350000)
 tenured generation   total 11964K, used 7757K [0x09350000, 0x09eff000, 0x13e00000)
   the space 11964K,  64% used [0x09350000, 0x09ae3728, 0x09ae3800, 0x09eff000)
 Metaspace       used 2285K, capacity 3065K, committed 3136K, reserved 4480K
}
Event: 10.861 GC heap before
{Heap before GC invocations=8 (full 1):
 def new generation   total 5440K, used 5440K [0x03e00000, 0x043e0000, 0x09350000)
  eden space 4864K, 100% used [0x03e00000, 0x042c0000, 0x042c0000)
  from space 576K, 100% used [0x04350000, 0x043e0000, 0x043e0000)
  to   space 576K,   0% used [0x042c0000, 0x042c0000, 0x04350000)
 tenured generation   total 11964K, used 7757K [0x09350000, 0x09eff000, 0x13e00000)
   the space 11964K,  64% used [0x09350000, 0x09ae3728, 0x09ae3800, 0x09eff000)
 Metaspace       used 2382K, capacity 3110K, committed 3136K, reserved 4480K
Event: 10.867 GC heap after
Heap after GC invocations=9 (full 1):
 def new generation   total 5440K, used 576K [0x03e00000, 0x043e0000, 0x09350000)
  eden space 4864K,   0% used [0x03e00000, 0x03e00000, 0x042c0000)
  from space 576K, 100% used [0x042c0000, 0x04350000, 0x04350000)
  to   space 576K,   0% used [0x04350000, 0x04350000, 0x043e0000)
 tenured generation   total 11964K, used 8380K [0x09350000, 0x09eff000, 0x13e00000)
   the space 11964K,  70% used [0x09350000, 0x09b7f330, 0x09b7f400, 0x09eff000)
 Metaspace       used 2382K, capacity 3110K, committed 3136K, reserved 4480K
}
Event: 11.076 GC heap before
{Heap before GC invocations=9 (full 1):
 def new generation   total 5440K, used 5440K [0x03e00000, 0x043e0000, 0x09350000)
  eden space 4864K, 100% used [0x03e00000, 0x042c0000, 0x042c0000)
  from space 576K, 100% used [0x042c0000, 0x04350000, 0x04350000)
  to   space 576K,   0% used [0x04350000, 0x04350000, 0x043e0000)
 tenured generation   total 11964K, used 8380K [0x09350000, 0x09eff000, 0x13e00000)
   the space 11964K,  70% used [0x09350000, 0x09b7f330, 0x09b7f400, 0x09eff000)
 Metaspace       used 2976K, capacity 3501K, committed 3520K, reserved 4480K
Event: 11.085 GC heap after
Heap after GC invocations=10 (full 1):
 def new generation   total 5440K, used 576K [0x03e00000, 0x043e0000, 0x09350000)
  eden space 4864K,   0% used [0x03e00000, 0x03e00000, 0x042c0000)
  from space 576K, 100% used [0x04350000, 0x043e0000, 0x043e0000)
  to   space 576K,   0% used [0x042c0000, 0x042c0000, 0x04350000)
 tenured generation   total 11964K, used 9716K [0x09350000, 0x09eff000, 0x13e00000)
   the space 11964K,  81% used [0x09350000, 0x09ccd1c0, 0x09ccd200, 0x09eff000)
 Metaspace       used 2976K, capacity 3501K, committed 3520K, reserved 4480K
}
Event: 12.859 GC heap before
{Heap before GC invocations=10 (full 1):
 def new generation   total 5440K, used 5438K [0x03e00000, 0x043e0000, 0x09350000)
  eden space 4864K,  99% used [0x03e00000, 0x042bf940, 0x042c0000)
  from space 576K, 100% used [0x04350000, 0x043e0000, 0x043e0000)
  to   space 576K,   0% used [0x042c0000, 0x042c0000, 0x04350000)
 tenured generation   total 11964K, used 9716K [0x09350000, 0x09eff000, 0x13e00000)
   the space 11964K,  81% used [0x09350000, 0x09ccd1c0, 0x09ccd200, 0x09eff000)
 Metaspace       used 3618K, capacity 4080K, committed 4160K, reserved 4480K
Event: 12.865 GC heap after
Heap after GC invocations=11 (full 1):
 def new generation   total 5440K, used 576K [0x03e00000, 0x043e0000, 0x09350000)
  eden space 4864K,   0% used [0x03e00000, 0x03e00000, 0x042c0000)
  from space 576K, 100% used [0x042c0000, 0x04350000, 0x04350000)
  to   space 576K,   0% used [0x04350000, 0x04350000, 0x043e0000)
 tenured generation   total 11964K, used 10678K [0x09350000, 0x09eff000, 0x13e00000)
   the space 11964K,  89% used [0x09350000, 0x09dbdaf8, 0x09dbdc00, 0x09eff000)
 Metaspace       used 3618K, capacity 4080K, committed 4160K, reserved 4480K
}

