# JRE version: Java(TM) SE Runtime Environment (8.0_181-b13) (build 1.8.0_181-b13)
# Java VM: Java HotSpot(TM) Client VM (25.181-b13 mixed mode, sharing windows-x86 )
Heap:
 def new generation   total 8256K, used 4013K [0x03e00000, 0x046f0000, 0x09350000)
  eden space 7360K,  54% used [0x03e00000, 0x041eb600, 0x04530000)
  from space 896K,   0% used [0x04530000, 0x04530000, 0x04610000)
  to   space 896K,   0% used [0x04610000, 0x04610000, 0x046f0000)
 tenured generation   total 18216K, used 10928K [0x09350000, 0x0a51a000, 0x13e00000)
   the space 18216K,  59% used [0x09350000, 0x09dfc1b8, 0x09dfc200, 0x0a51a000)
 Metaspace       used 3812K, capacity 4146K, committed 4288K, reserved 4480K
GC Heap History (10 events):
Event: 5.419 GC heap before
{Heap before GC invocations=5 (full 0):
 def new generation   total 4928K, used 4504K [0x03e00000, 0x04350000, 0x09350000)
  eden space 4416K,  99% used [0x03e00000, 0x0424faf0, 0x04250000)
  from space 512K,  17% used [0x042d0000, 0x042e67c0, 0x04350000)
  to   space 512K,   0% used [0x04250000, 0x04250000, 0x042d0000)
 tenured generation   total 10944K, used 6815K [0x09350000, 0x09e00000, 0x13e00000)
   the space 10944K,  62% used [0x09350000, 0x099f7e00, 0x099f7e00, 0x09e00000)
 Metaspace       used 2078K, capacity 3055K, committed 3136K, reserved 4480K
Event: 5.428 GC heap after
Heap after GC invocations=6 (full 0):
 def new generation   total 4928K, used 512K [0x03e00000, 0x04350000, 0x09350000)
  eden space 4416K,   0% used [0x03e00000, 0x03e00000, 0x04250000)
  from space 512K, 100% used [0x04250000, 0x042d0000, 0x042d0000)
  to   space 512K,   0% used [0x042d0000, 0x042d0000, 0x04350000)
 tenured generation   total 10944K, used 7580K [0x09350000, 0x09e00000, 0x13e00000)
   the space 10944K,  69% used [0x09350000, 0x09ab73d0, 0x09ab7400, 0x09e00000)
 Metaspace       used 2078K, capacity 3055K, committed 3136K, reserved 4480K
}
Event: 5.539 GC heap before
{Heap before GC invocations=6 (full 0):
 def new generation   total 4928K, used 4928K [0x03e00000, 0x04350000, 0x09350000)
  eden space 4416K, 100% used [0x03e00000, 0x04250000, 0x04250000)
  from space 512K, 100% used [0x04250000, 0x042d0000, 0x042d0000)
  to   space 512K,   0% used [0x042d0000, 0x042d0000, 0x04350000)
 tenured generation   total 10944K, used 7580K [0x09350000, 0x09e00000, 0x13e00000)
   the space 10944K,  69% used [0x09350000, 0x09ab73d0, 0x09ab7400, 0x09e00000)
 Metaspace       used 2305K, capacity 3075K, committed 3136K, reserved 4480K
Event: 5.548 GC heap after
Heap after GC invocations=7 (full 0):
 def new generation   total 4928K, used 512K [0x03e00000, 0x04350000, 0x09350000)
  eden space 4416K,   0% used [0x03e00000, 0x03e00000, 0x04250000)
  from space 512K, 100% used [0x042d0000, 0x04350000, 0x04350000)
  to   space 512K,   0% used [0x04250000, 0x04250000, 0x042d0000)
 tenured generation   total 10944K, used 8507K [0x09350000, 0x09e00000, 0x13e00000)
   the space 10944K,  77% used [0x09350000, 0x09b9ed78, 0x09b9ee00, 0x09e00000)
 Metaspace       used 2305K, capacity 3075K, committed 3136K, reserved 4480K
}
Event: 5.660 GC heap before
{Heap before GC invocations=7 (full 0):
 def new generation   total 4928K, used 4928K [0x03e00000, 0x04350000, 0x09350000)
  eden space 4416K, 100% used [0x03e00000, 0x04250000, 0x04250000)
  from space 512K, 100% used [0x042d0000, 0x04350000, 0x04350000)
  to   space 512K,   0% used [0x04250000, 0x04250000, 0x042d0000)
 tenured generation   total 10944K, used 8507K [0x09350000, 0x09e00000, 0x13e00000)
   the space 10944K,  77% used [0x09350000, 0x09b9ed78, 0x09b9ee00, 0x09e00000)
 Metaspace       used 2464K, capacity 3206K, committed 3264K, reserved 4480K
Event: 5.669 GC heap after
Heap after GC invocations=8 (full 0):
 def new generation   total 4928K, used 512K [0x03e00000, 0x04350000, 0x09350000)
  eden space 4416K,   0% used [0x03e00000, 0x03e00000, 0x04250000)
  from space 512K, 100% used [0x04250000, 0x042d0000, 0x042d0000)
  to   space 512K,   0% used [0x042d0000, 0x042d0000, 0x04350000)
 tenured generation   total 10944K, used 9327K [0x09350000, 0x09e00000, 0x13e00000)
   the space 10944K,  85% used [0x09350000, 0x09c6bf90, 0x09c6c000, 0x09e00000)
 Metaspace       used 2464K, capacity 3206K, committed 3264K, reserved 4480K
}
Event: 5.838 GC heap before
{Heap before GC invocations=8 (full 0):
 def new generation   total 4928K, used 4928K [0x03e00000, 0x04350000, 0x09350000)
  eden space 4416K, 100% used [0x03e00000, 0x04250000, 0x04250000)
  from space 512K, 100% used [0x04250000, 0x042d0000, 0x042d0000)
  to   space 512K,   0% used [0x042d0000, 0x042d0000, 0x04350000)
 tenured generation   total 10944K, used 9327K [0x09350000, 0x09e00000, 0x13e00000)
   the space 10944K,  85% used [0x09350000, 0x09c6bf90, 0x09c6c000, 0x09e00000)
 Metaspace       used 3145K, capacity 3661K, committed 3776K, reserved 4480K
Event: 5.844 GC heap after
Heap after GC invocations=9 (full 0):
 def new generation   total 4928K, used 512K [0x03e00000, 0x04350000, 0x09350000)
  eden space 4416K,   0% used [0x03e00000, 0x03e00000, 0x04250000)
  from space 512K, 100% used [0x042d0000, 0x04350000, 0x04350000)
  to   space 512K,   0% used [0x04250000, 0x04250000, 0x042d0000)
 tenured generation   total 10944K, used 10132K [0x09350000, 0x09e00000, 0x13e00000)
   the space 10944K,  92% used [0x09350000, 0x09d35258, 0x09d35400, 0x09e00000)
 Metaspace       used 3145K, capacity 3661K, committed 3776K, reserved 4480K
}
Event: 22.082 GC heap before
{Heap before GC invocations=9 (full 0):
 def new generation   total 4928K, used 4928K [0x03e00000, 0x04350000, 0x09350000)
  eden space 4416K, 100% used [0x03e00000, 0x04250000, 0x04250000)
  from space 512K, 100% used [0x042d0000, 0x04350000, 0x04350000)
  to   space 512K,   0% used [0x04250000, 0x04250000, 0x042d0000)
 tenured generation   total 10944K, used 10132K [0x09350000, 0x09e00000, 0x13e00000)
   the space 10944K,  92% used [0x09350000, 0x09d35258, 0x09d35400, 0x09e00000)
 Metaspace       used 3719K, capacity 4181K, committed 4288K, reserved 4480K
Event: 22.127 GC heap after
Heap after GC invocations=10 (full 1):
 def new generation   total 8256K, used 345K [0x03e00000, 0x046f0000, 0x09350000)
  eden space 7360K,   4% used [0x03e00000, 0x03e56558, 0x04530000)
  from space 896K,   0% used [0x04530000, 0x04530000, 0x04610000)
  to   space 896K,   0% used [0x04610000, 0x04610000, 0x046f0000)
 tenured generation   total 18216K, used 10928K [0x09350000, 0x0a51a000, 0x13e00000)
   the space 18216K,  59% used [0x09350000, 0x09dfc1b8, 0x09dfc200, 0x0a51a000)
 Metaspace       used 3696K, capacity 4143K, committed 4288K, reserved 4480K
}

