# JRE version: Java(TM) SE Runtime Environment (8.0_181-b13) (build 1.8.0_181-b13)
# Java VM: Java HotSpot(TM) Client VM (25.181-b13 mixed mode, sharing windows-x86 )
Heap:
 def new generation   total 5440K, used 49K [0x03c00000, 0x041e0000, 0x09150000)
  eden space 4864K,   0% used [0x03c00000, 0x03c00000, 0x040c0000)
  from space 576K,   8% used [0x04150000, 0x0415c560, 0x041e0000)
  to   space 576K,   0% used [0x040c0000, 0x040c0000, 0x04150000)
 tenured generation   total 16068K, used 15792K [0x09150000, 0x0a101000, 0x13c00000)
   the space 16068K,  98% used [0x09150000, 0x0a0bc090, 0x0a0bc200, 0x0a101000)
 Metaspace       used 3764K, capacity 4146K, committed 4288K, reserved 4480K
GC Heap History (10 events):
Event: 17.443 GC heap after
Heap after GC invocations=11 (full 1):
 def new generation   total 5440K, used 576K [0x03c00000, 0x041e0000, 0x09150000)
  eden space 4864K,   0% used [0x03c00000, 0x03c00000, 0x040c0000)
  from space 576K, 100% used [0x040c0000, 0x04150000, 0x04150000)
  to   space 576K,   0% used [0x04150000, 0x04150000, 0x041e0000)
 tenured generation   total 11968K, used 10622K [0x09150000, 0x09d00000, 0x13c00000)
   the space 11968K,  88% used [0x09150000, 0x09bafaa0, 0x09bafc00, 0x09d00000)
 Metaspace       used 3608K, capacity 4077K, committed 4160K, reserved 4480K
}
Event: 28.738 GC heap before
{Heap before GC invocations=11 (full 1):
 def new generation   total 5440K, used 3819K [0x03c00000, 0x041e0000, 0x09150000)
  eden space 4864K,  66% used [0x03c00000, 0x03f2ad40, 0x040c0000)
  from space 576K, 100% used [0x040c0000, 0x04150000, 0x04150000)
  to   space 576K,   0% used [0x04150000, 0x04150000, 0x041e0000)
 tenured generation   total 11968K, used 10622K [0x09150000, 0x09d00000, 0x13c00000)
   the space 11968K,  88% used [0x09150000, 0x09bafaa0, 0x09bafc00, 0x09d00000)
 Metaspace       used 3780K, capacity 4183K, committed 4288K, reserved 4480K
Event: 28.744 GC heap after
Heap after GC invocations=12 (full 1):
 def new generation   total 5440K, used 561K [0x03c00000, 0x041e0000, 0x09150000)
  eden space 4864K,   0% used [0x03c00000, 0x03c00000, 0x040c0000)
  from space 576K,  97% used [0x04150000, 0x041dc550, 0x041e0000)
  to   space 576K,   0% used [0x040c0000, 0x040c0000, 0x04150000)
 tenured generation   total 11968K, used 11044K [0x09150000, 0x09d00000, 0x13c00000)
   the space 11968K,  92% used [0x09150000, 0x09c19388, 0x09c19400, 0x09d00000)
 Metaspace       used 3780K, capacity 4183K, committed 4288K, reserved 4480K
}
Event: 30.515 GC heap before
{Heap before GC invocations=12 (full 1):
 def new generation   total 5440K, used 5178K [0x03c00000, 0x041e0000, 0x09150000)
  eden space 4864K,  94% used [0x03c00000, 0x040823d8, 0x040c0000)
  from space 576K,  97% used [0x04150000, 0x041dc550, 0x041e0000)
  to   space 576K,   0% used [0x040c0000, 0x040c0000, 0x04150000)
 tenured generation   total 11968K, used 11044K [0x09150000, 0x09d00000, 0x13c00000)
   the space 11968K,  92% used [0x09150000, 0x09c19388, 0x09c19400, 0x09d00000)
 Metaspace       used 3780K, capacity 4183K, committed 4288K, reserved 4480K
Event: 30.564 GC heap after
Heap after GC invocations=13 (full 2):
 def new generation   total 5440K, used 0K [0x03c00000, 0x041e0000, 0x09150000)
  eden space 4864K,   0% used [0x03c00000, 0x03c00000, 0x040c0000)
  from space 576K,   0% used [0x040c0000, 0x040c0000, 0x04150000)
  to   space 576K,   0% used [0x04150000, 0x04150000, 0x041e0000)
 tenured generation   total 11968K, used 6945K [0x09150000, 0x09d00000, 0x13c00000)
   the space 11968K,  58% used [0x09150000, 0x098186e0, 0x09818800, 0x09d00000)
 Metaspace       used 3756K, capacity 4146K, committed 4288K, reserved 4480K
}
Event: 133.619 GC heap before
{Heap before GC invocations=13 (full 2):
 def new generation   total 5440K, used 4771K [0x03c00000, 0x041e0000, 0x09150000)
  eden space 4864K,  98% used [0x03c00000, 0x040a8ea0, 0x040c0000)
  from space 576K,   0% used [0x040c0000, 0x040c0000, 0x04150000)
  to   space 576K,   0% used [0x04150000, 0x04150000, 0x041e0000)
 tenured generation   total 11968K, used 6945K [0x09150000, 0x09d00000, 0x13c00000)
   the space 11968K,  58% used [0x09150000, 0x098186e0, 0x09818800, 0x09d00000)
 Metaspace       used 3762K, capacity 4146K, committed 4288K, reserved 4480K
Event: 133.623 GC heap after
Heap after GC invocations=14 (full 2):
 def new generation   total 5440K, used 138K [0x03c00000, 0x041e0000, 0x09150000)
  eden space 4864K,   0% used [0x03c00000, 0x03c00000, 0x040c0000)
  from space 576K,  24% used [0x04150000, 0x04172b60, 0x041e0000)
  to   space 576K,   0% used [0x040c0000, 0x040c0000, 0x04150000)
 tenured generation   total 11968K, used 11043K [0x09150000, 0x09d00000, 0x13c00000)
   the space 11968K,  92% used [0x09150000, 0x09c18ef0, 0x09c19000, 0x09d00000)
 Metaspace       used 3762K, capacity 4146K, committed 4288K, reserved 4480K
}
Event: 151.342 GC heap before
{Heap before GC invocations=14 (full 2):
 def new generation   total 5440K, used 3377K [0x03c00000, 0x041e0000, 0x09150000)
  eden space 4864K,  66% used [0x03c00000, 0x03f299d8, 0x040c0000)
  from space 576K,  24% used [0x04150000, 0x04172b60, 0x041e0000)
  to   space 576K,   0% used [0x040c0000, 0x040c0000, 0x04150000)
 tenured generation   total 11968K, used 11043K [0x09150000, 0x09d00000, 0x13c00000)
   the space 11968K,  92% used [0x09150000, 0x09c18ef0, 0x09c19000, 0x09d00000)
 Metaspace       used 3764K, capacity 4146K, committed 4288K, reserved 4480K
Event: 151.344 GC heap after
Heap after GC invocations=15 (full 2):
 def new generation   total 5440K, used 395K [0x03c00000, 0x041e0000, 0x09150000)
  eden space 4864K,   0% used [0x03c00000, 0x03c00000, 0x040c0000)
  from space 576K,  68% used [0x040c0000, 0x04122c50, 0x04150000)
  to   space 576K,   0% used [0x04150000, 0x04150000, 0x041e0000)
 tenured generation   total 11968K, used 11331K [0x09150000, 0x09d00000, 0x13c00000)
   the space 11968K,  94% used [0x09150000, 0x09c60f00, 0x09c61000, 0x09d00000)
 Metaspace       used 3764K, capacity 4146K, committed 4288K, reserved 4480K
}
Event: 156.233 GC heap before
{Heap before GC invocations=15 (full 2):
 def new generation   total 5440K, used 5259K [0x03c00000, 0x041e0000, 0x09150000)
  eden space 4864K, 100% used [0x03c00000, 0x040c0000, 0x040c0000)
  from space 576K,  68% used [0x040c0000, 0x04122c50, 0x04150000)
  to   space 576K,   0% used [0x04150000, 0x04150000, 0x041e0000)
 tenured generation   total 11968K, used 11331K [0x09150000, 0x09d00000, 0x13c00000)
   the space 11968K,  94% used [0x09150000, 0x09c60f00, 0x09c61000, 0x09d00000)
 Metaspace       used 3764K, capacity 4146K, committed 4288K, reserved 4480K

