# JRE version: Java(TM) SE Runtime Environment (8.0_181-b13) (build 1.8.0_181-b13)
# Java VM: Java HotSpot(TM) Client VM (25.181-b13 mixed mode, sharing windows-x86 )
Heap:
 def new generation   total 5504K, used 2129K [0x03e00000, 0x043f0000, 0x09350000)
  eden space 4928K,  31% used [0x03e00000, 0x03f84580, 0x042d0000)
  from space 576K, 100% used [0x042d0000, 0x04360000, 0x04360000)
  to   space 576K,   0% used [0x04360000, 0x04360000, 0x043f0000)
 tenured generation   total 12016K, used 10644K [0x09350000, 0x09f0c000, 0x13e00000)
   the space 12016K,  88% used [0x09350000, 0x09db5118, 0x09db5200, 0x09f0c000)
 Metaspace       used 3619K, capacity 4080K, committed 4160K, reserved 4480K
GC Heap History (10 events):
Event: 5.554 GC heap before
{Heap before GC invocations=6 (full 0):
 def new generation   total 4928K, used 4602K [0x03e00000, 0x04350000, 0x09350000)
  eden space 4416K, 100% used [0x03e00000, 0x04250000, 0x04250000)
  from space 512K,  36% used [0x04250000, 0x0427ea10, 0x042d0000)
  to   space 512K,   0% used [0x042d0000, 0x042d0000, 0x04350000)
 tenured generation   total 10944K, used 7003K [0x09350000, 0x09e00000, 0x13e00000)
   the space 10944K,  63% used [0x09350000, 0x09a26db0, 0x09a26e00, 0x09e00000)
 Metaspace       used 1258K, capacity 2791K, committed 2880K, reserved 4480K
Event: 5.583 GC heap after
Heap after GC invocations=7 (full 1):
 def new generation   total 5504K, used 0K [0x03e00000, 0x043f0000, 0x09350000)
  eden space 4928K,   0% used [0x03e00000, 0x03e00000, 0x042d0000)
  from space 576K,   0% used [0x042d0000, 0x042d0000, 0x04360000)
  to   space 576K,   0% used [0x04360000, 0x04360000, 0x043f0000)
 tenured generation   total 12016K, used 7208K [0x09350000, 0x09f0c000, 0x13e00000)
   the space 12016K,  59% used [0x09350000, 0x09a5a2a0, 0x09a5a400, 0x09f0c000)
 Metaspace       used 1258K, capacity 2791K, committed 2880K, reserved 4480K
}
Event: 6.330 GC heap before
{Heap before GC invocations=7 (full 1):
 def new generation   total 5504K, used 4928K [0x03e00000, 0x043f0000, 0x09350000)
  eden space 4928K, 100% used [0x03e00000, 0x042d0000, 0x042d0000)
  from space 576K,   0% used [0x042d0000, 0x042d0000, 0x04360000)
  to   space 576K,   0% used [0x04360000, 0x04360000, 0x043f0000)
 tenured generation   total 12016K, used 7208K [0x09350000, 0x09f0c000, 0x13e00000)
   the space 12016K,  59% used [0x09350000, 0x09a5a2a0, 0x09a5a400, 0x09f0c000)
 Metaspace       used 2280K, capacity 3070K, committed 3136K, reserved 4480K
Event: 6.338 GC heap after
Heap after GC invocations=8 (full 1):
 def new generation   total 5504K, used 576K [0x03e00000, 0x043f0000, 0x09350000)
  eden space 4928K,   0% used [0x03e00000, 0x03e00000, 0x042d0000)
  from space 576K, 100% used [0x04360000, 0x043f0000, 0x043f0000)
  to   space 576K,   0% used [0x042d0000, 0x042d0000, 0x04360000)
 tenured generation   total 12016K, used 7809K [0x09350000, 0x09f0c000, 0x13e00000)
   the space 12016K,  64% used [0x09350000, 0x09af0738, 0x09af0800, 0x09f0c000)
 Metaspace       used 2280K, capacity 3070K, committed 3136K, reserved 4480K
}
Event: 6.450 GC heap before
{Heap before GC invocations=8 (full 1):
 def new generation   total 5504K, used 5504K [0x03e00000, 0x043f0000, 0x09350000)
  eden space 4928K, 100% used [0x03e00000, 0x042d0000, 0x042d0000)
  from space 576K, 100% used [0x04360000, 0x043f0000, 0x043f0000)
  to   space 576K,   0% used [0x042d0000, 0x042d0000, 0x04360000)
 tenured generation   total 12016K, used 7809K [0x09350000, 0x09f0c000, 0x13e00000)
   the space 12016K,  64% used [0x09350000, 0x09af0738, 0x09af0800, 0x09f0c000)
 Metaspace       used 2373K, capacity 3110K, committed 3136K, reserved 4480K
Event: 6.456 GC heap after
Heap after GC invocations=9 (full 1):
 def new generation   total 5504K, used 575K [0x03e00000, 0x043f0000, 0x09350000)
  eden space 4928K,   0% used [0x03e00000, 0x03e00000, 0x042d0000)
  from space 576K,  99% used [0x042d0000, 0x0435fff8, 0x04360000)
  to   space 576K,   0% used [0x04360000, 0x04360000, 0x043f0000)
 tenured generation   total 12016K, used 8465K [0x09350000, 0x09f0c000, 0x13e00000)
   the space 12016K,  70% used [0x09350000, 0x09b94450, 0x09b94600, 0x09f0c000)
 Metaspace       used 2373K, capacity 3110K, committed 3136K, reserved 4480K
}
Event: 6.669 GC heap before
{Heap before GC invocations=9 (full 1):
 def new generation   total 5504K, used 5503K [0x03e00000, 0x043f0000, 0x09350000)
  eden space 4928K, 100% used [0x03e00000, 0x042d0000, 0x042d0000)
  from space 576K,  99% used [0x042d0000, 0x0435fff8, 0x04360000)
  to   space 576K,   0% used [0x04360000, 0x04360000, 0x043f0000)
 tenured generation   total 12016K, used 8465K [0x09350000, 0x09f0c000, 0x13e00000)
   the space 12016K,  70% used [0x09350000, 0x09b94450, 0x09b94600, 0x09f0c000)
 Metaspace       used 3016K, capacity 3533K, committed 3648K, reserved 4480K
Event: 6.677 GC heap after
Heap after GC invocations=10 (full 1):
 def new generation   total 5504K, used 576K [0x03e00000, 0x043f0000, 0x09350000)
  eden space 4928K,   0% used [0x03e00000, 0x03e00000, 0x042d0000)
  from space 576K, 100% used [0x04360000, 0x043f0000, 0x043f0000)
  to   space 576K,   0% used [0x042d0000, 0x042d0000, 0x04360000)
 tenured generation   total 12016K, used 9806K [0x09350000, 0x09f0c000, 0x13e00000)
   the space 12016K,  81% used [0x09350000, 0x09ce3898, 0x09ce3a00, 0x09f0c000)
 Metaspace       used 3016K, capacity 3533K, committed 3648K, reserved 4480K
}
Event: 11.761 GC heap before
{Heap before GC invocations=10 (full 1):
 def new generation   total 5504K, used 5464K [0x03e00000, 0x043f0000, 0x09350000)
  eden space 4928K,  99% used [0x03e00000, 0x042c60b0, 0x042d0000)
  from space 576K, 100% used [0x04360000, 0x043f0000, 0x043f0000)
  to   space 576K,   0% used [0x042d0000, 0x042d0000, 0x04360000)
 tenured generation   total 12016K, used 9806K [0x09350000, 0x09f0c000, 0x13e00000)
   the space 12016K,  81% used [0x09350000, 0x09ce3898, 0x09ce3a00, 0x09f0c000)
 Metaspace       used 3612K, capacity 4080K, committed 4160K, reserved 4480K
Event: 11.786 GC heap after
Heap after GC invocations=11 (full 1):
 def new generation   total 5504K, used 576K [0x03e00000, 0x043f0000, 0x09350000)
  eden space 4928K,   0% used [0x03e00000, 0x03e00000, 0x042d0000)
  from space 576K, 100% used [0x042d0000, 0x04360000, 0x04360000)
  to   space 576K,   0% used [0x04360000, 0x04360000, 0x043f0000)
 tenured generation   total 12016K, used 10644K [0x09350000, 0x09f0c000, 0x13e00000)
   the space 12016K,  88% used [0x09350000, 0x09db5118, 0x09db5200, 0x09f0c000)
 Metaspace       used 3612K, capacity 4080K, committed 4160K, reserved 4480K
}

