# JRE version: Java(TM) SE Runtime Environment (8.0_181-b13) (build 1.8.0_181-b13)
# Java VM: Java HotSpot(TM) Client VM (25.181-b13 mixed mode, sharing windows-x86 )
Heap:
 def new generation   total 5440K, used 2342K [0x03e00000, 0x043e0000, 0x09350000)
  eden space 4864K,  36% used [0x03e00000, 0x03fb9950, 0x042c0000)
  from space 576K, 100% used [0x042c0000, 0x04350000, 0x04350000)
  to   space 576K,   0% used [0x04350000, 0x04350000, 0x043e0000)
 tenured generation   total 11956K, used 10589K [0x09350000, 0x09efd000, 0x13e00000)
   the space 11956K,  88% used [0x09350000, 0x09da75e0, 0x09da7600, 0x09efd000)
 Metaspace       used 3619K, capacity 4080K, committed 4160K, reserved 4480K
GC Heap History (10 events):
Event: 7.528 GC heap before
{Heap before GC invocations=6 (full 0):
 def new generation   total 4928K, used 4601K [0x03e00000, 0x04350000, 0x09350000)
  eden space 4416K, 100% used [0x03e00000, 0x04250000, 0x04250000)
  from space 512K,  36% used [0x04250000, 0x0427e478, 0x042d0000)
  to   space 512K,   0% used [0x042d0000, 0x042d0000, 0x04350000)
 tenured generation   total 10944K, used 6967K [0x09350000, 0x09e00000, 0x13e00000)
   the space 10944K,  63% used [0x09350000, 0x09a1dca8, 0x09a1de00, 0x09e00000)
 Metaspace       used 1258K, capacity 2791K, committed 2880K, reserved 4480K
Event: 7.558 GC heap after
Heap after GC invocations=7 (full 1):
 def new generation   total 5440K, used 0K [0x03e00000, 0x043e0000, 0x09350000)
  eden space 4864K,   0% used [0x03e00000, 0x03e00000, 0x042c0000)
  from space 576K,   0% used [0x042c0000, 0x042c0000, 0x04350000)
  to   space 576K,   0% used [0x04350000, 0x04350000, 0x043e0000)
 tenured generation   total 11956K, used 7171K [0x09350000, 0x09efd000, 0x13e00000)
   the space 11956K,  59% used [0x09350000, 0x09a50de8, 0x09a50e00, 0x09efd000)
 Metaspace       used 1258K, capacity 2791K, committed 2880K, reserved 4480K
}
Event: 8.284 GC heap before
{Heap before GC invocations=7 (full 1):
 def new generation   total 5440K, used 4864K [0x03e00000, 0x043e0000, 0x09350000)
  eden space 4864K, 100% used [0x03e00000, 0x042c0000, 0x042c0000)
  from space 576K,   0% used [0x042c0000, 0x042c0000, 0x04350000)
  to   space 576K,   0% used [0x04350000, 0x04350000, 0x043e0000)
 tenured generation   total 11956K, used 7171K [0x09350000, 0x09efd000, 0x13e00000)
   the space 11956K,  59% used [0x09350000, 0x09a50de8, 0x09a50e00, 0x09efd000)
 Metaspace       used 2280K, capacity 3070K, committed 3136K, reserved 4480K
Event: 8.292 GC heap after
Heap after GC invocations=8 (full 1):
 def new generation   total 5440K, used 576K [0x03e00000, 0x043e0000, 0x09350000)
  eden space 4864K,   0% used [0x03e00000, 0x03e00000, 0x042c0000)
  from space 576K, 100% used [0x04350000, 0x043e0000, 0x043e0000)
  to   space 576K,   0% used [0x042c0000, 0x042c0000, 0x04350000)
 tenured generation   total 11956K, used 7761K [0x09350000, 0x09efd000, 0x13e00000)
   the space 11956K,  64% used [0x09350000, 0x09ae4780, 0x09ae4800, 0x09efd000)
 Metaspace       used 2280K, capacity 3070K, committed 3136K, reserved 4480K
}
Event: 8.417 GC heap before
{Heap before GC invocations=8 (full 1):
 def new generation   total 5440K, used 5440K [0x03e00000, 0x043e0000, 0x09350000)
  eden space 4864K, 100% used [0x03e00000, 0x042c0000, 0x042c0000)
  from space 576K, 100% used [0x04350000, 0x043e0000, 0x043e0000)
  to   space 576K,   0% used [0x042c0000, 0x042c0000, 0x04350000)
 tenured generation   total 11956K, used 7761K [0x09350000, 0x09efd000, 0x13e00000)
   the space 11956K,  64% used [0x09350000, 0x09ae4780, 0x09ae4800, 0x09efd000)
 Metaspace       used 2373K, capacity 3110K, committed 3136K, reserved 4480K
Event: 8.423 GC heap after
Heap after GC invocations=9 (full 1):
 def new generation   total 5440K, used 575K [0x03e00000, 0x043e0000, 0x09350000)
  eden space 4864K,   0% used [0x03e00000, 0x03e00000, 0x042c0000)
  from space 576K,  99% used [0x042c0000, 0x0434fff8, 0x04350000)
  to   space 576K,   0% used [0x04350000, 0x04350000, 0x043e0000)
 tenured generation   total 11956K, used 8361K [0x09350000, 0x09efd000, 0x13e00000)
   the space 11956K,  69% used [0x09350000, 0x09b7a450, 0x09b7a600, 0x09efd000)
 Metaspace       used 2373K, capacity 3110K, committed 3136K, reserved 4480K
}
Event: 8.614 GC heap before
{Heap before GC invocations=9 (full 1):
 def new generation   total 5440K, used 5439K [0x03e00000, 0x043e0000, 0x09350000)
  eden space 4864K, 100% used [0x03e00000, 0x042c0000, 0x042c0000)
  from space 576K,  99% used [0x042c0000, 0x0434fff8, 0x04350000)
  to   space 576K,   0% used [0x04350000, 0x04350000, 0x043e0000)
 tenured generation   total 11956K, used 8361K [0x09350000, 0x09efd000, 0x13e00000)
   the space 11956K,  69% used [0x09350000, 0x09b7a450, 0x09b7a600, 0x09efd000)
 Metaspace       used 2989K, capacity 3501K, committed 3520K, reserved 4480K
Event: 8.623 GC heap after
Heap after GC invocations=10 (full 1):
 def new generation   total 5440K, used 576K [0x03e00000, 0x043e0000, 0x09350000)
  eden space 4864K,   0% used [0x03e00000, 0x03e00000, 0x042c0000)
  from space 576K, 100% used [0x04350000, 0x043e0000, 0x043e0000)
  to   space 576K,   0% used [0x042c0000, 0x042c0000, 0x04350000)
 tenured generation   total 11956K, used 9732K [0x09350000, 0x09efd000, 0x13e00000)
   the space 11956K,  81% used [0x09350000, 0x09cd1308, 0x09cd1400, 0x09efd000)
 Metaspace       used 2989K, capacity 3501K, committed 3520K, reserved 4480K
}
Event: 11.282 GC heap before
{Heap before GC invocations=10 (full 1):
 def new generation   total 5440K, used 5440K [0x03e00000, 0x043e0000, 0x09350000)
  eden space 4864K, 100% used [0x03e00000, 0x042c0000, 0x042c0000)
  from space 576K, 100% used [0x04350000, 0x043e0000, 0x043e0000)
  to   space 576K,   0% used [0x042c0000, 0x042c0000, 0x04350000)
 tenured generation   total 11956K, used 9732K [0x09350000, 0x09efd000, 0x13e00000)
   the space 11956K,  81% used [0x09350000, 0x09cd1308, 0x09cd1400, 0x09efd000)
 Metaspace       used 3602K, capacity 4077K, committed 4160K, reserved 4480K
Event: 11.299 GC heap after
Heap after GC invocations=11 (full 1):
 def new generation   total 5440K, used 576K [0x03e00000, 0x043e0000, 0x09350000)
  eden space 4864K,   0% used [0x03e00000, 0x03e00000, 0x042c0000)
  from space 576K, 100% used [0x042c0000, 0x04350000, 0x04350000)
  to   space 576K,   0% used [0x04350000, 0x04350000, 0x043e0000)
 tenured generation   total 11956K, used 10589K [0x09350000, 0x09efd000, 0x13e00000)
   the space 11956K,  88% used [0x09350000, 0x09da75e0, 0x09da7600, 0x09efd000)
 Metaspace       used 3602K, capacity 4077K, committed 4160K, reserved 4480K
}

