# JRE version: Java(TM) SE Runtime Environment (8.0_181-b13) (build 1.8.0_181-b13)
# Java VM: Java HotSpot(TM) Client VM (25.181-b13 mixed mode, sharing windows-x86 )
Heap:
 def new generation   total 5440K, used 2151K [0x03e00000, 0x043e0000, 0x09350000)
  eden space 4864K,  32% used [0x03e00000, 0x03f89f40, 0x042c0000)
  from space 576K, 100% used [0x042c0000, 0x04350000, 0x04350000)
  to   space 576K,   0% used [0x04350000, 0x04350000, 0x043e0000)
 tenured generation   total 11984K, used 10637K [0x09350000, 0x09f04000, 0x13e00000)
   the space 11984K,  88% used [0x09350000, 0x09db36f8, 0x09db3800, 0x09f04000)
 Metaspace       used 3629K, capacity 4080K, committed 4160K, reserved 4480K
GC Heap History (10 events):
Event: 9.440 GC heap before
{Heap before GC invocations=6 (full 0):
 def new generation   total 4928K, used 4602K [0x03e00000, 0x04350000, 0x09350000)
  eden space 4416K, 100% used [0x03e00000, 0x04250000, 0x04250000)
  from space 512K,  36% used [0x04250000, 0x0427e878, 0x042d0000)
  to   space 512K,   0% used [0x042d0000, 0x042d0000, 0x04350000)
 tenured generation   total 10944K, used 7003K [0x09350000, 0x09e00000, 0x13e00000)
   the space 10944K,  63% used [0x09350000, 0x09a26e70, 0x09a27000, 0x09e00000)
 Metaspace       used 1252K, capacity 2791K, committed 2880K, reserved 4480K
Event: 9.509 GC heap after
Heap after GC invocations=7 (full 1):
 def new generation   total 5440K, used 0K [0x03e00000, 0x043e0000, 0x09350000)
  eden space 4864K,   0% used [0x03e00000, 0x03e00000, 0x042c0000)
  from space 576K,   0% used [0x042c0000, 0x042c0000, 0x04350000)
  to   space 576K,   0% used [0x04350000, 0x04350000, 0x043e0000)
 tenured generation   total 11984K, used 7188K [0x09350000, 0x09f04000, 0x13e00000)
   the space 11984K,  59% used [0x09350000, 0x09a55040, 0x09a55200, 0x09f04000)
 Metaspace       used 1252K, capacity 2791K, committed 2880K, reserved 4480K
}
Event: 10.060 GC heap before
{Heap before GC invocations=7 (full 1):
 def new generation   total 5440K, used 4864K [0x03e00000, 0x043e0000, 0x09350000)
  eden space 4864K, 100% used [0x03e00000, 0x042c0000, 0x042c0000)
  from space 576K,   0% used [0x042c0000, 0x042c0000, 0x04350000)
  to   space 576K,   0% used [0x04350000, 0x04350000, 0x043e0000)
 tenured generation   total 11984K, used 7188K [0x09350000, 0x09f04000, 0x13e00000)
   the space 11984K,  59% used [0x09350000, 0x09a55040, 0x09a55200, 0x09f04000)
 Metaspace       used 2280K, capacity 3070K, committed 3136K, reserved 4480K
Event: 10.068 GC heap after
Heap after GC invocations=8 (full 1):
 def new generation   total 5440K, used 576K [0x03e00000, 0x043e0000, 0x09350000)
  eden space 4864K,   0% used [0x03e00000, 0x03e00000, 0x042c0000)
  from space 576K, 100% used [0x04350000, 0x043e0000, 0x043e0000)
  to   space 576K,   0% used [0x042c0000, 0x042c0000, 0x04350000)
 tenured generation   total 11984K, used 7779K [0x09350000, 0x09f04000, 0x13e00000)
   the space 11984K,  64% used [0x09350000, 0x09ae8e38, 0x09ae9000, 0x09f04000)
 Metaspace       used 2280K, capacity 3070K, committed 3136K, reserved 4480K
}
Event: 10.162 GC heap before
{Heap before GC invocations=8 (full 1):
 def new generation   total 5440K, used 5440K [0x03e00000, 0x043e0000, 0x09350000)
  eden space 4864K, 100% used [0x03e00000, 0x042c0000, 0x042c0000)
  from space 576K, 100% used [0x04350000, 0x043e0000, 0x043e0000)
  to   space 576K,   0% used [0x042c0000, 0x042c0000, 0x04350000)
 tenured generation   total 11984K, used 7779K [0x09350000, 0x09f04000, 0x13e00000)
   the space 11984K,  64% used [0x09350000, 0x09ae8e38, 0x09ae9000, 0x09f04000)
 Metaspace       used 2373K, capacity 3110K, committed 3136K, reserved 4480K
Event: 10.168 GC heap after
Heap after GC invocations=9 (full 1):
 def new generation   total 5440K, used 576K [0x03e00000, 0x043e0000, 0x09350000)
  eden space 4864K,   0% used [0x03e00000, 0x03e00000, 0x042c0000)
  from space 576K, 100% used [0x042c0000, 0x04350000, 0x04350000)
  to   space 576K,   0% used [0x04350000, 0x04350000, 0x043e0000)
 tenured generation   total 11984K, used 8390K [0x09350000, 0x09f04000, 0x13e00000)
   the space 11984K,  70% used [0x09350000, 0x09b819c8, 0x09b81a00, 0x09f04000)
 Metaspace       used 2373K, capacity 3110K, committed 3136K, reserved 4480K
}
Event: 10.360 GC heap before
{Heap before GC invocations=9 (full 1):
 def new generation   total 5440K, used 5440K [0x03e00000, 0x043e0000, 0x09350000)
  eden space 4864K, 100% used [0x03e00000, 0x042c0000, 0x042c0000)
  from space 576K, 100% used [0x042c0000, 0x04350000, 0x04350000)
  to   space 576K,   0% used [0x04350000, 0x04350000, 0x043e0000)
 tenured generation   total 11984K, used 8390K [0x09350000, 0x09f04000, 0x13e00000)
   the space 11984K,  70% used [0x09350000, 0x09b819c8, 0x09b81a00, 0x09f04000)
 Metaspace       used 2989K, capacity 3501K, committed 3520K, reserved 4480K
Event: 10.369 GC heap after
Heap after GC invocations=10 (full 1):
 def new generation   total 5440K, used 576K [0x03e00000, 0x043e0000, 0x09350000)
  eden space 4864K,   0% used [0x03e00000, 0x03e00000, 0x042c0000)
  from space 576K, 100% used [0x04350000, 0x043e0000, 0x043e0000)
  to   space 576K,   0% used [0x042c0000, 0x042c0000, 0x04350000)
 tenured generation   total 11984K, used 9742K [0x09350000, 0x09f04000, 0x13e00000)
   the space 11984K,  81% used [0x09350000, 0x09cd39e0, 0x09cd3a00, 0x09f04000)
 Metaspace       used 2989K, capacity 3501K, committed 3520K, reserved 4480K
}
Event: 13.202 GC heap before
{Heap before GC invocations=10 (full 1):
 def new generation   total 5440K, used 5440K [0x03e00000, 0x043e0000, 0x09350000)
  eden space 4864K, 100% used [0x03e00000, 0x042c0000, 0x042c0000)
  from space 576K, 100% used [0x04350000, 0x043e0000, 0x043e0000)
  to   space 576K,   0% used [0x042c0000, 0x042c0000, 0x04350000)
 tenured generation   total 11984K, used 9742K [0x09350000, 0x09f04000, 0x13e00000)
   the space 11984K,  81% used [0x09350000, 0x09cd39e0, 0x09cd3a00, 0x09f04000)
 Metaspace       used 3618K, capacity 4077K, committed 4160K, reserved 4480K
Event: 13.215 GC heap after
Heap after GC invocations=11 (full 1):
 def new generation   total 5440K, used 576K [0x03e00000, 0x043e0000, 0x09350000)
  eden space 4864K,   0% used [0x03e00000, 0x03e00000, 0x042c0000)
  from space 576K, 100% used [0x042c0000, 0x04350000, 0x04350000)
  to   space 576K,   0% used [0x04350000, 0x04350000, 0x043e0000)
 tenured generation   total 11984K, used 10637K [0x09350000, 0x09f04000, 0x13e00000)
   the space 11984K,  88% used [0x09350000, 0x09db36f8, 0x09db3800, 0x09f04000)
 Metaspace       used 3618K, capacity 4077K, committed 4160K, reserved 4480K
}

