# JRE version: Java(TM) SE Runtime Environment (8.0_181-b13) (build 1.8.0_181-b13)
# Java VM: Java HotSpot(TM) Client VM (25.181-b13 mixed mode, sharing windows-x86 )
Heap:
 def new generation   total 8512K, used 7366K [0x03e00000, 0x04730000, 0x09350000)
  eden space 7616K,  96% used [0x03e00000, 0x04531858, 0x04570000)
  from space 896K,   0% used [0x04570000, 0x04570000, 0x04650000)
  to   space 896K,   0% used [0x04650000, 0x04650000, 0x04730000)
 tenured generation   total 18668K, used 11199K [0x09350000, 0x0a58b000, 0x13e00000)
   the space 18668K,  59% used [0x09350000, 0x09e3ffb8, 0x09e40000, 0x0a58b000)
 Metaspace       used 3987K, capacity 4223K, committed 4288K, reserved 4480K
GC Heap History (10 events):
Event: 30.795 GC heap before
{Heap before GC invocations=5 (full 0):
 def new generation   total 4928K, used 4503K [0x03e00000, 0x04350000, 0x09350000)
  eden space 4416K, 100% used [0x03e00000, 0x04250000, 0x04250000)
  from space 512K,  17% used [0x042d0000, 0x042e5d28, 0x04350000)
  to   space 512K,   0% used [0x04250000, 0x04250000, 0x042d0000)
 tenured generation   total 10944K, used 6834K [0x09350000, 0x09e00000, 0x13e00000)
   the space 10944K,  62% used [0x09350000, 0x099fc998, 0x099fca00, 0x09e00000)
 Metaspace       used 2109K, capacity 3051K, committed 3136K, reserved 4480K
Event: 30.803 GC heap after
Heap after GC invocations=6 (full 0):
 def new generation   total 4928K, used 512K [0x03e00000, 0x04350000, 0x09350000)
  eden space 4416K,   0% used [0x03e00000, 0x03e00000, 0x04250000)
  from space 512K, 100% used [0x04250000, 0x042d0000, 0x042d0000)
  to   space 512K,   0% used [0x042d0000, 0x042d0000, 0x04350000)
 tenured generation   total 10944K, used 7317K [0x09350000, 0x09e00000, 0x13e00000)
   the space 10944K,  66% used [0x09350000, 0x09a756f0, 0x09a75800, 0x09e00000)
 Metaspace       used 2109K, capacity 3051K, committed 3136K, reserved 4480K
}
Event: 31.183 GC heap before
{Heap before GC invocations=6 (full 0):
 def new generation   total 4928K, used 4928K [0x03e00000, 0x04350000, 0x09350000)
  eden space 4416K, 100% used [0x03e00000, 0x04250000, 0x04250000)
  from space 512K, 100% used [0x04250000, 0x042d0000, 0x042d0000)
  to   space 512K,   0% used [0x042d0000, 0x042d0000, 0x04350000)
 tenured generation   total 10944K, used 7317K [0x09350000, 0x09e00000, 0x13e00000)
   the space 10944K,  66% used [0x09350000, 0x09a756f0, 0x09a75800, 0x09e00000)
 Metaspace       used 2508K, capacity 3071K, committed 3136K, reserved 4480K
Event: 31.193 GC heap after
Heap after GC invocations=7 (full 0):
 def new generation   total 4928K, used 512K [0x03e00000, 0x04350000, 0x09350000)
  eden space 4416K,   0% used [0x03e00000, 0x03e00000, 0x04250000)
  from space 512K, 100% used [0x042d0000, 0x04350000, 0x04350000)
  to   space 512K,   0% used [0x04250000, 0x04250000, 0x042d0000)
 tenured generation   total 10944K, used 8229K [0x09350000, 0x09e00000, 0x13e00000)
   the space 10944K,  75% used [0x09350000, 0x09b59738, 0x09b59800, 0x09e00000)
 Metaspace       used 2508K, capacity 3071K, committed 3136K, reserved 4480K
}
Event: 31.292 GC heap before
{Heap before GC invocations=7 (full 0):
 def new generation   total 4928K, used 4928K [0x03e00000, 0x04350000, 0x09350000)
  eden space 4416K, 100% used [0x03e00000, 0x04250000, 0x04250000)
  from space 512K, 100% used [0x042d0000, 0x04350000, 0x04350000)
  to   space 512K,   0% used [0x04250000, 0x04250000, 0x042d0000)
 tenured generation   total 10944K, used 8229K [0x09350000, 0x09e00000, 0x13e00000)
   the space 10944K,  75% used [0x09350000, 0x09b59738, 0x09b59800, 0x09e00000)
 Metaspace       used 2625K, capacity 3137K, committed 3264K, reserved 4480K
Event: 31.300 GC heap after
Heap after GC invocations=8 (full 0):
 def new generation   total 4928K, used 512K [0x03e00000, 0x04350000, 0x09350000)
  eden space 4416K,   0% used [0x03e00000, 0x03e00000, 0x04250000)
  from space 512K, 100% used [0x04250000, 0x042d0000, 0x042d0000)
  to   space 512K,   0% used [0x042d0000, 0x042d0000, 0x04350000)
 tenured generation   total 10944K, used 8996K [0x09350000, 0x09e00000, 0x13e00000)
   the space 10944K,  82% used [0x09350000, 0x09c19008, 0x09c19200, 0x09e00000)
 Metaspace       used 2625K, capacity 3137K, committed 3264K, reserved 4480K
}
Event: 31.476 GC heap before
{Heap before GC invocations=8 (full 0):
 def new generation   total 4928K, used 4927K [0x03e00000, 0x04350000, 0x09350000)
  eden space 4416K,  99% used [0x03e00000, 0x0424fd08, 0x04250000)
  from space 512K, 100% used [0x04250000, 0x042d0000, 0x042d0000)
  to   space 512K,   0% used [0x042d0000, 0x042d0000, 0x04350000)
 tenured generation   total 10944K, used 8996K [0x09350000, 0x09e00000, 0x13e00000)
   the space 10944K,  82% used [0x09350000, 0x09c19008, 0x09c19200, 0x09e00000)
 Metaspace       used 3272K, capacity 3561K, committed 3648K, reserved 4480K
Event: 31.483 GC heap after
Heap after GC invocations=9 (full 0):
 def new generation   total 4928K, used 512K [0x03e00000, 0x04350000, 0x09350000)
  eden space 4416K,   0% used [0x03e00000, 0x03e00000, 0x04250000)
  from space 512K, 100% used [0x042d0000, 0x04350000, 0x04350000)
  to   space 512K,   0% used [0x04250000, 0x04250000, 0x042d0000)
 tenured generation   total 10944K, used 9843K [0x09350000, 0x09e00000, 0x13e00000)
   the space 10944K,  89% used [0x09350000, 0x09cecca8, 0x09cece00, 0x09e00000)
 Metaspace       used 3272K, capacity 3561K, committed 3648K, reserved 4480K
}
Event: 38.608 GC heap before
{Heap before GC invocations=9 (full 0):
 def new generation   total 4928K, used 4927K [0x03e00000, 0x04350000, 0x09350000)
  eden space 4416K,  99% used [0x03e00000, 0x0424fef0, 0x04250000)
  from space 512K, 100% used [0x042d0000, 0x04350000, 0x04350000)
  to   space 512K,   0% used [0x04250000, 0x04250000, 0x042d0000)
 tenured generation   total 10944K, used 9843K [0x09350000, 0x09e00000, 0x13e00000)
   the space 10944K,  89% used [0x09350000, 0x09cecca8, 0x09cece00, 0x09e00000)
 Metaspace       used 3869K, capacity 4105K, committed 4160K, reserved 4480K
Event: 38.666 GC heap after
Heap after GC invocations=10 (full 1):
 def new generation   total 8512K, used 36K [0x03e00000, 0x04730000, 0x09350000)
  eden space 7616K,   0% used [0x03e00000, 0x03e09118, 0x04570000)
  from space 896K,   0% used [0x04570000, 0x04570000, 0x04650000)
  to   space 896K,   0% used [0x04650000, 0x04650000, 0x04730000)
 tenured generation   total 18668K, used 11199K [0x09350000, 0x0a58b000, 0x13e00000)
   the space 18668K,  59% used [0x09350000, 0x09e3ffb8, 0x09e40000, 0x0a58b000)
 Metaspace       used 3862K, capacity 4087K, committed 4160K, reserved 4480K
}

