# JRE version: Java(TM) SE Runtime Environment (8.0_181-b13) (build 1.8.0_181-b13)
# Java VM: Java HotSpot(TM) Client VM (25.181-b13 mixed mode windows-x86 )
Heap:
 def new generation   total 5440K, used 2241K [0x04000000, 0x045e0000, 0x09550000)
  eden space 4864K,  34% used [0x04000000, 0x041a0420, 0x044c0000)
  from space 576K, 100% used [0x044c0000, 0x04550000, 0x04550000)
  to   space 576K,   0% used [0x04550000, 0x04550000, 0x045e0000)
 tenured generation   total 11872K, used 10573K [0x09550000, 0x0a0e8000, 0x14000000)
   the space 11872K,  89% used [0x09550000, 0x09fa34c8, 0x09fa3600, 0x0a0e8000)
 Metaspace       used 11022K, capacity 11222K, committed 11264K, reserved 11648K
GC Heap History (10 events):
Event: 11.610 GC heap before
{Heap before GC invocations=6 (full 0):
 def new generation   total 4928K, used 4610K [0x04000000, 0x04550000, 0x09550000)
  eden space 4416K, 100% used [0x04000000, 0x04450000, 0x04450000)
  from space 512K,  37% used [0x04450000, 0x04480988, 0x044d0000)
  to   space 512K,   0% used [0x044d0000, 0x044d0000, 0x04550000)
 tenured generation   total 10944K, used 6931K [0x09550000, 0x0a000000, 0x14000000)
   the space 10944K,  63% used [0x09550000, 0x09c14d90, 0x09c14e00, 0x0a000000)
 Metaspace       used 8154K, capacity 8333K, committed 8448K, reserved 8576K
Event: 11.682 GC heap after
Heap after GC invocations=7 (full 1):
 def new generation   total 5440K, used 0K [0x04000000, 0x045e0000, 0x09550000)
  eden space 4864K,   0% used [0x04000000, 0x04000000, 0x044c0000)
  from space 576K,   0% used [0x044c0000, 0x044c0000, 0x04550000)
  to   space 576K,   0% used [0x04550000, 0x04550000, 0x045e0000)
 tenured generation   total 11872K, used 7122K [0x09550000, 0x0a0e8000, 0x14000000)
   the space 11872K,  59% used [0x09550000, 0x09c44b98, 0x09c44c00, 0x0a0e8000)
 Metaspace       used 8154K, capacity 8333K, committed 8448K, reserved 8576K
}
Event: 13.223 GC heap before
{Heap before GC invocations=7 (full 1):
 def new generation   total 5440K, used 4864K [0x04000000, 0x045e0000, 0x09550000)
  eden space 4864K, 100% used [0x04000000, 0x044c0000, 0x044c0000)
  from space 576K,   0% used [0x044c0000, 0x044c0000, 0x04550000)
  to   space 576K,   0% used [0x04550000, 0x04550000, 0x045e0000)
 tenured generation   total 11872K, used 7122K [0x09550000, 0x0a0e8000, 0x14000000)
   the space 11872K,  59% used [0x09550000, 0x09c44b98, 0x09c44c00, 0x0a0e8000)
 Metaspace       used 9501K, capacity 9700K, committed 9856K, reserved 10624K
Event: 13.232 GC heap after
Heap after GC invocations=8 (full 1):
 def new generation   total 5440K, used 576K [0x04000000, 0x045e0000, 0x09550000)
  eden space 4864K,   0% used [0x04000000, 0x04000000, 0x044c0000)
  from space 576K, 100% used [0x04550000, 0x045e0000, 0x045e0000)
  to   space 576K,   0% used [0x044c0000, 0x044c0000, 0x04550000)
 tenured generation   total 11872K, used 7716K [0x09550000, 0x0a0e8000, 0x14000000)
   the space 11872K,  64% used [0x09550000, 0x09cd9070, 0x09cd9200, 0x0a0e8000)
 Metaspace       used 9501K, capacity 9700K, committed 9856K, reserved 10624K
}
Event: 13.330 GC heap before
{Heap before GC invocations=8 (full 1):
 def new generation   total 5440K, used 5440K [0x04000000, 0x045e0000, 0x09550000)
  eden space 4864K, 100% used [0x04000000, 0x044c0000, 0x044c0000)
  from space 576K, 100% used [0x04550000, 0x045e0000, 0x045e0000)
  to   space 576K,   0% used [0x044c0000, 0x044c0000, 0x04550000)
 tenured generation   total 11872K, used 7716K [0x09550000, 0x0a0e8000, 0x14000000)
   the space 11872K,  64% used [0x09550000, 0x09cd9070, 0x09cd9200, 0x0a0e8000)
 Metaspace       used 9595K, capacity 9836K, committed 9984K, reserved 10624K
Event: 13.335 GC heap after
Heap after GC invocations=9 (full 1):
 def new generation   total 5440K, used 576K [0x04000000, 0x045e0000, 0x09550000)
  eden space 4864K,   0% used [0x04000000, 0x04000000, 0x044c0000)
  from space 576K, 100% used [0x044c0000, 0x04550000, 0x04550000)
  to   space 576K,   0% used [0x04550000, 0x04550000, 0x045e0000)
 tenured generation   total 11872K, used 8337K [0x09550000, 0x0a0e8000, 0x14000000)
   the space 11872K,  70% used [0x09550000, 0x09d74630, 0x09d74800, 0x0a0e8000)
 Metaspace       used 9595K, capacity 9836K, committed 9984K, reserved 10624K
}
Event: 13.531 GC heap before
{Heap before GC invocations=9 (full 1):
 def new generation   total 5440K, used 5440K [0x04000000, 0x045e0000, 0x09550000)
  eden space 4864K, 100% used [0x04000000, 0x044c0000, 0x044c0000)
  from space 576K, 100% used [0x044c0000, 0x04550000, 0x04550000)
  to   space 576K,   0% used [0x04550000, 0x04550000, 0x045e0000)
 tenured generation   total 11872K, used 8337K [0x09550000, 0x0a0e8000, 0x14000000)
   the space 11872K,  70% used [0x09550000, 0x09d74630, 0x09d74800, 0x0a0e8000)
 Metaspace       used 10280K, capacity 10515K, committed 10624K, reserved 10624K
Event: 13.539 GC heap after
Heap after GC invocations=10 (full 1):
 def new generation   total 5440K, used 576K [0x04000000, 0x045e0000, 0x09550000)
  eden space 4864K,   0% used [0x04000000, 0x04000000, 0x044c0000)
  from space 576K, 100% used [0x04550000, 0x045e0000, 0x045e0000)
  to   space 576K,   0% used [0x044c0000, 0x044c0000, 0x04550000)
 tenured generation   total 11872K, used 9674K [0x09550000, 0x0a0e8000, 0x14000000)
   the space 11872K,  81% used [0x09550000, 0x09ec28a8, 0x09ec2a00, 0x0a0e8000)
 Metaspace       used 10280K, capacity 10515K, committed 10624K, reserved 10624K
}
Event: 15.198 GC heap before
{Heap before GC invocations=10 (full 1):
 def new generation   total 5440K, used 5440K [0x04000000, 0x045e0000, 0x09550000)
  eden space 4864K, 100% used [0x04000000, 0x044c0000, 0x044c0000)
  from space 576K, 100% used [0x04550000, 0x045e0000, 0x045e0000)
  to   space 576K,   0% used [0x044c0000, 0x044c0000, 0x04550000)
 tenured generation   total 11872K, used 9674K [0x09550000, 0x0a0e8000, 0x14000000)
   the space 11872K,  81% used [0x09550000, 0x09ec28a8, 0x09ec2a00, 0x0a0e8000)
 Metaspace       used 10949K, capacity 11155K, committed 11264K, reserved 11648K
Event: 15.209 GC heap after
Heap after GC invocations=11 (full 1):
 def new generation   total 5440K, used 576K [0x04000000, 0x045e0000, 0x09550000)
  eden space 4864K,   0% used [0x04000000, 0x04000000, 0x044c0000)
  from space 576K, 100% used [0x044c0000, 0x04550000, 0x04550000)
  to   space 576K,   0% used [0x04550000, 0x04550000, 0x045e0000)
 tenured generation   total 11872K, used 10573K [0x09550000, 0x0a0e8000, 0x14000000)
   the space 11872K,  89% used [0x09550000, 0x09fa34c8, 0x09fa3600, 0x0a0e8000)
 Metaspace       used 10949K, capacity 11155K, committed 11264K, reserved 11648K
}

