# JRE version: Java(TM) SE Runtime Environment (8.0_181-b13) (build 1.8.0_181-b13)
# Java VM: Java HotSpot(TM) Client VM (25.181-b13 mixed mode, sharing windows-x86 )
Heap:
 def new generation   total 8256K, used 1165K [0x03c00000, 0x044f0000, 0x09150000)
  eden space 7360K,   5% used [0x03c00000, 0x03c6c030, 0x04330000)
  from space 896K,  81% used [0x04330000, 0x043e7690, 0x04410000)
  to   space 896K,   0% used [0x04410000, 0x04410000, 0x044f0000)
 tenured generation   total 18160K, used 15281K [0x09150000, 0x0a30c000, 0x13c00000)
   the space 18160K,  84% used [0x09150000, 0x0a03c618, 0x0a03c800, 0x0a30c000)
 Metaspace       used 3764K, capacity 4151K, committed 4288K, reserved 4480K
GC Heap History (10 events):
Event: 46.227 GC heap before
{Heap before GC invocations=10 (full 1):
 def new generation   total 5440K, used 5440K [0x03c00000, 0x041e0000, 0x09150000)
  eden space 4864K, 100% used [0x03c00000, 0x040c0000, 0x040c0000)
  from space 576K, 100% used [0x04150000, 0x041e0000, 0x041e0000)
  to   space 576K,   0% used [0x040c0000, 0x040c0000, 0x04150000)
 tenured generation   total 11924K, used 9641K [0x09150000, 0x09cf5000, 0x13c00000)
   the space 11924K,  80% used [0x09150000, 0x09aba770, 0x09aba800, 0x09cf5000)
 Metaspace       used 3591K, capacity 4067K, committed 4160K, reserved 4480K
Event: 46.233 GC heap after
Heap after GC invocations=11 (full 1):
 def new generation   total 5440K, used 576K [0x03c00000, 0x041e0000, 0x09150000)
  eden space 4864K,   0% used [0x03c00000, 0x03c00000, 0x040c0000)
  from space 576K, 100% used [0x040c0000, 0x04150000, 0x04150000)
  to   space 576K,   0% used [0x04150000, 0x04150000, 0x041e0000)
 tenured generation   total 11924K, used 10594K [0x09150000, 0x09cf5000, 0x13c00000)
   the space 11924K,  88% used [0x09150000, 0x09ba8a50, 0x09ba8c00, 0x09cf5000)
 Metaspace       used 3591K, capacity 4067K, committed 4160K, reserved 4480K
}
Event: 57.314 GC heap before
{Heap before GC invocations=11 (full 1):
 def new generation   total 5440K, used 3942K [0x03c00000, 0x041e0000, 0x09150000)
  eden space 4864K,  69% used [0x03c00000, 0x03f49be8, 0x040c0000)
  from space 576K, 100% used [0x040c0000, 0x04150000, 0x04150000)
  to   space 576K,   0% used [0x04150000, 0x04150000, 0x041e0000)
 tenured generation   total 11924K, used 10594K [0x09150000, 0x09cf5000, 0x13c00000)
   the space 11924K,  88% used [0x09150000, 0x09ba8a50, 0x09ba8c00, 0x09cf5000)
 Metaspace       used 3775K, capacity 4173K, committed 4288K, reserved 4480K
Event: 57.318 GC heap after
Heap after GC invocations=12 (full 1):
 def new generation   total 5440K, used 576K [0x03c00000, 0x041e0000, 0x09150000)
  eden space 4864K,   0% used [0x03c00000, 0x03c00000, 0x040c0000)
  from space 576K, 100% used [0x04150000, 0x041e0000, 0x041e0000)
  to   space 576K,   0% used [0x040c0000, 0x040c0000, 0x04150000)
 tenured generation   total 11924K, used 11046K [0x09150000, 0x09cf5000, 0x13c00000)
   the space 11924K,  92% used [0x09150000, 0x09c19b40, 0x09c19c00, 0x09cf5000)
 Metaspace       used 3775K, capacity 4173K, committed 4288K, reserved 4480K
}
Event: 216.001 GC heap before
{Heap before GC invocations=12 (full 1):
 def new generation   total 5440K, used 5440K [0x03c00000, 0x041e0000, 0x09150000)
  eden space 4864K, 100% used [0x03c00000, 0x040c0000, 0x040c0000)
  from space 576K, 100% used [0x04150000, 0x041e0000, 0x041e0000)
  to   space 576K,   0% used [0x040c0000, 0x040c0000, 0x04150000)
 tenured generation   total 11924K, used 11046K [0x09150000, 0x09cf5000, 0x13c00000)
   the space 11924K,  92% used [0x09150000, 0x09c19b40, 0x09c19c00, 0x09cf5000)
 Metaspace       used 3775K, capacity 4173K, committed 4288K, reserved 4480K
Event: 216.054 GC heap after
Heap after GC invocations=13 (full 2):
 def new generation   total 8256K, used 0K [0x03c00000, 0x044f0000, 0x09150000)
  eden space 7360K,   0% used [0x03c00000, 0x03c00000, 0x04330000)
  from space 896K,   0% used [0x04330000, 0x04330000, 0x04410000)
  to   space 896K,   0% used [0x04410000, 0x04410000, 0x044f0000)
 tenured generation   total 18160K, used 10895K [0x09150000, 0x0a30c000, 0x13c00000)
   the space 18160K,  59% used [0x09150000, 0x09bf3df8, 0x09bf3e00, 0x0a30c000)
 Metaspace       used 3758K, capacity 4151K, committed 4288K, reserved 4480K
}
Event: 2124.004 GC heap before
{Heap before GC invocations=13 (full 2):
 def new generation   total 8256K, used 7360K [0x03c00000, 0x044f0000, 0x09150000)
  eden space 7360K, 100% used [0x03c00000, 0x04330000, 0x04330000)
  from space 896K,   0% used [0x04330000, 0x04330000, 0x04410000)
  to   space 896K,   0% used [0x04410000, 0x04410000, 0x044f0000)
 tenured generation   total 18160K, used 10895K [0x09150000, 0x0a30c000, 0x13c00000)
   the space 18160K,  59% used [0x09150000, 0x09bf3df8, 0x09bf3e00, 0x0a30c000)
 Metaspace       used 3758K, capacity 4151K, committed 4288K, reserved 4480K
Event: 2124.006 GC heap after
Heap after GC invocations=14 (full 2):
 def new generation   total 8256K, used 1K [0x03c00000, 0x044f0000, 0x09150000)
  eden space 7360K,   0% used [0x03c00000, 0x03c00000, 0x04330000)
  from space 896K,   0% used [0x04410000, 0x04410558, 0x044f0000)
  to   space 896K,   0% used [0x04330000, 0x04330000, 0x04410000)
 tenured generation   total 18160K, used 10895K [0x09150000, 0x0a30c000, 0x13c00000)
   the space 18160K,  59% used [0x09150000, 0x09bf3df8, 0x09bf3e00, 0x0a30c000)
 Metaspace       used 3758K, capacity 4151K, committed 4288K, reserved 4480K
}
Event: 2367.686 GC heap before
{Heap before GC invocations=14 (full 2):
 def new generation   total 8256K, used 7218K [0x03c00000, 0x044f0000, 0x09150000)
  eden space 7360K,  98% used [0x03c00000, 0x0430c5a8, 0x04330000)
  from space 896K,   0% used [0x04410000, 0x04410558, 0x044f0000)
  to   space 896K,   0% used [0x04330000, 0x04330000, 0x04410000)
 tenured generation   total 18160K, used 10895K [0x09150000, 0x0a30c000, 0x13c00000)
   the space 18160K,  59% used [0x09150000, 0x09bf3df8, 0x09bf3e00, 0x0a30c000)
 Metaspace       used 3764K, capacity 4151K, committed 4288K, reserved 4480K
Event: 2367.691 GC heap after
Heap after GC invocations=15 (full 2):
 def new generation   total 8256K, used 733K [0x03c00000, 0x044f0000, 0x09150000)
  eden space 7360K,   0% used [0x03c00000, 0x03c00000, 0x04330000)
  from space 896K,  81% used [0x04330000, 0x043e7690, 0x04410000)
  to   space 896K,   0% used [0x04410000, 0x04410000, 0x044f0000)
 tenured generation   total 18160K, used 15281K [0x09150000, 0x0a30c000, 0x13c00000)
   the space 18160K,  84% used [0x09150000, 0x0a03c618, 0x0a03c800, 0x0a30c000)
 Metaspace       used 3764K, capacity 4151K, committed 4288K, reserved 4480K
}

