# JRE version: Java(TM) SE Runtime Environment (8.0_181-b13) (build 1.8.0_181-b13)
# Java VM: Java HotSpot(TM) Client VM (25.181-b13 mixed mode, sharing windows-x86 )
Heap:
 def new generation   total 5504K, used 2084K [0x03e00000, 0x043f0000, 0x09350000)
  eden space 4928K,  30% used [0x03e00000, 0x03f79148, 0x042d0000)
  from space 576K, 100% used [0x042d0000, 0x04360000, 0x04360000)
  to   space 576K,   0% used [0x04360000, 0x04360000, 0x043f0000)
 tenured generation   total 11996K, used 10705K [0x09350000, 0x09f07000, 0x13e00000)
   the space 11996K,  89% used [0x09350000, 0x09dc45e0, 0x09dc4600, 0x09f07000)
 Metaspace       used 3620K, capacity 4080K, committed 4160K, reserved 4480K
GC Heap History (10 events):
Event: 7.399 GC heap before
{Heap before GC invocations=6 (full 0):
 def new generation   total 4928K, used 4602K [0x03e00000, 0x04350000, 0x09350000)
  eden space 4416K, 100% used [0x03e00000, 0x04250000, 0x04250000)
  from space 512K,  36% used [0x04250000, 0x0427e800, 0x042d0000)
  to   space 512K,   0% used [0x042d0000, 0x042d0000, 0x04350000)
 tenured generation   total 10944K, used 7002K [0x09350000, 0x09e00000, 0x13e00000)
   the space 10944K,  63% used [0x09350000, 0x09a26a28, 0x09a26c00, 0x09e00000)
 Metaspace       used 1256K, capacity 2791K, committed 2880K, reserved 4480K
Event: 7.430 GC heap after
Heap after GC invocations=7 (full 1):
 def new generation   total 5504K, used 0K [0x03e00000, 0x043f0000, 0x09350000)
  eden space 4928K,   0% used [0x03e00000, 0x03e00000, 0x042d0000)
  from space 576K,   0% used [0x042d0000, 0x042d0000, 0x04360000)
  to   space 576K,   0% used [0x04360000, 0x04360000, 0x043f0000)
 tenured generation   total 11996K, used 7196K [0x09350000, 0x09f07000, 0x13e00000)
   the space 11996K,  59% used [0x09350000, 0x09a57190, 0x09a57200, 0x09f07000)
 Metaspace       used 1256K, capacity 2791K, committed 2880K, reserved 4480K
}
Event: 8.009 GC heap before
{Heap before GC invocations=7 (full 1):
 def new generation   total 5504K, used 4928K [0x03e00000, 0x043f0000, 0x09350000)
  eden space 4928K, 100% used [0x03e00000, 0x042d0000, 0x042d0000)
  from space 576K,   0% used [0x042d0000, 0x042d0000, 0x04360000)
  to   space 576K,   0% used [0x04360000, 0x04360000, 0x043f0000)
 tenured generation   total 11996K, used 7196K [0x09350000, 0x09f07000, 0x13e00000)
   the space 11996K,  59% used [0x09350000, 0x09a57190, 0x09a57200, 0x09f07000)
 Metaspace       used 2280K, capacity 3070K, committed 3136K, reserved 4480K
Event: 8.017 GC heap after
Heap after GC invocations=8 (full 1):
 def new generation   total 5504K, used 576K [0x03e00000, 0x043f0000, 0x09350000)
  eden space 4928K,   0% used [0x03e00000, 0x03e00000, 0x042d0000)
  from space 576K, 100% used [0x04360000, 0x043f0000, 0x043f0000)
  to   space 576K,   0% used [0x042d0000, 0x042d0000, 0x04360000)
 tenured generation   total 11996K, used 7797K [0x09350000, 0x09f07000, 0x13e00000)
   the space 11996K,  65% used [0x09350000, 0x09aed5c8, 0x09aed600, 0x09f07000)
 Metaspace       used 2280K, capacity 3070K, committed 3136K, reserved 4480K
}
Event: 8.113 GC heap before
{Heap before GC invocations=8 (full 1):
 def new generation   total 5504K, used 5504K [0x03e00000, 0x043f0000, 0x09350000)
  eden space 4928K, 100% used [0x03e00000, 0x042d0000, 0x042d0000)
  from space 576K, 100% used [0x04360000, 0x043f0000, 0x043f0000)
  to   space 576K,   0% used [0x042d0000, 0x042d0000, 0x04360000)
 tenured generation   total 11996K, used 7797K [0x09350000, 0x09f07000, 0x13e00000)
   the space 11996K,  65% used [0x09350000, 0x09aed5c8, 0x09aed600, 0x09f07000)
 Metaspace       used 2373K, capacity 3110K, committed 3136K, reserved 4480K
Event: 8.119 GC heap after
Heap after GC invocations=9 (full 1):
 def new generation   total 5504K, used 575K [0x03e00000, 0x043f0000, 0x09350000)
  eden space 4928K,   0% used [0x03e00000, 0x03e00000, 0x042d0000)
  from space 576K,  99% used [0x042d0000, 0x0435fff8, 0x04360000)
  to   space 576K,   0% used [0x04360000, 0x04360000, 0x043f0000)
 tenured generation   total 11996K, used 8458K [0x09350000, 0x09f07000, 0x13e00000)
   the space 11996K,  70% used [0x09350000, 0x09b92be0, 0x09b92c00, 0x09f07000)
 Metaspace       used 2373K, capacity 3110K, committed 3136K, reserved 4480K
}
Event: 8.316 GC heap before
{Heap before GC invocations=9 (full 1):
 def new generation   total 5504K, used 5503K [0x03e00000, 0x043f0000, 0x09350000)
  eden space 4928K, 100% used [0x03e00000, 0x042d0000, 0x042d0000)
  from space 576K,  99% used [0x042d0000, 0x0435fff8, 0x04360000)
  to   space 576K,   0% used [0x04360000, 0x04360000, 0x043f0000)
 tenured generation   total 11996K, used 8458K [0x09350000, 0x09f07000, 0x13e00000)
   the space 11996K,  70% used [0x09350000, 0x09b92be0, 0x09b92c00, 0x09f07000)
 Metaspace       used 3016K, capacity 3533K, committed 3648K, reserved 4480K
Event: 8.325 GC heap after
Heap after GC invocations=10 (full 1):
 def new generation   total 5504K, used 576K [0x03e00000, 0x043f0000, 0x09350000)
  eden space 4928K,   0% used [0x03e00000, 0x03e00000, 0x042d0000)
  from space 576K, 100% used [0x04360000, 0x043f0000, 0x043f0000)
  to   space 576K,   0% used [0x042d0000, 0x042d0000, 0x04360000)
 tenured generation   total 11996K, used 9798K [0x09350000, 0x09f07000, 0x13e00000)
   the space 11996K,  81% used [0x09350000, 0x09ce1860, 0x09ce1a00, 0x09f07000)
 Metaspace       used 3016K, capacity 3533K, committed 3648K, reserved 4480K
}
Event: 12.986 GC heap before
{Heap before GC invocations=10 (full 1):
 def new generation   total 5504K, used 5401K [0x03e00000, 0x043f0000, 0x09350000)
  eden space 4928K,  97% used [0x03e00000, 0x042b6638, 0x042d0000)
  from space 576K, 100% used [0x04360000, 0x043f0000, 0x043f0000)
  to   space 576K,   0% used [0x042d0000, 0x042d0000, 0x04360000)
 tenured generation   total 11996K, used 9798K [0x09350000, 0x09f07000, 0x13e00000)
   the space 11996K,  81% used [0x09350000, 0x09ce1860, 0x09ce1a00, 0x09f07000)
 Metaspace       used 3610K, capacity 4080K, committed 4160K, reserved 4480K
Event: 13.006 GC heap after
Heap after GC invocations=11 (full 1):
 def new generation   total 5504K, used 576K [0x03e00000, 0x043f0000, 0x09350000)
  eden space 4928K,   0% used [0x03e00000, 0x03e00000, 0x042d0000)
  from space 576K, 100% used [0x042d0000, 0x04360000, 0x04360000)
  to   space 576K,   0% used [0x04360000, 0x04360000, 0x043f0000)
 tenured generation   total 11996K, used 10705K [0x09350000, 0x09f07000, 0x13e00000)
   the space 11996K,  89% used [0x09350000, 0x09dc45e0, 0x09dc4600, 0x09f07000)
 Metaspace       used 3610K, capacity 4080K, committed 4160K, reserved 4480K
}

