# JRE version: Java(TM) SE Runtime Environment (8.0_181-b13) (build 1.8.0_181-b13)
# Java VM: Java HotSpot(TM) Client VM (25.181-b13 mixed mode, sharing windows-x86 )
Heap:
 def new generation   total 8256K, used 2511K [0x03c00000, 0x044f0000, 0x09150000)
  eden space 7360K,  34% used [0x03c00000, 0x03e73e48, 0x04330000)
  from space 896K,   0% used [0x04330000, 0x04330000, 0x04410000)
  to   space 896K,   0% used [0x04410000, 0x04410000, 0x044f0000)
 tenured generation   total 18128K, used 10874K [0x09150000, 0x0a304000, 0x13c00000)
   the space 18128K,  59% used [0x09150000, 0x09beea98, 0x09beec00, 0x0a304000)
 Metaspace       used 3866K, capacity 4090K, committed 4160K, reserved 4480K
GC Heap History (10 events):
Event: 27.104 GC heap before
{Heap before GC invocations=5 (full 0):
 def new generation   total 4928K, used 4506K [0x03c00000, 0x04150000, 0x09150000)
  eden space 4416K, 100% used [0x03c00000, 0x04050000, 0x04050000)
  from space 512K,  17% used [0x040d0000, 0x040e6a70, 0x04150000)
  to   space 512K,   0% used [0x04050000, 0x04050000, 0x040d0000)
 tenured generation   total 10944K, used 6981K [0x09150000, 0x09c00000, 0x13c00000)
   the space 10944K,  63% used [0x09150000, 0x09821618, 0x09821800, 0x09c00000)
 Metaspace       used 2095K, capacity 3080K, committed 3136K, reserved 4480K
Event: 27.112 GC heap after
Heap after GC invocations=6 (full 0):
 def new generation   total 4928K, used 512K [0x03c00000, 0x04150000, 0x09150000)
  eden space 4416K,   0% used [0x03c00000, 0x03c00000, 0x04050000)
  from space 512K, 100% used [0x04050000, 0x040d0000, 0x040d0000)
  to   space 512K,   0% used [0x040d0000, 0x040d0000, 0x04150000)
 tenured generation   total 10944K, used 7521K [0x09150000, 0x09c00000, 0x13c00000)
   the space 10944K,  68% used [0x09150000, 0x098a8740, 0x098a8800, 0x09c00000)
 Metaspace       used 2095K, capacity 3080K, committed 3136K, reserved 4480K
}
Event: 27.507 GC heap before
{Heap before GC invocations=6 (full 0):
 def new generation   total 4928K, used 4928K [0x03c00000, 0x04150000, 0x09150000)
  eden space 4416K, 100% used [0x03c00000, 0x04050000, 0x04050000)
  from space 512K, 100% used [0x04050000, 0x040d0000, 0x040d0000)
  to   space 512K,   0% used [0x040d0000, 0x040d0000, 0x04150000)
 tenured generation   total 10944K, used 7521K [0x09150000, 0x09c00000, 0x13c00000)
   the space 10944K,  68% used [0x09150000, 0x098a8740, 0x098a8800, 0x09c00000)
 Metaspace       used 2492K, capacity 3100K, committed 3136K, reserved 4480K
Event: 27.516 GC heap after
Heap after GC invocations=7 (full 0):
 def new generation   total 4928K, used 512K [0x03c00000, 0x04150000, 0x09150000)
  eden space 4416K,   0% used [0x03c00000, 0x03c00000, 0x04050000)
  from space 512K, 100% used [0x040d0000, 0x04150000, 0x04150000)
  to   space 512K,   0% used [0x04050000, 0x04050000, 0x040d0000)
 tenured generation   total 10944K, used 8440K [0x09150000, 0x09c00000, 0x13c00000)
   the space 10944K,  77% used [0x09150000, 0x0998e370, 0x0998e400, 0x09c00000)
 Metaspace       used 2492K, capacity 3100K, committed 3136K, reserved 4480K
}
Event: 27.610 GC heap before
{Heap before GC invocations=7 (full 0):
 def new generation   total 4928K, used 4928K [0x03c00000, 0x04150000, 0x09150000)
  eden space 4416K, 100% used [0x03c00000, 0x04050000, 0x04050000)
  from space 512K, 100% used [0x040d0000, 0x04150000, 0x04150000)
  to   space 512K,   0% used [0x04050000, 0x04050000, 0x040d0000)
 tenured generation   total 10944K, used 8440K [0x09150000, 0x09c00000, 0x13c00000)
   the space 10944K,  77% used [0x09150000, 0x0998e370, 0x0998e400, 0x09c00000)
 Metaspace       used 2605K, capacity 3135K, committed 3136K, reserved 4480K
Event: 27.616 GC heap after
Heap after GC invocations=8 (full 0):
 def new generation   total 4928K, used 512K [0x03c00000, 0x04150000, 0x09150000)
  eden space 4416K,   0% used [0x03c00000, 0x03c00000, 0x04050000)
  from space 512K, 100% used [0x04050000, 0x040d0000, 0x040d0000)
  to   space 512K,   0% used [0x040d0000, 0x040d0000, 0x04150000)
 tenured generation   total 10944K, used 9116K [0x09150000, 0x09c00000, 0x13c00000)
   the space 10944K,  83% used [0x09150000, 0x09a37338, 0x09a37400, 0x09c00000)
 Metaspace       used 2605K, capacity 3135K, committed 3136K, reserved 4480K
}
Event: 27.786 GC heap before
{Heap before GC invocations=8 (full 0):
 def new generation   total 4928K, used 4928K [0x03c00000, 0x04150000, 0x09150000)
  eden space 4416K, 100% used [0x03c00000, 0x04050000, 0x04050000)
  from space 512K, 100% used [0x04050000, 0x040d0000, 0x040d0000)
  to   space 512K,   0% used [0x040d0000, 0x040d0000, 0x04150000)
 tenured generation   total 10944K, used 9116K [0x09150000, 0x09c00000, 0x13c00000)
   the space 10944K,  83% used [0x09150000, 0x09a37338, 0x09a37400, 0x09c00000)
 Metaspace       used 3208K, capacity 3558K, committed 3648K, reserved 4480K
Event: 27.793 GC heap after
Heap after GC invocations=9 (full 0):
 def new generation   total 4928K, used 512K [0x03c00000, 0x04150000, 0x09150000)
  eden space 4416K,   0% used [0x03c00000, 0x03c00000, 0x04050000)
  from space 512K, 100% used [0x040d0000, 0x04150000, 0x04150000)
  to   space 512K,   0% used [0x04050000, 0x04050000, 0x040d0000)
 tenured generation   total 10944K, used 10177K [0x09150000, 0x09c00000, 0x13c00000)
   the space 10944K,  92% used [0x09150000, 0x09b405d0, 0x09b40600, 0x09c00000)
 Metaspace       used 3208K, capacity 3558K, committed 3648K, reserved 4480K
}
Event: 39.456 GC heap before
{Heap before GC invocations=9 (full 0):
 def new generation   total 4928K, used 4928K [0x03c00000, 0x04150000, 0x09150000)
  eden space 4416K, 100% used [0x03c00000, 0x04050000, 0x04050000)
  from space 512K, 100% used [0x040d0000, 0x04150000, 0x04150000)
  to   space 512K,   0% used [0x04050000, 0x04050000, 0x040d0000)
 tenured generation   total 10944K, used 10177K [0x09150000, 0x09c00000, 0x13c00000)
   the space 10944K,  92% used [0x09150000, 0x09b405d0, 0x09b40600, 0x09c00000)
 Metaspace       used 3851K, capacity 4102K, committed 4160K, reserved 4480K
Event: 39.506 GC heap after
Heap after GC invocations=10 (full 1):
 def new generation   total 8256K, used 0K [0x03c00000, 0x044f0000, 0x09150000)
  eden space 7360K,   0% used [0x03c00000, 0x03c00000, 0x04330000)
  from space 896K,   0% used [0x04330000, 0x04330000, 0x04410000)
  to   space 896K,   0% used [0x04410000, 0x04410000, 0x044f0000)
 tenured generation   total 18128K, used 10874K [0x09150000, 0x0a304000, 0x13c00000)
   the space 18128K,  59% used [0x09150000, 0x09beea98, 0x09beec00, 0x0a304000)
 Metaspace       used 3846K, capacity 4087K, committed 4160K, reserved 4480K
}

