# JRE version: Java(TM) SE Runtime Environment (8.0_181-b13) (build 1.8.0_181-b13)
# Java VM: Java HotSpot(TM) Client VM (25.181-b13 mixed mode windows-x86 )
Heap:
 def new generation   total 5440K, used 1366K [0x03e00000, 0x043e0000, 0x09350000)
  eden space 4864K,  20% used [0x03e00000, 0x03ef7350, 0x042c0000)
  from space 576K,  65% used [0x04350000, 0x043ae6a8, 0x043e0000)
  to   space 576K,   0% used [0x042c0000, 0x042c0000, 0x04350000)
 tenured generation   total 11904K, used 11577K [0x09350000, 0x09ef0000, 0x13e00000)
   the space 11904K,  97% used [0x09350000, 0x09e9e470, 0x09e9e600, 0x09ef0000)
 Metaspace       used 11241K, capacity 11448K, committed 11520K, reserved 11648K
GC Heap History (10 events):
Event: 12.959 GC heap before
{Heap before GC invocations=7 (full 1):
 def new generation   total 5440K, used 4864K [0x03e00000, 0x043e0000, 0x09350000)
  eden space 4864K, 100% used [0x03e00000, 0x042c0000, 0x042c0000)
  from space 576K,   0% used [0x042c0000, 0x042c0000, 0x04350000)
  to   space 576K,   0% used [0x04350000, 0x04350000, 0x043e0000)
 tenured generation   total 11904K, used 7141K [0x09350000, 0x09ef0000, 0x13e00000)
   the space 11904K,  59% used [0x09350000, 0x09a494a0, 0x09a49600, 0x09ef0000)
 Metaspace       used 9671K, capacity 9862K, committed 9984K, reserved 10624K
Event: 12.968 GC heap after
Heap after GC invocations=8 (full 1):
 def new generation   total 5440K, used 576K [0x03e00000, 0x043e0000, 0x09350000)
  eden space 4864K,   0% used [0x03e00000, 0x03e00000, 0x042c0000)
  from space 576K, 100% used [0x04350000, 0x043e0000, 0x043e0000)
  to   space 576K,   0% used [0x042c0000, 0x042c0000, 0x04350000)
 tenured generation   total 11904K, used 7732K [0x09350000, 0x09ef0000, 0x13e00000)
   the space 11904K,  64% used [0x09350000, 0x09add160, 0x09add200, 0x09ef0000)
 Metaspace       used 9671K, capacity 9862K, committed 9984K, reserved 10624K
}
Event: 13.080 GC heap before
{Heap before GC invocations=8 (full 1):
 def new generation   total 5440K, used 5440K [0x03e00000, 0x043e0000, 0x09350000)
  eden space 4864K, 100% used [0x03e00000, 0x042c0000, 0x042c0000)
  from space 576K, 100% used [0x04350000, 0x043e0000, 0x043e0000)
  to   space 576K,   0% used [0x042c0000, 0x042c0000, 0x04350000)
 tenured generation   total 11904K, used 7732K [0x09350000, 0x09ef0000, 0x13e00000)
   the space 11904K,  64% used [0x09350000, 0x09add160, 0x09add200, 0x09ef0000)
 Metaspace       used 9765K, capacity 9998K, committed 10112K, reserved 10624K
Event: 13.086 GC heap after
Heap after GC invocations=9 (full 1):
 def new generation   total 5440K, used 576K [0x03e00000, 0x043e0000, 0x09350000)
  eden space 4864K,   0% used [0x03e00000, 0x03e00000, 0x042c0000)
  from space 576K, 100% used [0x042c0000, 0x04350000, 0x04350000)
  to   space 576K,   0% used [0x04350000, 0x04350000, 0x043e0000)
 tenured generation   total 11904K, used 8336K [0x09350000, 0x09ef0000, 0x13e00000)
   the space 11904K,  70% used [0x09350000, 0x09b74000, 0x09b74000, 0x09ef0000)
 Metaspace       used 9765K, capacity 9998K, committed 10112K, reserved 10624K
}
Event: 13.312 GC heap before
{Heap before GC invocations=9 (full 1):
 def new generation   total 5440K, used 5432K [0x03e00000, 0x043e0000, 0x09350000)
  eden space 4864K,  99% used [0x03e00000, 0x042be300, 0x042c0000)
  from space 576K, 100% used [0x042c0000, 0x04350000, 0x04350000)
  to   space 576K,   0% used [0x04350000, 0x04350000, 0x043e0000)
 tenured generation   total 11904K, used 8336K [0x09350000, 0x09ef0000, 0x13e00000)
   the space 11904K,  70% used [0x09350000, 0x09b74000, 0x09b74000, 0x09ef0000)
 Metaspace       used 10482K, capacity 10677K, committed 10752K, reserved 11648K
Event: 13.320 GC heap after
Heap after GC invocations=10 (full 1):
 def new generation   total 5440K, used 576K [0x03e00000, 0x043e0000, 0x09350000)
  eden space 4864K,   0% used [0x03e00000, 0x03e00000, 0x042c0000)
  from space 576K, 100% used [0x04350000, 0x043e0000, 0x043e0000)
  to   space 576K,   0% used [0x042c0000, 0x042c0000, 0x04350000)
 tenured generation   total 11904K, used 9685K [0x09350000, 0x09ef0000, 0x13e00000)
   the space 11904K,  81% used [0x09350000, 0x09cc57c8, 0x09cc5800, 0x09ef0000)
 Metaspace       used 10482K, capacity 10677K, committed 10752K, reserved 11648K
}
Event: 18.921 GC heap before
{Heap before GC invocations=10 (full 1):
 def new generation   total 5440K, used 5440K [0x03e00000, 0x043e0000, 0x09350000)
  eden space 4864K, 100% used [0x03e00000, 0x042c0000, 0x042c0000)
  from space 576K, 100% used [0x04350000, 0x043e0000, 0x043e0000)
  to   space 576K,   0% used [0x042c0000, 0x042c0000, 0x04350000)
 tenured generation   total 11904K, used 9685K [0x09350000, 0x09ef0000, 0x13e00000)
   the space 11904K,  81% used [0x09350000, 0x09cc57c8, 0x09cc5800, 0x09ef0000)
 Metaspace       used 11137K, capacity 11349K, committed 11392K, reserved 11648K
Event: 18.943 GC heap after
Heap after GC invocations=11 (full 1):
 def new generation   total 5440K, used 576K [0x03e00000, 0x043e0000, 0x09350000)
  eden space 4864K,   0% used [0x03e00000, 0x03e00000, 0x042c0000)
  from space 576K, 100% used [0x042c0000, 0x04350000, 0x04350000)
  to   space 576K,   0% used [0x04350000, 0x04350000, 0x043e0000)
 tenured generation   total 11904K, used 10566K [0x09350000, 0x09ef0000, 0x13e00000)
   the space 11904K,  88% used [0x09350000, 0x09da1990, 0x09da1a00, 0x09ef0000)
 Metaspace       used 11137K, capacity 11349K, committed 11392K, reserved 11648K
}
Event: 137.345 GC heap before
{Heap before GC invocations=11 (full 1):
 def new generation   total 5440K, used 5440K [0x03e00000, 0x043e0000, 0x09350000)
  eden space 4864K, 100% used [0x03e00000, 0x042c0000, 0x042c0000)
  from space 576K, 100% used [0x042c0000, 0x04350000, 0x04350000)
  to   space 576K,   0% used [0x04350000, 0x04350000, 0x043e0000)
 tenured generation   total 11904K, used 10566K [0x09350000, 0x09ef0000, 0x13e00000)
   the space 11904K,  88% used [0x09350000, 0x09da1990, 0x09da1a00, 0x09ef0000)
 Metaspace       used 11241K, capacity 11448K, committed 11520K, reserved 11648K
Event: 137.350 GC heap after
Heap after GC invocations=12 (full 1):
 def new generation   total 5440K, used 377K [0x03e00000, 0x043e0000, 0x09350000)
  eden space 4864K,   0% used [0x03e00000, 0x03e00000, 0x042c0000)
  from space 576K,  65% used [0x04350000, 0x043ae6a8, 0x043e0000)
  to   space 576K,   0% used [0x042c0000, 0x042c0000, 0x04350000)
 tenured generation   total 11904K, used 11577K [0x09350000, 0x09ef0000, 0x13e00000)
   the space 11904K,  97% used [0x09350000, 0x09e9e470, 0x09e9e600, 0x09ef0000)
 Metaspace       used 11241K, capacity 11448K, committed 11520K, reserved 11648K
}

