# JRE version: Java(TM) SE Runtime Environment (8.0_181-b13) (build 1.8.0_181-b13)
# Java VM: Java HotSpot(TM) Client VM (25.181-b13 mixed mode, sharing windows-x86 )
Heap:
 def new generation   total 5504K, used 2150K [0x03c00000, 0x041f0000, 0x09150000)
  eden space 4928K,  31% used [0x03c00000, 0x03d89a90, 0x040d0000)
  from space 576K, 100% used [0x040d0000, 0x04160000, 0x04160000)
  to   space 576K,   0% used [0x04160000, 0x04160000, 0x041f0000)
 tenured generation   total 11992K, used 10655K [0x09150000, 0x09d06000, 0x13c00000)
   the space 11992K,  88% used [0x09150000, 0x09bb7cb0, 0x09bb7e00, 0x09d06000)
 Metaspace       used 3670K, capacity 4080K, committed 4160K, reserved 4480K
GC Heap History (10 events):
Event: 6.470 GC heap before
{Heap before GC invocations=6 (full 0):
 def new generation   total 4928K, used 4602K [0x03c00000, 0x04150000, 0x09150000)
  eden space 4416K, 100% used [0x03c00000, 0x04050000, 0x04050000)
  from space 512K,  36% used [0x04050000, 0x0407e8f0, 0x040d0000)
  to   space 512K,   0% used [0x040d0000, 0x040d0000, 0x04150000)
 tenured generation   total 10944K, used 7003K [0x09150000, 0x09c00000, 0x13c00000)
   the space 10944K,  63% used [0x09150000, 0x09826e90, 0x09827000, 0x09c00000)
 Metaspace       used 1256K, capacity 2791K, committed 2880K, reserved 4480K
Event: 6.501 GC heap after
Heap after GC invocations=7 (full 1):
 def new generation   total 5504K, used 0K [0x03c00000, 0x041f0000, 0x09150000)
  eden space 4928K,   0% used [0x03c00000, 0x03c00000, 0x040d0000)
  from space 576K,   0% used [0x040d0000, 0x040d0000, 0x04160000)
  to   space 576K,   0% used [0x04160000, 0x04160000, 0x041f0000)
 tenured generation   total 11992K, used 7193K [0x09150000, 0x09d06000, 0x13c00000)
   the space 11992K,  59% used [0x09150000, 0x09856440, 0x09856600, 0x09d06000)
 Metaspace       used 1256K, capacity 2791K, committed 2880K, reserved 4480K
}
Event: 7.182 GC heap before
{Heap before GC invocations=7 (full 1):
 def new generation   total 5504K, used 4928K [0x03c00000, 0x041f0000, 0x09150000)
  eden space 4928K, 100% used [0x03c00000, 0x040d0000, 0x040d0000)
  from space 576K,   0% used [0x040d0000, 0x040d0000, 0x04160000)
  to   space 576K,   0% used [0x04160000, 0x04160000, 0x041f0000)
 tenured generation   total 11992K, used 7193K [0x09150000, 0x09d06000, 0x13c00000)
   the space 11992K,  59% used [0x09150000, 0x09856440, 0x09856600, 0x09d06000)
 Metaspace       used 2279K, capacity 3070K, committed 3136K, reserved 4480K
Event: 7.190 GC heap after
Heap after GC invocations=8 (full 1):
 def new generation   total 5504K, used 576K [0x03c00000, 0x041f0000, 0x09150000)
  eden space 4928K,   0% used [0x03c00000, 0x03c00000, 0x040d0000)
  from space 576K, 100% used [0x04160000, 0x041f0000, 0x041f0000)
  to   space 576K,   0% used [0x040d0000, 0x040d0000, 0x04160000)
 tenured generation   total 11992K, used 7796K [0x09150000, 0x09d06000, 0x13c00000)
   the space 11992K,  65% used [0x09150000, 0x098ed138, 0x098ed200, 0x09d06000)
 Metaspace       used 2279K, capacity 3070K, committed 3136K, reserved 4480K
}
Event: 7.282 GC heap before
{Heap before GC invocations=8 (full 1):
 def new generation   total 5504K, used 5504K [0x03c00000, 0x041f0000, 0x09150000)
  eden space 4928K, 100% used [0x03c00000, 0x040d0000, 0x040d0000)
  from space 576K, 100% used [0x04160000, 0x041f0000, 0x041f0000)
  to   space 576K,   0% used [0x040d0000, 0x040d0000, 0x04160000)
 tenured generation   total 11992K, used 7796K [0x09150000, 0x09d06000, 0x13c00000)
   the space 11992K,  65% used [0x09150000, 0x098ed138, 0x098ed200, 0x09d06000)
 Metaspace       used 2373K, capacity 3110K, committed 3136K, reserved 4480K
Event: 7.288 GC heap after
Heap after GC invocations=9 (full 1):
 def new generation   total 5504K, used 576K [0x03c00000, 0x041f0000, 0x09150000)
  eden space 4928K,   0% used [0x03c00000, 0x03c00000, 0x040d0000)
  from space 576K, 100% used [0x040d0000, 0x04160000, 0x04160000)
  to   space 576K,   0% used [0x04160000, 0x04160000, 0x041f0000)
 tenured generation   total 11992K, used 8458K [0x09150000, 0x09d06000, 0x13c00000)
   the space 11992K,  70% used [0x09150000, 0x09992988, 0x09992a00, 0x09d06000)
 Metaspace       used 2373K, capacity 3110K, committed 3136K, reserved 4480K
}
Event: 7.484 GC heap before
{Heap before GC invocations=9 (full 1):
 def new generation   total 5504K, used 5504K [0x03c00000, 0x041f0000, 0x09150000)
  eden space 4928K, 100% used [0x03c00000, 0x040d0000, 0x040d0000)
  from space 576K, 100% used [0x040d0000, 0x04160000, 0x04160000)
  to   space 576K,   0% used [0x04160000, 0x04160000, 0x041f0000)
 tenured generation   total 11992K, used 8458K [0x09150000, 0x09d06000, 0x13c00000)
   the space 11992K,  70% used [0x09150000, 0x09992988, 0x09992a00, 0x09d06000)
 Metaspace       used 3016K, capacity 3533K, committed 3648K, reserved 4480K
Event: 7.492 GC heap after
Heap after GC invocations=10 (full 1):
 def new generation   total 5504K, used 576K [0x03c00000, 0x041f0000, 0x09150000)
  eden space 4928K,   0% used [0x03c00000, 0x03c00000, 0x040d0000)
  from space 576K, 100% used [0x04160000, 0x041f0000, 0x041f0000)
  to   space 576K,   0% used [0x040d0000, 0x040d0000, 0x04160000)
 tenured generation   total 11992K, used 9798K [0x09150000, 0x09d06000, 0x13c00000)
   the space 11992K,  81% used [0x09150000, 0x09ae1930, 0x09ae1a00, 0x09d06000)
 Metaspace       used 3016K, capacity 3533K, committed 3648K, reserved 4480K
}
Event: 12.460 GC heap before
{Heap before GC invocations=10 (full 1):
 def new generation   total 5504K, used 5485K [0x03c00000, 0x041f0000, 0x09150000)
  eden space 4928K,  99% used [0x03c00000, 0x040cb438, 0x040d0000)
  from space 576K, 100% used [0x04160000, 0x041f0000, 0x041f0000)
  to   space 576K,   0% used [0x040d0000, 0x040d0000, 0x04160000)
 tenured generation   total 11992K, used 9798K [0x09150000, 0x09d06000, 0x13c00000)
   the space 11992K,  81% used [0x09150000, 0x09ae1930, 0x09ae1a00, 0x09d06000)
 Metaspace       used 3662K, capacity 4080K, committed 4160K, reserved 4480K
Event: 12.484 GC heap after
Heap after GC invocations=11 (full 1):
 def new generation   total 5504K, used 576K [0x03c00000, 0x041f0000, 0x09150000)
  eden space 4928K,   0% used [0x03c00000, 0x03c00000, 0x040d0000)
  from space 576K, 100% used [0x040d0000, 0x04160000, 0x04160000)
  to   space 576K,   0% used [0x04160000, 0x04160000, 0x041f0000)
 tenured generation   total 11992K, used 10655K [0x09150000, 0x09d06000, 0x13c00000)
   the space 11992K,  88% used [0x09150000, 0x09bb7cb0, 0x09bb7e00, 0x09d06000)
 Metaspace       used 3662K, capacity 4080K, committed 4160K, reserved 4480K
}

