# JRE version: Java(TM) SE Runtime Environment (8.0_181-b13) (build 1.8.0_181-b13)
# Java VM: Java HotSpot(TM) Client VM (25.181-b13 mixed mode windows-x86 )
Heap:
 def new generation   total 8640K, used 2321K [0x04000000, 0x04960000, 0x09550000)
  eden space 7680K,  30% used [0x04000000, 0x04244630, 0x04780000)
  from space 960K,   0% used [0x04780000, 0x04780000, 0x04870000)
  to   space 960K,   0% used [0x04870000, 0x04870000, 0x04960000)
 tenured generation   total 19096K, used 11456K [0x09550000, 0x0a7f6000, 0x14000000)
   the space 19096K,  59% used [0x09550000, 0x0a080000, 0x0a080000, 0x0a7f6000)
 Metaspace       used 11245K, capacity 11485K, committed 11520K, reserved 11648K
GC Heap History (10 events):
Event: 5.965 GC heap before
{Heap before GC invocations=5 (full 0):
 def new generation   total 4928K, used 4499K [0x04000000, 0x04550000, 0x09550000)
  eden space 4416K, 100% used [0x04000000, 0x04450000, 0x04450000)
  from space 512K,  16% used [0x044d0000, 0x044e4e40, 0x04550000)
  to   space 512K,   0% used [0x04450000, 0x04450000, 0x044d0000)
 tenured generation   total 10944K, used 6823K [0x09550000, 0x0a000000, 0x14000000)
   the space 10944K,  62% used [0x09550000, 0x09bf9da8, 0x09bf9e00, 0x0a000000)
 Metaspace       used 9381K, capacity 9560K, committed 9600K, reserved 9600K
Event: 5.974 GC heap after
Heap after GC invocations=6 (full 0):
 def new generation   total 4928K, used 512K [0x04000000, 0x04550000, 0x09550000)
  eden space 4416K,   0% used [0x04000000, 0x04000000, 0x04450000)
  from space 512K, 100% used [0x04450000, 0x044d0000, 0x044d0000)
  to   space 512K,   0% used [0x044d0000, 0x044d0000, 0x04550000)
 tenured generation   total 10944K, used 7591K [0x09550000, 0x0a000000, 0x14000000)
   the space 10944K,  69% used [0x09550000, 0x09cb9ce0, 0x09cb9e00, 0x0a000000)
 Metaspace       used 9381K, capacity 9560K, committed 9600K, reserved 9600K
}
Event: 6.090 GC heap before
{Heap before GC invocations=6 (full 0):
 def new generation   total 4928K, used 4928K [0x04000000, 0x04550000, 0x09550000)
  eden space 4416K, 100% used [0x04000000, 0x04450000, 0x04450000)
  from space 512K, 100% used [0x04450000, 0x044d0000, 0x044d0000)
  to   space 512K,   0% used [0x044d0000, 0x044d0000, 0x04550000)
 tenured generation   total 10944K, used 7591K [0x09550000, 0x0a000000, 0x14000000)
   the space 10944K,  69% used [0x09550000, 0x09cb9ce0, 0x09cb9e00, 0x0a000000)
 Metaspace       used 9608K, capacity 9769K, committed 9856K, reserved 10624K
Event: 6.099 GC heap after
Heap after GC invocations=7 (full 0):
 def new generation   total 4928K, used 512K [0x04000000, 0x04550000, 0x09550000)
  eden space 4416K,   0% used [0x04000000, 0x04000000, 0x04450000)
  from space 512K, 100% used [0x044d0000, 0x04550000, 0x04550000)
  to   space 512K,   0% used [0x04450000, 0x04450000, 0x044d0000)
 tenured generation   total 10944K, used 8513K [0x09550000, 0x0a000000, 0x14000000)
   the space 10944K,  77% used [0x09550000, 0x09da0688, 0x09da0800, 0x0a000000)
 Metaspace       used 9608K, capacity 9769K, committed 9856K, reserved 10624K
}
Event: 6.209 GC heap before
{Heap before GC invocations=7 (full 0):
 def new generation   total 4928K, used 4928K [0x04000000, 0x04550000, 0x09550000)
  eden space 4416K, 100% used [0x04000000, 0x04450000, 0x04450000)
  from space 512K, 100% used [0x044d0000, 0x04550000, 0x04550000)
  to   space 512K,   0% used [0x04450000, 0x04450000, 0x044d0000)
 tenured generation   total 10944K, used 8513K [0x09550000, 0x0a000000, 0x14000000)
   the space 10944K,  77% used [0x09550000, 0x09da0688, 0x09da0800, 0x0a000000)
 Metaspace       used 9773K, capacity 9996K, committed 10112K, reserved 10624K
Event: 6.218 GC heap after
Heap after GC invocations=8 (full 0):
 def new generation   total 4928K, used 512K [0x04000000, 0x04550000, 0x09550000)
  eden space 4416K,   0% used [0x04000000, 0x04000000, 0x04450000)
  from space 512K, 100% used [0x04450000, 0x044d0000, 0x044d0000)
  to   space 512K,   0% used [0x044d0000, 0x044d0000, 0x04550000)
 tenured generation   total 10944K, used 9340K [0x09550000, 0x0a000000, 0x14000000)
   the space 10944K,  85% used [0x09550000, 0x09e6f2f8, 0x09e6f400, 0x0a000000)
 Metaspace       used 9773K, capacity 9996K, committed 10112K, reserved 10624K
}
Event: 6.396 GC heap before
{Heap before GC invocations=8 (full 0):
 def new generation   total 4928K, used 4928K [0x04000000, 0x04550000, 0x09550000)
  eden space 4416K, 100% used [0x04000000, 0x04450000, 0x04450000)
  from space 512K, 100% used [0x04450000, 0x044d0000, 0x044d0000)
  to   space 512K,   0% used [0x044d0000, 0x044d0000, 0x04550000)
 tenured generation   total 10944K, used 9340K [0x09550000, 0x0a000000, 0x14000000)
   the space 10944K,  85% used [0x09550000, 0x09e6f2f8, 0x09e6f400, 0x0a000000)
 Metaspace       used 10534K, capacity 10771K, committed 10880K, reserved 11648K
Event: 6.402 GC heap after
Heap after GC invocations=9 (full 0):
 def new generation   total 4928K, used 512K [0x04000000, 0x04550000, 0x09550000)
  eden space 4416K,   0% used [0x04000000, 0x04000000, 0x04450000)
  from space 512K, 100% used [0x044d0000, 0x04550000, 0x04550000)
  to   space 512K,   0% used [0x04450000, 0x04450000, 0x044d0000)
 tenured generation   total 10944K, used 10135K [0x09550000, 0x0a000000, 0x14000000)
   the space 10944K,  92% used [0x09550000, 0x09f35e48, 0x09f36000, 0x0a000000)
 Metaspace       used 10534K, capacity 10771K, committed 10880K, reserved 11648K
}
Event: 11.946 GC heap before
{Heap before GC invocations=9 (full 0):
 def new generation   total 4928K, used 4784K [0x04000000, 0x04550000, 0x09550000)
  eden space 4416K,  96% used [0x04000000, 0x0442c0b8, 0x04450000)
  from space 512K, 100% used [0x044d0000, 0x04550000, 0x04550000)
  to   space 512K,   0% used [0x04450000, 0x04450000, 0x044d0000)
 tenured generation   total 10944K, used 10135K [0x09550000, 0x0a000000, 0x14000000)
   the space 10944K,  92% used [0x09550000, 0x09f35e48, 0x09f36000, 0x0a000000)
 Metaspace       used 11162K, capacity 11382K, committed 11392K, reserved 11648K
Event: 12.038 GC heap after
Heap after GC invocations=10 (full 1):
 def new generation   total 8640K, used 116K [0x04000000, 0x04960000, 0x09550000)
  eden space 7680K,   1% used [0x04000000, 0x0401d1e0, 0x04780000)
  from space 960K,   0% used [0x04780000, 0x04780000, 0x04870000)
  to   space 960K,   0% used [0x04870000, 0x04870000, 0x04960000)
 tenured generation   total 19096K, used 11456K [0x09550000, 0x0a7f6000, 0x14000000)
   the space 19096K,  59% used [0x09550000, 0x0a080000, 0x0a080000, 0x0a7f6000)
 Metaspace       used 11162K, capacity 11382K, committed 11392K, reserved 11648K
}

