# JRE version: Java(TM) SE Runtime Environment (8.0_181-b13) (build 1.8.0_181-b13)
# Java VM: Java HotSpot(TM) Client VM (25.181-b13 mixed mode, sharing windows-x86 )
Heap:
 def new generation   total 8640K, used 4649K [0x03e00000, 0x04750000, 0x09350000)
  eden space 7744K,  60% used [0x03e00000, 0x0428a510, 0x04590000)
  from space 896K,   0% used [0x04590000, 0x04590000, 0x04670000)
  to   space 896K,   0% used [0x04670000, 0x04670000, 0x04750000)
 tenured generation   total 18880K, used 11327K [0x09350000, 0x0a5c0000, 0x13e00000)
   the space 18880K,  59% used [0x09350000, 0x09e5ffb0, 0x09e60000, 0x0a5c0000)
 Metaspace       used 3766K, capacity 4171K, committed 4288K, reserved 4480K
GC Heap History (10 events):
Event: 5.881 GC heap before
{Heap before GC invocations=5 (full 0):
 def new generation   total 4928K, used 4508K [0x03e00000, 0x04350000, 0x09350000)
  eden space 4416K, 100% used [0x03e00000, 0x04250000, 0x04250000)
  from space 512K,  17% used [0x042d0000, 0x042e7060, 0x04350000)
  to   space 512K,   0% used [0x04250000, 0x04250000, 0x042d0000)
 tenured generation   total 10944K, used 6818K [0x09350000, 0x09e00000, 0x13e00000)
   the space 10944K,  62% used [0x09350000, 0x099f8a90, 0x099f8c00, 0x09e00000)
 Metaspace       used 2110K, capacity 3058K, committed 3136K, reserved 4480K
Event: 5.890 GC heap after
Heap after GC invocations=6 (full 0):
 def new generation   total 4928K, used 512K [0x03e00000, 0x04350000, 0x09350000)
  eden space 4416K,   0% used [0x03e00000, 0x03e00000, 0x04250000)
  from space 512K, 100% used [0x04250000, 0x042d0000, 0x042d0000)
  to   space 512K,   0% used [0x042d0000, 0x042d0000, 0x04350000)
 tenured generation   total 10944K, used 7453K [0x09350000, 0x09e00000, 0x13e00000)
   the space 10944K,  68% used [0x09350000, 0x09a97518, 0x09a97600, 0x09e00000)
 Metaspace       used 2110K, capacity 3058K, committed 3136K, reserved 4480K
}
Event: 5.988 GC heap before
{Heap before GC invocations=6 (full 0):
 def new generation   total 4928K, used 4928K [0x03e00000, 0x04350000, 0x09350000)
  eden space 4416K, 100% used [0x03e00000, 0x04250000, 0x04250000)
  from space 512K, 100% used [0x04250000, 0x042d0000, 0x042d0000)
  to   space 512K,   0% used [0x042d0000, 0x042d0000, 0x04350000)
 tenured generation   total 10944K, used 7453K [0x09350000, 0x09e00000, 0x13e00000)
   the space 10944K,  68% used [0x09350000, 0x09a97518, 0x09a97600, 0x09e00000)
 Metaspace       used 2282K, capacity 3075K, committed 3136K, reserved 4480K
Event: 5.997 GC heap after
Heap after GC invocations=7 (full 0):
 def new generation   total 4928K, used 512K [0x03e00000, 0x04350000, 0x09350000)
  eden space 4416K,   0% used [0x03e00000, 0x03e00000, 0x04250000)
  from space 512K, 100% used [0x042d0000, 0x04350000, 0x04350000)
  to   space 512K,   0% used [0x04250000, 0x04250000, 0x042d0000)
 tenured generation   total 10944K, used 8351K [0x09350000, 0x09e00000, 0x13e00000)
   the space 10944K,  76% used [0x09350000, 0x09b77e10, 0x09b78000, 0x09e00000)
 Metaspace       used 2282K, capacity 3075K, committed 3136K, reserved 4480K
}
Event: 6.118 GC heap before
{Heap before GC invocations=7 (full 0):
 def new generation   total 4928K, used 4928K [0x03e00000, 0x04350000, 0x09350000)
  eden space 4416K, 100% used [0x03e00000, 0x04250000, 0x04250000)
  from space 512K, 100% used [0x042d0000, 0x04350000, 0x04350000)
  to   space 512K,   0% used [0x04250000, 0x04250000, 0x042d0000)
 tenured generation   total 10944K, used 8351K [0x09350000, 0x09e00000, 0x13e00000)
   the space 10944K,  76% used [0x09350000, 0x09b77e10, 0x09b78000, 0x09e00000)
 Metaspace       used 2498K, capacity 3238K, committed 3264K, reserved 4480K
Event: 6.126 GC heap after
Heap after GC invocations=8 (full 0):
 def new generation   total 4928K, used 512K [0x03e00000, 0x04350000, 0x09350000)
  eden space 4416K,   0% used [0x03e00000, 0x03e00000, 0x04250000)
  from space 512K, 100% used [0x04250000, 0x042d0000, 0x042d0000)
  to   space 512K,   0% used [0x042d0000, 0x042d0000, 0x04350000)
 tenured generation   total 10944K, used 9194K [0x09350000, 0x09e00000, 0x13e00000)
   the space 10944K,  84% used [0x09350000, 0x09c4a988, 0x09c4aa00, 0x09e00000)
 Metaspace       used 2498K, capacity 3238K, committed 3264K, reserved 4480K
}
Event: 6.293 GC heap before
{Heap before GC invocations=8 (full 0):
 def new generation   total 4928K, used 4928K [0x03e00000, 0x04350000, 0x09350000)
  eden space 4416K, 100% used [0x03e00000, 0x04250000, 0x04250000)
  from space 512K, 100% used [0x04250000, 0x042d0000, 0x042d0000)
  to   space 512K,   0% used [0x042d0000, 0x042d0000, 0x04350000)
 tenured generation   total 10944K, used 9194K [0x09350000, 0x09e00000, 0x13e00000)
   the space 10944K,  84% used [0x09350000, 0x09c4a988, 0x09c4aa00, 0x09e00000)
 Metaspace       used 3175K, capacity 3693K, committed 3776K, reserved 4480K
Event: 6.299 GC heap after
Heap after GC invocations=9 (full 0):
 def new generation   total 4928K, used 512K [0x03e00000, 0x04350000, 0x09350000)
  eden space 4416K,   0% used [0x03e00000, 0x03e00000, 0x04250000)
  from space 512K, 100% used [0x042d0000, 0x04350000, 0x04350000)
  to   space 512K,   0% used [0x04250000, 0x04250000, 0x042d0000)
 tenured generation   total 10944K, used 9985K [0x09350000, 0x09e00000, 0x13e00000)
   the space 10944K,  91% used [0x09350000, 0x09d10710, 0x09d10800, 0x09e00000)
 Metaspace       used 3175K, capacity 3693K, committed 3776K, reserved 4480K
}
Event: 15.648 GC heap before
{Heap before GC invocations=9 (full 0):
 def new generation   total 4928K, used 4928K [0x03e00000, 0x04350000, 0x09350000)
  eden space 4416K, 100% used [0x03e00000, 0x04250000, 0x04250000)
  from space 512K, 100% used [0x042d0000, 0x04350000, 0x04350000)
  to   space 512K,   0% used [0x04250000, 0x04250000, 0x042d0000)
 tenured generation   total 10944K, used 9985K [0x09350000, 0x09e00000, 0x13e00000)
   the space 10944K,  91% used [0x09350000, 0x09d10710, 0x09d10800, 0x09e00000)
 Metaspace       used 3770K, capacity 4183K, committed 4288K, reserved 4480K
Event: 15.696 GC heap after
Heap after GC invocations=10 (full 1):
 def new generation   total 8640K, used 127K [0x03e00000, 0x04750000, 0x09350000)
  eden space 7744K,   1% used [0x03e00000, 0x03e1fd70, 0x04590000)
  from space 896K,   0% used [0x04590000, 0x04590000, 0x04670000)
  to   space 896K,   0% used [0x04670000, 0x04670000, 0x04750000)
 tenured generation   total 18880K, used 11327K [0x09350000, 0x0a5c0000, 0x13e00000)
   the space 18880K,  59% used [0x09350000, 0x09e5ffb0, 0x09e60000, 0x0a5c0000)
 Metaspace       used 3766K, capacity 4171K, committed 4288K, reserved 4480K
}

