# JRE version: Java(TM) SE Runtime Environment (8.0_181-b13) (build 1.8.0_181-b13)
# Java VM: Java HotSpot(TM) Client VM (25.181-b13 mixed mode windows-x86 )
Heap:
 def new generation   total 4928K, used 512K [0x04000000, 0x04550000, 0x09550000)
  eden space 4416K,   0% used [0x04000000, 0x04000000, 0x04450000)
  from space 512K, 100% used [0x04450000, 0x044d0000, 0x044d0000)
  to   space 512K,   0% used [0x044d0000, 0x044d0000, 0x04550000)
 tenured generation   total 11200K, used 11144K [0x09550000, 0x0a040000, 0x14000000)
   the space 11200K,  99% used [0x09550000, 0x0a032228, 0x0a032400, 0x0a040000)
 Metaspace       used 11247K, capacity 11485K, committed 11520K, reserved 11648K
GC Heap History (10 events):
Event: 4.098 GC heap after
Heap after GC invocations=5 (full 0):
 def new generation   total 4928K, used 89K [0x04000000, 0x04550000, 0x09550000)
  eden space 4416K,   0% used [0x04000000, 0x04000000, 0x04450000)
  from space 512K,  17% used [0x044d0000, 0x044e66c0, 0x04550000)
  to   space 512K,   0% used [0x04450000, 0x04450000, 0x044d0000)
 tenured generation   total 10944K, used 6812K [0x09550000, 0x0a000000, 0x14000000)
   the space 10944K,  62% used [0x09550000, 0x09bf7068, 0x09bf7200, 0x0a000000)
 Metaspace       used 7701K, capacity 7885K, committed 7936K, reserved 8576K
}
Event: 5.757 GC heap before
{Heap before GC invocations=5 (full 0):
 def new generation   total 4928K, used 4505K [0x04000000, 0x04550000, 0x09550000)
  eden space 4416K, 100% used [0x04000000, 0x04450000, 0x04450000)
  from space 512K,  17% used [0x044d0000, 0x044e66c0, 0x04550000)
  to   space 512K,   0% used [0x04450000, 0x04450000, 0x044d0000)
 tenured generation   total 10944K, used 6812K [0x09550000, 0x0a000000, 0x14000000)
   the space 10944K,  62% used [0x09550000, 0x09bf7068, 0x09bf7200, 0x0a000000)
 Metaspace       used 9378K, capacity 9557K, committed 9600K, reserved 9600K
Event: 5.766 GC heap after
Heap after GC invocations=6 (full 0):
 def new generation   total 4928K, used 512K [0x04000000, 0x04550000, 0x09550000)
  eden space 4416K,   0% used [0x04000000, 0x04000000, 0x04450000)
  from space 512K, 100% used [0x04450000, 0x044d0000, 0x044d0000)
  to   space 512K,   0% used [0x044d0000, 0x044d0000, 0x04550000)
 tenured generation   total 10944K, used 7564K [0x09550000, 0x0a000000, 0x14000000)
   the space 10944K,  69% used [0x09550000, 0x09cb3390, 0x09cb3400, 0x0a000000)
 Metaspace       used 9378K, capacity 9557K, committed 9600K, reserved 9600K
}
Event: 5.883 GC heap before
{Heap before GC invocations=6 (full 0):
 def new generation   total 4928K, used 4928K [0x04000000, 0x04550000, 0x09550000)
  eden space 4416K, 100% used [0x04000000, 0x04450000, 0x04450000)
  from space 512K, 100% used [0x04450000, 0x044d0000, 0x044d0000)
  to   space 512K,   0% used [0x044d0000, 0x044d0000, 0x04550000)
 tenured generation   total 10944K, used 7564K [0x09550000, 0x0a000000, 0x14000000)
   the space 10944K,  69% used [0x09550000, 0x09cb3390, 0x09cb3400, 0x0a000000)
 Metaspace       used 9608K, capacity 9769K, committed 9856K, reserved 10624K
Event: 5.892 GC heap after
Heap after GC invocations=7 (full 0):
 def new generation   total 4928K, used 512K [0x04000000, 0x04550000, 0x09550000)
  eden space 4416K,   0% used [0x04000000, 0x04000000, 0x04450000)
  from space 512K, 100% used [0x044d0000, 0x04550000, 0x04550000)
  to   space 512K,   0% used [0x04450000, 0x04450000, 0x044d0000)
 tenured generation   total 10944K, used 8496K [0x09550000, 0x0a000000, 0x14000000)
   the space 10944K,  77% used [0x09550000, 0x09d9c030, 0x09d9c200, 0x0a000000)
 Metaspace       used 9608K, capacity 9769K, committed 9856K, reserved 10624K
}
Event: 6.000 GC heap before
{Heap before GC invocations=7 (full 0):
 def new generation   total 4928K, used 4928K [0x04000000, 0x04550000, 0x09550000)
  eden space 4416K, 100% used [0x04000000, 0x04450000, 0x04450000)
  from space 512K, 100% used [0x044d0000, 0x04550000, 0x04550000)
  to   space 512K,   0% used [0x04450000, 0x04450000, 0x044d0000)
 tenured generation   total 10944K, used 8496K [0x09550000, 0x0a000000, 0x14000000)
   the space 10944K,  77% used [0x09550000, 0x09d9c030, 0x09d9c200, 0x0a000000)
 Metaspace       used 9766K, capacity 9996K, committed 10112K, reserved 10624K
Event: 6.008 GC heap after
Heap after GC invocations=8 (full 0):
 def new generation   total 4928K, used 512K [0x04000000, 0x04550000, 0x09550000)
  eden space 4416K,   0% used [0x04000000, 0x04000000, 0x04450000)
  from space 512K, 100% used [0x04450000, 0x044d0000, 0x044d0000)
  to   space 512K,   0% used [0x044d0000, 0x044d0000, 0x04550000)
 tenured generation   total 10944K, used 9300K [0x09550000, 0x0a000000, 0x14000000)
   the space 10944K,  84% used [0x09550000, 0x09e65050, 0x09e65200, 0x0a000000)
 Metaspace       used 9766K, capacity 9996K, committed 10112K, reserved 10624K
}
Event: 6.204 GC heap before
{Heap before GC invocations=8 (full 0):
 def new generation   total 4928K, used 4928K [0x04000000, 0x04550000, 0x09550000)
  eden space 4416K, 100% used [0x04000000, 0x04450000, 0x04450000)
  from space 512K, 100% used [0x04450000, 0x044d0000, 0x044d0000)
  to   space 512K,   0% used [0x044d0000, 0x044d0000, 0x04550000)
 tenured generation   total 10944K, used 9300K [0x09550000, 0x0a000000, 0x14000000)
   the space 10944K,  84% used [0x09550000, 0x09e65050, 0x09e65200, 0x0a000000)
 Metaspace       used 10529K, capacity 10771K, committed 10880K, reserved 11648K
Event: 6.210 GC heap after
Heap after GC invocations=9 (full 0):
 def new generation   total 4928K, used 512K [0x04000000, 0x04550000, 0x09550000)
  eden space 4416K,   0% used [0x04000000, 0x04000000, 0x04450000)
  from space 512K, 100% used [0x044d0000, 0x04550000, 0x04550000)
  to   space 512K,   0% used [0x04450000, 0x04450000, 0x044d0000)
 tenured generation   total 10944K, used 10101K [0x09550000, 0x0a000000, 0x14000000)
   the space 10944K,  92% used [0x09550000, 0x09f2d678, 0x09f2d800, 0x0a000000)
 Metaspace       used 10529K, capacity 10771K, committed 10880K, reserved 11648K
}
Event: 45.644 GC heap before
{Heap before GC invocations=9 (full 0):
 def new generation   total 4928K, used 4928K [0x04000000, 0x04550000, 0x09550000)
  eden space 4416K, 100% used [0x04000000, 0x04450000, 0x04450000)
  from space 512K, 100% used [0x044d0000, 0x04550000, 0x04550000)
  to   space 512K,   0% used [0x04450000, 0x04450000, 0x044d0000)
 tenured generation   total 10944K, used 10101K [0x09550000, 0x0a000000, 0x14000000)
   the space 10944K,  92% used [0x09550000, 0x09f2d678, 0x09f2d800, 0x0a000000)
 Metaspace       used 11247K, capacity 11485K, committed 11520K, reserved 11648K

