# JRE version: Java(TM) SE Runtime Environment (8.0_181-b13) (build 1.8.0_181-b13)
# Java VM: Java HotSpot(TM) Client VM (25.181-b13 mixed mode, sharing windows-x86 )
Heap:
 def new generation   total 8448K, used 2196K [0x03e00000, 0x04720000, 0x09350000)
  eden space 7552K,  29% used [0x03e00000, 0x04025078, 0x04560000)
  from space 896K,   0% used [0x04560000, 0x04560000, 0x04640000)
  to   space 896K,   0% used [0x04640000, 0x04640000, 0x04720000)
 tenured generation   total 18576K, used 11145K [0x09350000, 0x0a574000, 0x13e00000)
   the space 18576K,  59% used [0x09350000, 0x09e325d0, 0x09e32600, 0x0a574000)
 Metaspace       used 3838K, capacity 4065K, committed 4160K, reserved 4480K
GC Heap History (10 events):
Event: 4.461 GC heap before
{Heap before GC invocations=6 (full 0):
 def new generation   total 4928K, used 4928K [0x03e00000, 0x04350000, 0x09350000)
  eden space 4416K, 100% used [0x03e00000, 0x04250000, 0x04250000)
  from space 512K, 100% used [0x04250000, 0x042d0000, 0x042d0000)
  to   space 512K,   0% used [0x042d0000, 0x042d0000, 0x04350000)
 tenured generation   total 10944K, used 7419K [0x09350000, 0x09e00000, 0x13e00000)
   the space 10944K,  67% used [0x09350000, 0x09a8ec38, 0x09a8ee00, 0x09e00000)
 Metaspace       used 2258K, capacity 3046K, committed 3136K, reserved 4480K
Event: 4.469 GC heap after
Heap after GC invocations=7 (full 0):
 def new generation   total 4928K, used 512K [0x03e00000, 0x04350000, 0x09350000)
  eden space 4416K,   0% used [0x03e00000, 0x03e00000, 0x04250000)
  from space 512K, 100% used [0x042d0000, 0x04350000, 0x04350000)
  to   space 512K,   0% used [0x04250000, 0x04250000, 0x042d0000)
 tenured generation   total 10944K, used 8193K [0x09350000, 0x09e00000, 0x13e00000)
   the space 10944K,  74% used [0x09350000, 0x09b50750, 0x09b50800, 0x09e00000)
 Metaspace       used 2258K, capacity 3046K, committed 3136K, reserved 4480K
}
Event: 4.603 GC heap before
{Heap before GC invocations=7 (full 0):
 def new generation   total 4928K, used 4928K [0x03e00000, 0x04350000, 0x09350000)
  eden space 4416K, 100% used [0x03e00000, 0x04250000, 0x04250000)
  from space 512K, 100% used [0x042d0000, 0x04350000, 0x04350000)
  to   space 512K,   0% used [0x04250000, 0x04250000, 0x042d0000)
 tenured generation   total 10944K, used 8193K [0x09350000, 0x09e00000, 0x13e00000)
   the space 10944K,  74% used [0x09350000, 0x09b50750, 0x09b50800, 0x09e00000)
 Metaspace       used 2492K, capacity 3238K, committed 3264K, reserved 4480K
Event: 4.612 GC heap after
Heap after GC invocations=8 (full 0):
 def new generation   total 4928K, used 512K [0x03e00000, 0x04350000, 0x09350000)
  eden space 4416K,   0% used [0x03e00000, 0x03e00000, 0x04250000)
  from space 512K, 100% used [0x04250000, 0x042d0000, 0x042d0000)
  to   space 512K,   0% used [0x042d0000, 0x042d0000, 0x04350000)
 tenured generation   total 10944K, used 9181K [0x09350000, 0x09e00000, 0x13e00000)
   the space 10944K,  83% used [0x09350000, 0x09c47798, 0x09c47800, 0x09e00000)
 Metaspace       used 2492K, capacity 3238K, committed 3264K, reserved 4480K
}
Event: 4.787 GC heap before
{Heap before GC invocations=8 (full 0):
 def new generation   total 4928K, used 4928K [0x03e00000, 0x04350000, 0x09350000)
  eden space 4416K, 100% used [0x03e00000, 0x04250000, 0x04250000)
  from space 512K, 100% used [0x04250000, 0x042d0000, 0x042d0000)
  to   space 512K,   0% used [0x042d0000, 0x042d0000, 0x04350000)
 tenured generation   total 10944K, used 9181K [0x09350000, 0x09e00000, 0x13e00000)
   the space 10944K,  83% used [0x09350000, 0x09c47798, 0x09c47800, 0x09e00000)
 Metaspace       used 3162K, capacity 3693K, committed 3776K, reserved 4480K
Event: 4.793 GC heap after
Heap after GC invocations=9 (full 0):
 def new generation   total 4928K, used 512K [0x03e00000, 0x04350000, 0x09350000)
  eden space 4416K,   0% used [0x03e00000, 0x03e00000, 0x04250000)
  from space 512K, 100% used [0x042d0000, 0x04350000, 0x04350000)
  to   space 512K,   0% used [0x04250000, 0x04250000, 0x042d0000)
 tenured generation   total 10944K, used 9967K [0x09350000, 0x09e00000, 0x13e00000)
   the space 10944K,  91% used [0x09350000, 0x09d0bd40, 0x09d0be00, 0x09e00000)
 Metaspace       used 3162K, capacity 3693K, committed 3776K, reserved 4480K
}
Event: 25.472 GC heap before
{Heap before GC invocations=9 (full 0):
 def new generation   total 4928K, used 4833K [0x03e00000, 0x04350000, 0x09350000)
  eden space 4416K,  97% used [0x03e00000, 0x042385d0, 0x04250000)
  from space 512K, 100% used [0x042d0000, 0x04350000, 0x04350000)
  to   space 512K,   0% used [0x04250000, 0x04250000, 0x042d0000)
 tenured generation   total 10944K, used 9967K [0x09350000, 0x09e00000, 0x13e00000)
   the space 10944K,  91% used [0x09350000, 0x09d0bd40, 0x09d0be00, 0x09e00000)
 Metaspace       used 3862K, capacity 4105K, committed 4160K, reserved 4480K
Event: 25.482 GC heap after
Heap after GC invocations=10 (full 0):
 def new generation   total 4928K, used 512K [0x03e00000, 0x04350000, 0x09350000)
  eden space 4416K,   0% used [0x03e00000, 0x03e00000, 0x04250000)
  from space 512K, 100% used [0x04250000, 0x042d0000, 0x042d0000)
  to   space 512K,   0% used [0x042d0000, 0x042d0000, 0x04350000)
 tenured generation   total 10944K, used 10644K [0x09350000, 0x09e00000, 0x13e00000)
   the space 10944K,  97% used [0x09350000, 0x09db5000, 0x09db5000, 0x09e00000)
 Metaspace       used 3862K, capacity 4105K, committed 4160K, reserved 4480K
}
Event: 41.921 GC heap before
{Heap before GC invocations=10 (full 0):
 def new generation   total 4928K, used 4762K [0x03e00000, 0x04350000, 0x09350000)
  eden space 4416K,  96% used [0x03e00000, 0x042269e8, 0x04250000)
  from space 512K, 100% used [0x04250000, 0x042d0000, 0x042d0000)
  to   space 512K,   0% used [0x042d0000, 0x042d0000, 0x04350000)
 tenured generation   total 10944K, used 10644K [0x09350000, 0x09e00000, 0x13e00000)
   the space 10944K,  97% used [0x09350000, 0x09db5000, 0x09db5000, 0x09e00000)
 Metaspace       used 3862K, capacity 4105K, committed 4160K, reserved 4480K
Event: 41.962 GC heap after
Heap after GC invocations=11 (full 1):
 def new generation   total 8448K, used 0K [0x03e00000, 0x04720000, 0x09350000)
  eden space 7552K,   0% used [0x03e00000, 0x03e00000, 0x04560000)
  from space 896K,   0% used [0x04560000, 0x04560000, 0x04640000)
  to   space 896K,   0% used [0x04640000, 0x04640000, 0x04720000)
 tenured generation   total 18576K, used 11145K [0x09350000, 0x0a574000, 0x13e00000)
   the space 18576K,  59% used [0x09350000, 0x09e325d0, 0x09e32600, 0x0a574000)
 Metaspace       used 3838K, capacity 4065K, committed 4160K, reserved 4480K
}

