# JRE version: Java(TM) SE Runtime Environment (8.0_181-b13) (build 1.8.0_181-b13)
# Java VM: Java HotSpot(TM) Client VM (25.181-b13 mixed mode, sharing windows-x86 )
Heap:
 def new generation   total 5440K, used 2141K [0x03c00000, 0x041e0000, 0x09150000)
  eden space 4864K,  32% used [0x03c00000, 0x03d87728, 0x040c0000)
  from space 576K, 100% used [0x040c0000, 0x04150000, 0x04150000)
  to   space 576K,   0% used [0x04150000, 0x04150000, 0x041e0000)
 tenured generation   total 11948K, used 10606K [0x09150000, 0x09cfb000, 0x13c00000)
   the space 11948K,  88% used [0x09150000, 0x09babaa0, 0x09babc00, 0x09cfb000)
 Metaspace       used 3619K, capacity 4080K, committed 4160K, reserved 4480K
GC Heap History (10 events):
Event: 8.878 GC heap before
{Heap before GC invocations=6 (full 0):
 def new generation   total 4928K, used 4602K [0x03c00000, 0x04150000, 0x09150000)
  eden space 4416K, 100% used [0x03c00000, 0x04050000, 0x04050000)
  from space 512K,  36% used [0x04050000, 0x0407e850, 0x040d0000)
  to   space 512K,   0% used [0x040d0000, 0x040d0000, 0x04150000)
 tenured generation   total 10944K, used 6981K [0x09150000, 0x09c00000, 0x13c00000)
   the space 10944K,  63% used [0x09150000, 0x098217f0, 0x09821800, 0x09c00000)
 Metaspace       used 1252K, capacity 2791K, committed 2880K, reserved 4480K
Event: 8.908 GC heap after
Heap after GC invocations=7 (full 1):
 def new generation   total 5440K, used 0K [0x03c00000, 0x041e0000, 0x09150000)
  eden space 4864K,   0% used [0x03c00000, 0x03c00000, 0x040c0000)
  from space 576K,   0% used [0x040c0000, 0x040c0000, 0x04150000)
  to   space 576K,   0% used [0x04150000, 0x04150000, 0x041e0000)
 tenured generation   total 11948K, used 7166K [0x09150000, 0x09cfb000, 0x13c00000)
   the space 11948K,  59% used [0x09150000, 0x0984fac0, 0x0984fc00, 0x09cfb000)
 Metaspace       used 1252K, capacity 2791K, committed 2880K, reserved 4480K
}
Event: 12.039 GC heap before
{Heap before GC invocations=7 (full 1):
 def new generation   total 5440K, used 4864K [0x03c00000, 0x041e0000, 0x09150000)
  eden space 4864K, 100% used [0x03c00000, 0x040c0000, 0x040c0000)
  from space 576K,   0% used [0x040c0000, 0x040c0000, 0x04150000)
  to   space 576K,   0% used [0x04150000, 0x04150000, 0x041e0000)
 tenured generation   total 11948K, used 7166K [0x09150000, 0x09cfb000, 0x13c00000)
   the space 11948K,  59% used [0x09150000, 0x0984fac0, 0x0984fc00, 0x09cfb000)
 Metaspace       used 2276K, capacity 3065K, committed 3136K, reserved 4480K
Event: 12.048 GC heap after
Heap after GC invocations=8 (full 1):
 def new generation   total 5440K, used 576K [0x03c00000, 0x041e0000, 0x09150000)
  eden space 4864K,   0% used [0x03c00000, 0x03c00000, 0x040c0000)
  from space 576K, 100% used [0x04150000, 0x041e0000, 0x041e0000)
  to   space 576K,   0% used [0x040c0000, 0x040c0000, 0x04150000)
 tenured generation   total 11948K, used 7731K [0x09150000, 0x09cfb000, 0x13c00000)
   the space 11948K,  64% used [0x09150000, 0x098dcf48, 0x098dd000, 0x09cfb000)
 Metaspace       used 2276K, capacity 3065K, committed 3136K, reserved 4480K
}
Event: 12.179 GC heap before
{Heap before GC invocations=8 (full 1):
 def new generation   total 5440K, used 5440K [0x03c00000, 0x041e0000, 0x09150000)
  eden space 4864K, 100% used [0x03c00000, 0x040c0000, 0x040c0000)
  from space 576K, 100% used [0x04150000, 0x041e0000, 0x041e0000)
  to   space 576K,   0% used [0x040c0000, 0x040c0000, 0x04150000)
 tenured generation   total 11948K, used 7731K [0x09150000, 0x09cfb000, 0x13c00000)
   the space 11948K,  64% used [0x09150000, 0x098dcf48, 0x098dd000, 0x09cfb000)
 Metaspace       used 2373K, capacity 3110K, committed 3136K, reserved 4480K
Event: 12.186 GC heap after
Heap after GC invocations=9 (full 1):
 def new generation   total 5440K, used 576K [0x03c00000, 0x041e0000, 0x09150000)
  eden space 4864K,   0% used [0x03c00000, 0x03c00000, 0x040c0000)
  from space 576K, 100% used [0x040c0000, 0x04150000, 0x04150000)
  to   space 576K,   0% used [0x04150000, 0x04150000, 0x041e0000)
 tenured generation   total 11948K, used 8374K [0x09150000, 0x09cfb000, 0x13c00000)
   the space 11948K,  70% used [0x09150000, 0x0997db98, 0x0997dc00, 0x09cfb000)
 Metaspace       used 2373K, capacity 3110K, committed 3136K, reserved 4480K
}
Event: 12.388 GC heap before
{Heap before GC invocations=9 (full 1):
 def new generation   total 5440K, used 5440K [0x03c00000, 0x041e0000, 0x09150000)
  eden space 4864K, 100% used [0x03c00000, 0x040c0000, 0x040c0000)
  from space 576K, 100% used [0x040c0000, 0x04150000, 0x04150000)
  to   space 576K,   0% used [0x04150000, 0x04150000, 0x041e0000)
 tenured generation   total 11948K, used 8374K [0x09150000, 0x09cfb000, 0x13c00000)
   the space 11948K,  70% used [0x09150000, 0x0997db98, 0x0997dc00, 0x09cfb000)
 Metaspace       used 2905K, capacity 3499K, committed 3520K, reserved 4480K
Event: 12.397 GC heap after
Heap after GC invocations=10 (full 1):
 def new generation   total 5440K, used 576K [0x03c00000, 0x041e0000, 0x09150000)
  eden space 4864K,   0% used [0x03c00000, 0x03c00000, 0x040c0000)
  from space 576K, 100% used [0x04150000, 0x041e0000, 0x041e0000)
  to   space 576K,   0% used [0x040c0000, 0x040c0000, 0x04150000)
 tenured generation   total 11948K, used 9692K [0x09150000, 0x09cfb000, 0x13c00000)
   the space 11948K,  81% used [0x09150000, 0x09ac7368, 0x09ac7400, 0x09cfb000)
 Metaspace       used 2905K, capacity 3499K, committed 3520K, reserved 4480K
}
Event: 12.699 GC heap before
{Heap before GC invocations=10 (full 1):
 def new generation   total 5440K, used 5440K [0x03c00000, 0x041e0000, 0x09150000)
  eden space 4864K, 100% used [0x03c00000, 0x040c0000, 0x040c0000)
  from space 576K, 100% used [0x04150000, 0x041e0000, 0x041e0000)
  to   space 576K,   0% used [0x040c0000, 0x040c0000, 0x04150000)
 tenured generation   total 11948K, used 9692K [0x09150000, 0x09cfb000, 0x13c00000)
   the space 11948K,  81% used [0x09150000, 0x09ac7368, 0x09ac7400, 0x09cfb000)
 Metaspace       used 3607K, capacity 4077K, committed 4160K, reserved 4480K
Event: 12.705 GC heap after
Heap after GC invocations=11 (full 1):
 def new generation   total 5440K, used 576K [0x03c00000, 0x041e0000, 0x09150000)
  eden space 4864K,   0% used [0x03c00000, 0x03c00000, 0x040c0000)
  from space 576K, 100% used [0x040c0000, 0x04150000, 0x04150000)
  to   space 576K,   0% used [0x04150000, 0x04150000, 0x041e0000)
 tenured generation   total 11948K, used 10606K [0x09150000, 0x09cfb000, 0x13c00000)
   the space 11948K,  88% used [0x09150000, 0x09babaa0, 0x09babc00, 0x09cfb000)
 Metaspace       used 3607K, capacity 4077K, committed 4160K, reserved 4480K
}

