# JRE version: Java(TM) SE Runtime Environment (8.0_181-b13) (build 1.8.0_181-b13)
# Java VM: Java HotSpot(TM) Client VM (25.181-b13 mixed mode, sharing windows-x86 )
Heap:
 def new generation   total 5504K, used 2877K [0x03e00000, 0x043f0000, 0x09350000)
  eden space 4928K,  46% used [0x03e00000, 0x0403f4a8, 0x042d0000)
  from space 576K, 100% used [0x042d0000, 0x04360000, 0x04360000)
  to   space 576K,   0% used [0x04360000, 0x04360000, 0x043f0000)
 tenured generation   total 12020K, used 10670K [0x09350000, 0x09f0d000, 0x13e00000)
   the space 12020K,  88% used [0x09350000, 0x09dbbab0, 0x09dbbc00, 0x09f0d000)
 Metaspace       used 3801K, capacity 4092K, committed 4160K, reserved 4480K
GC Heap History (10 events):
Event: 27.853 GC heap before
{Heap before GC invocations=8 (full 1):
 def new generation   total 5440K, used 4979K [0x03e00000, 0x043e0000, 0x09350000)
  eden space 4864K, 100% used [0x03e00000, 0x042c0000, 0x042c0000)
  from space 576K,  20% used [0x04350000, 0x0436cf28, 0x043e0000)
  to   space 576K,   0% used [0x042c0000, 0x042c0000, 0x04350000)
 tenured generation   total 11944K, used 11263K [0x09350000, 0x09efa000, 0x13e00000)
   the space 11944K,  94% used [0x09350000, 0x09e4ff90, 0x09e50000, 0x09efa000)
 Metaspace       used 1441K, capacity 2816K, committed 2880K, reserved 4480K
Event: 27.917 GC heap after
Heap after GC invocations=9 (full 2):
 def new generation   total 5504K, used 0K [0x03e00000, 0x043f0000, 0x09350000)
  eden space 4928K,   0% used [0x03e00000, 0x03e00000, 0x042d0000)
  from space 576K,   0% used [0x042d0000, 0x042d0000, 0x04360000)
  to   space 576K,   0% used [0x04360000, 0x04360000, 0x043f0000)
 tenured generation   total 12020K, used 7210K [0x09350000, 0x09f0d000, 0x13e00000)
   the space 12020K,  59% used [0x09350000, 0x09a5aa38, 0x09a5ac00, 0x09f0d000)
 Metaspace       used 1434K, capacity 2799K, committed 2880K, reserved 4480K
}
Event: 31.550 GC heap before
{Heap before GC invocations=9 (full 2):
 def new generation   total 5504K, used 4928K [0x03e00000, 0x043f0000, 0x09350000)
  eden space 4928K, 100% used [0x03e00000, 0x042d0000, 0x042d0000)
  from space 576K,   0% used [0x042d0000, 0x042d0000, 0x04360000)
  to   space 576K,   0% used [0x04360000, 0x04360000, 0x043f0000)
 tenured generation   total 12020K, used 7210K [0x09350000, 0x09f0d000, 0x13e00000)
   the space 12020K,  59% used [0x09350000, 0x09a5aa38, 0x09a5ac00, 0x09f0d000)
 Metaspace       used 2458K, capacity 3075K, committed 3136K, reserved 4480K
Event: 31.559 GC heap after
Heap after GC invocations=10 (full 2):
 def new generation   total 5504K, used 576K [0x03e00000, 0x043f0000, 0x09350000)
  eden space 4928K,   0% used [0x03e00000, 0x03e00000, 0x042d0000)
  from space 576K, 100% used [0x04360000, 0x043f0000, 0x043f0000)
  to   space 576K,   0% used [0x042d0000, 0x042d0000, 0x04360000)
 tenured generation   total 12020K, used 7782K [0x09350000, 0x09f0d000, 0x13e00000)
   the space 12020K,  64% used [0x09350000, 0x09ae99d0, 0x09ae9a00, 0x09f0d000)
 Metaspace       used 2458K, capacity 3075K, committed 3136K, reserved 4480K
}
Event: 31.654 GC heap before
{Heap before GC invocations=10 (full 2):
 def new generation   total 5504K, used 5504K [0x03e00000, 0x043f0000, 0x09350000)
  eden space 4928K, 100% used [0x03e00000, 0x042d0000, 0x042d0000)
  from space 576K, 100% used [0x04360000, 0x043f0000, 0x043f0000)
  to   space 576K,   0% used [0x042d0000, 0x042d0000, 0x04360000)
 tenured generation   total 12020K, used 7782K [0x09350000, 0x09f0d000, 0x13e00000)
   the space 12020K,  64% used [0x09350000, 0x09ae99d0, 0x09ae9a00, 0x09f0d000)
 Metaspace       used 2555K, capacity 3120K, committed 3136K, reserved 4480K
Event: 31.661 GC heap after
Heap after GC invocations=11 (full 2):
 def new generation   total 5504K, used 576K [0x03e00000, 0x043f0000, 0x09350000)
  eden space 4928K,   0% used [0x03e00000, 0x03e00000, 0x042d0000)
  from space 576K, 100% used [0x042d0000, 0x04360000, 0x04360000)
  to   space 576K,   0% used [0x04360000, 0x04360000, 0x043f0000)
 tenured generation   total 12020K, used 8430K [0x09350000, 0x09f0d000, 0x13e00000)
   the space 12020K,  70% used [0x09350000, 0x09b8b8c8, 0x09b8ba00, 0x09f0d000)
 Metaspace       used 2555K, capacity 3120K, committed 3136K, reserved 4480K
}
Event: 31.852 GC heap before
{Heap before GC invocations=11 (full 2):
 def new generation   total 5504K, used 5504K [0x03e00000, 0x043f0000, 0x09350000)
  eden space 4928K, 100% used [0x03e00000, 0x042d0000, 0x042d0000)
  from space 576K, 100% used [0x042d0000, 0x04360000, 0x04360000)
  to   space 576K,   0% used [0x04360000, 0x04360000, 0x043f0000)
 tenured generation   total 12020K, used 8430K [0x09350000, 0x09f0d000, 0x13e00000)
   the space 12020K,  70% used [0x09350000, 0x09b8b8c8, 0x09b8ba00, 0x09f0d000)
 Metaspace       used 3172K, capacity 3514K, committed 3520K, reserved 4480K
Event: 31.860 GC heap after
Heap after GC invocations=12 (full 2):
 def new generation   total 5504K, used 576K [0x03e00000, 0x043f0000, 0x09350000)
  eden space 4928K,   0% used [0x03e00000, 0x03e00000, 0x042d0000)
  from space 576K, 100% used [0x04360000, 0x043f0000, 0x043f0000)
  to   space 576K,   0% used [0x042d0000, 0x042d0000, 0x04360000)
 tenured generation   total 12020K, used 9779K [0x09350000, 0x09f0d000, 0x13e00000)
   the space 12020K,  81% used [0x09350000, 0x09cdcc30, 0x09cdce00, 0x09f0d000)
 Metaspace       used 3172K, capacity 3514K, committed 3520K, reserved 4480K
}
Event: 34.788 GC heap before
{Heap before GC invocations=12 (full 2):
 def new generation   total 5504K, used 5504K [0x03e00000, 0x043f0000, 0x09350000)
  eden space 4928K, 100% used [0x03e00000, 0x042d0000, 0x042d0000)
  from space 576K, 100% used [0x04360000, 0x043f0000, 0x043f0000)
  to   space 576K,   0% used [0x042d0000, 0x042d0000, 0x04360000)
 tenured generation   total 12020K, used 9779K [0x09350000, 0x09f0d000, 0x13e00000)
   the space 12020K,  81% used [0x09350000, 0x09cdcc30, 0x09cdce00, 0x09f0d000)
 Metaspace       used 3792K, capacity 4090K, committed 4160K, reserved 4480K
Event: 34.801 GC heap after
Heap after GC invocations=13 (full 2):
 def new generation   total 5504K, used 576K [0x03e00000, 0x043f0000, 0x09350000)
  eden space 4928K,   0% used [0x03e00000, 0x03e00000, 0x042d0000)
  from space 576K, 100% used [0x042d0000, 0x04360000, 0x04360000)
  to   space 576K,   0% used [0x04360000, 0x04360000, 0x043f0000)
 tenured generation   total 12020K, used 10670K [0x09350000, 0x09f0d000, 0x13e00000)
   the space 12020K,  88% used [0x09350000, 0x09dbbab0, 0x09dbbc00, 0x09f0d000)
 Metaspace       used 3792K, capacity 4090K, committed 4160K, reserved 4480K
}

