# JRE version: Java(TM) SE Runtime Environment (8.0_181-b13) (build 1.8.0_181-b13)
# Java VM: Java HotSpot(TM) Client VM (25.181-b13 mixed mode, sharing windows-x86 )
Heap:
 def new generation   total 5440K, used 2152K [0x03c00000, 0x041e0000, 0x09150000)
  eden space 4864K,  32% used [0x03c00000, 0x03d8a148, 0x040c0000)
  from space 576K, 100% used [0x040c0000, 0x04150000, 0x04150000)
  to   space 576K,   0% used [0x04150000, 0x04150000, 0x041e0000)
 tenured generation   total 11916K, used 10594K [0x09150000, 0x09cf3000, 0x13c00000)
   the space 11916K,  88% used [0x09150000, 0x09ba8978, 0x09ba8a00, 0x09cf3000)
 Metaspace       used 3619K, capacity 4080K, committed 4160K, reserved 4480K
GC Heap History (10 events):
Event: 6.637 GC heap before
{Heap before GC invocations=6 (full 0):
 def new generation   total 4928K, used 4601K [0x03c00000, 0x04150000, 0x09150000)
  eden space 4416K, 100% used [0x03c00000, 0x04050000, 0x04050000)
  from space 512K,  36% used [0x04050000, 0x0407e538, 0x040d0000)
  to   space 512K,   0% used [0x040d0000, 0x040d0000, 0x04150000)
 tenured generation   total 10944K, used 6967K [0x09150000, 0x09c00000, 0x13c00000)
   the space 10944K,  63% used [0x09150000, 0x0981dc48, 0x0981de00, 0x09c00000)
 Metaspace       used 1252K, capacity 2791K, committed 2880K, reserved 4480K
Event: 6.666 GC heap after
Heap after GC invocations=7 (full 1):
 def new generation   total 5440K, used 0K [0x03c00000, 0x041e0000, 0x09150000)
  eden space 4864K,   0% used [0x03c00000, 0x03c00000, 0x040c0000)
  from space 576K,   0% used [0x040c0000, 0x040c0000, 0x04150000)
  to   space 576K,   0% used [0x04150000, 0x04150000, 0x041e0000)
 tenured generation   total 11916K, used 7148K [0x09150000, 0x09cf3000, 0x13c00000)
   the space 11916K,  59% used [0x09150000, 0x0984b3a8, 0x0984b400, 0x09cf3000)
 Metaspace       used 1252K, capacity 2791K, committed 2880K, reserved 4480K
}
Event: 7.637 GC heap before
{Heap before GC invocations=7 (full 1):
 def new generation   total 5440K, used 4864K [0x03c00000, 0x041e0000, 0x09150000)
  eden space 4864K, 100% used [0x03c00000, 0x040c0000, 0x040c0000)
  from space 576K,   0% used [0x040c0000, 0x040c0000, 0x04150000)
  to   space 576K,   0% used [0x04150000, 0x04150000, 0x041e0000)
 tenured generation   total 11916K, used 7148K [0x09150000, 0x09cf3000, 0x13c00000)
   the space 11916K,  59% used [0x09150000, 0x0984b3a8, 0x0984b400, 0x09cf3000)
 Metaspace       used 2279K, capacity 3070K, committed 3136K, reserved 4480K
Event: 7.646 GC heap after
Heap after GC invocations=8 (full 1):
 def new generation   total 5440K, used 576K [0x03c00000, 0x041e0000, 0x09150000)
  eden space 4864K,   0% used [0x03c00000, 0x03c00000, 0x040c0000)
  from space 576K, 100% used [0x04150000, 0x041e0000, 0x041e0000)
  to   space 576K,   0% used [0x040c0000, 0x040c0000, 0x04150000)
 tenured generation   total 11916K, used 7743K [0x09150000, 0x09cf3000, 0x13c00000)
   the space 11916K,  64% used [0x09150000, 0x098dfdc8, 0x098dfe00, 0x09cf3000)
 Metaspace       used 2279K, capacity 3070K, committed 3136K, reserved 4480K
}
Event: 7.745 GC heap before
{Heap before GC invocations=8 (full 1):
 def new generation   total 5440K, used 5440K [0x03c00000, 0x041e0000, 0x09150000)
  eden space 4864K, 100% used [0x03c00000, 0x040c0000, 0x040c0000)
  from space 576K, 100% used [0x04150000, 0x041e0000, 0x041e0000)
  to   space 576K,   0% used [0x040c0000, 0x040c0000, 0x04150000)
 tenured generation   total 11916K, used 7743K [0x09150000, 0x09cf3000, 0x13c00000)
   the space 11916K,  64% used [0x09150000, 0x098dfdc8, 0x098dfe00, 0x09cf3000)
 Metaspace       used 2373K, capacity 3110K, committed 3136K, reserved 4480K
Event: 7.751 GC heap after
Heap after GC invocations=9 (full 1):
 def new generation   total 5440K, used 576K [0x03c00000, 0x041e0000, 0x09150000)
  eden space 4864K,   0% used [0x03c00000, 0x03c00000, 0x040c0000)
  from space 576K, 100% used [0x040c0000, 0x04150000, 0x04150000)
  to   space 576K,   0% used [0x04150000, 0x04150000, 0x041e0000)
 tenured generation   total 11916K, used 8354K [0x09150000, 0x09cf3000, 0x13c00000)
   the space 11916K,  70% used [0x09150000, 0x09978a48, 0x09978c00, 0x09cf3000)
 Metaspace       used 2373K, capacity 3110K, committed 3136K, reserved 4480K
}
Event: 7.950 GC heap before
{Heap before GC invocations=9 (full 1):
 def new generation   total 5440K, used 5440K [0x03c00000, 0x041e0000, 0x09150000)
  eden space 4864K, 100% used [0x03c00000, 0x040c0000, 0x040c0000)
  from space 576K, 100% used [0x040c0000, 0x04150000, 0x04150000)
  to   space 576K,   0% used [0x04150000, 0x04150000, 0x041e0000)
 tenured generation   total 11916K, used 8354K [0x09150000, 0x09cf3000, 0x13c00000)
   the space 11916K,  70% used [0x09150000, 0x09978a48, 0x09978c00, 0x09cf3000)
 Metaspace       used 2988K, capacity 3501K, committed 3520K, reserved 4480K
Event: 7.958 GC heap after
Heap after GC invocations=10 (full 1):
 def new generation   total 5440K, used 576K [0x03c00000, 0x041e0000, 0x09150000)
  eden space 4864K,   0% used [0x03c00000, 0x03c00000, 0x040c0000)
  from space 576K, 100% used [0x04150000, 0x041e0000, 0x041e0000)
  to   space 576K,   0% used [0x040c0000, 0x040c0000, 0x04150000)
 tenured generation   total 11916K, used 9725K [0x09150000, 0x09cf3000, 0x13c00000)
   the space 11916K,  81% used [0x09150000, 0x09acf418, 0x09acf600, 0x09cf3000)
 Metaspace       used 2988K, capacity 3501K, committed 3520K, reserved 4480K
}
Event: 12.511 GC heap before
{Heap before GC invocations=10 (full 1):
 def new generation   total 5440K, used 5440K [0x03c00000, 0x041e0000, 0x09150000)
  eden space 4864K, 100% used [0x03c00000, 0x040c0000, 0x040c0000)
  from space 576K, 100% used [0x04150000, 0x041e0000, 0x041e0000)
  to   space 576K,   0% used [0x040c0000, 0x040c0000, 0x04150000)
 tenured generation   total 11916K, used 9725K [0x09150000, 0x09cf3000, 0x13c00000)
   the space 11916K,  81% used [0x09150000, 0x09acf418, 0x09acf600, 0x09cf3000)
 Metaspace       used 3610K, capacity 4080K, committed 4160K, reserved 4480K
Event: 12.526 GC heap after
Heap after GC invocations=11 (full 1):
 def new generation   total 5440K, used 576K [0x03c00000, 0x041e0000, 0x09150000)
  eden space 4864K,   0% used [0x03c00000, 0x03c00000, 0x040c0000)
  from space 576K, 100% used [0x040c0000, 0x04150000, 0x04150000)
  to   space 576K,   0% used [0x04150000, 0x04150000, 0x041e0000)
 tenured generation   total 11916K, used 10594K [0x09150000, 0x09cf3000, 0x13c00000)
   the space 11916K,  88% used [0x09150000, 0x09ba8978, 0x09ba8a00, 0x09cf3000)
 Metaspace       used 3610K, capacity 4080K, committed 4160K, reserved 4480K
}

