# JRE version: Java(TM) SE Runtime Environment (8.0_181-b13) (build 1.8.0_181-b13)
# Java VM: Java HotSpot(TM) Client VM (25.181-b13 mixed mode, sharing windows-x86 )
Heap:
 def new generation   total 5440K, used 5250K [0x03e00000, 0x043e0000, 0x09350000)
  eden space 4864K, 100% used [0x03e00000, 0x042c0000, 0x042c0000)
  from space 576K,  67% used [0x042c0000, 0x04320ac0, 0x04350000)
  to   space 576K,   0% used [0x04350000, 0x04350310, 0x043e0000)
 tenured generation   total 11976K, used 11346K [0x09350000, 0x09f02000, 0x13e00000)
   the space 11976K,  94% used [0x09350000, 0x09e64920, 0x09e64a00, 0x09f02000)
 Metaspace       used 3765K, capacity 4148K, committed 4288K, reserved 4480K
GC Heap History (10 events):
Event: 16.247 GC heap after
Heap after GC invocations=11 (full 1):
 def new generation   total 5440K, used 576K [0x03e00000, 0x043e0000, 0x09350000)
  eden space 4864K,   0% used [0x03e00000, 0x03e00000, 0x042c0000)
  from space 576K, 100% used [0x042c0000, 0x04350000, 0x04350000)
  to   space 576K,   0% used [0x04350000, 0x04350000, 0x043e0000)
 tenured generation   total 11976K, used 10624K [0x09350000, 0x09f02000, 0x13e00000)
   the space 11976K,  88% used [0x09350000, 0x09db0020, 0x09db0200, 0x09f02000)
 Metaspace       used 3609K, capacity 4080K, committed 4160K, reserved 4480K
}
Event: 28.209 GC heap before
{Heap before GC invocations=11 (full 1):
 def new generation   total 5440K, used 3817K [0x03e00000, 0x043e0000, 0x09350000)
  eden space 4864K,  66% used [0x03e00000, 0x0412a728, 0x042c0000)
  from space 576K, 100% used [0x042c0000, 0x04350000, 0x04350000)
  to   space 576K,   0% used [0x04350000, 0x04350000, 0x043e0000)
 tenured generation   total 11976K, used 10624K [0x09350000, 0x09f02000, 0x13e00000)
   the space 11976K,  88% used [0x09350000, 0x09db0020, 0x09db0200, 0x09f02000)
 Metaspace       used 3781K, capacity 4183K, committed 4288K, reserved 4480K
Event: 28.216 GC heap after
Heap after GC invocations=12 (full 1):
 def new generation   total 5440K, used 560K [0x03e00000, 0x043e0000, 0x09350000)
  eden space 4864K,   0% used [0x03e00000, 0x03e00000, 0x042c0000)
  from space 576K,  97% used [0x04350000, 0x043dc358, 0x043e0000)
  to   space 576K,   0% used [0x042c0000, 0x042c0000, 0x04350000)
 tenured generation   total 11976K, used 11055K [0x09350000, 0x09f02000, 0x13e00000)
   the space 11976K,  92% used [0x09350000, 0x09e1bf68, 0x09e1c000, 0x09f02000)
 Metaspace       used 3781K, capacity 4183K, committed 4288K, reserved 4480K
}
Event: 40.003 GC heap before
{Heap before GC invocations=12 (full 1):
 def new generation   total 5440K, used 5218K [0x03e00000, 0x043e0000, 0x09350000)
  eden space 4864K,  95% used [0x03e00000, 0x0428c848, 0x042c0000)
  from space 576K,  97% used [0x04350000, 0x043dc358, 0x043e0000)
  to   space 576K,   0% used [0x042c0000, 0x042c0000, 0x04350000)
 tenured generation   total 11976K, used 11055K [0x09350000, 0x09f02000, 0x13e00000)
   the space 11976K,  92% used [0x09350000, 0x09e1bf68, 0x09e1c000, 0x09f02000)
 Metaspace       used 3782K, capacity 4183K, committed 4288K, reserved 4480K
Event: 40.051 GC heap after
Heap after GC invocations=13 (full 2):
 def new generation   total 5440K, used 0K [0x03e00000, 0x043e0000, 0x09350000)
  eden space 4864K,   0% used [0x03e00000, 0x03e00000, 0x042c0000)
  from space 576K,   0% used [0x042c0000, 0x042c0000, 0x04350000)
  to   space 576K,   0% used [0x04350000, 0x04350000, 0x043e0000)
 tenured generation   total 11976K, used 6957K [0x09350000, 0x09f02000, 0x13e00000)
   the space 11976K,  58% used [0x09350000, 0x09a1b6a8, 0x09a1b800, 0x09f02000)
 Metaspace       used 3759K, capacity 4148K, committed 4288K, reserved 4480K
}
Event: 71.659 GC heap before
{Heap before GC invocations=13 (full 2):
 def new generation   total 5440K, used 4700K [0x03e00000, 0x043e0000, 0x09350000)
  eden space 4864K,  96% used [0x03e00000, 0x042970c8, 0x042c0000)
  from space 576K,   0% used [0x042c0000, 0x042c0000, 0x04350000)
  to   space 576K,   0% used [0x04350000, 0x04350000, 0x043e0000)
 tenured generation   total 11976K, used 6957K [0x09350000, 0x09f02000, 0x13e00000)
   the space 11976K,  58% used [0x09350000, 0x09a1b6a8, 0x09a1b800, 0x09f02000)
 Metaspace       used 3765K, capacity 4148K, committed 4288K, reserved 4480K
Event: 71.664 GC heap after
Heap after GC invocations=14 (full 2):
 def new generation   total 5440K, used 128K [0x03e00000, 0x043e0000, 0x09350000)
  eden space 4864K,   0% used [0x03e00000, 0x03e00000, 0x042c0000)
  from space 576K,  22% used [0x04350000, 0x04370320, 0x043e0000)
  to   space 576K,   0% used [0x042c0000, 0x042c0000, 0x04350000)
 tenured generation   total 11976K, used 11055K [0x09350000, 0x09f02000, 0x13e00000)
   the space 11976K,  92% used [0x09350000, 0x09e1beb8, 0x09e1c000, 0x09f02000)
 Metaspace       used 3765K, capacity 4148K, committed 4288K, reserved 4480K
}
Event: 81.279 GC heap before
{Heap before GC invocations=14 (full 2):
 def new generation   total 5440K, used 2543K [0x03e00000, 0x043e0000, 0x09350000)
  eden space 4864K,  49% used [0x03e00000, 0x0405bbe8, 0x042c0000)
  from space 576K,  22% used [0x04350000, 0x04370320, 0x043e0000)
  to   space 576K,   0% used [0x042c0000, 0x042c0000, 0x04350000)
 tenured generation   total 11976K, used 11055K [0x09350000, 0x09f02000, 0x13e00000)
   the space 11976K,  92% used [0x09350000, 0x09e1beb8, 0x09e1c000, 0x09f02000)
 Metaspace       used 3765K, capacity 4148K, committed 4288K, reserved 4480K
Event: 81.281 GC heap after
Heap after GC invocations=15 (full 2):
 def new generation   total 5440K, used 386K [0x03e00000, 0x043e0000, 0x09350000)
  eden space 4864K,   0% used [0x03e00000, 0x03e00000, 0x042c0000)
  from space 576K,  67% used [0x042c0000, 0x04320ac0, 0x04350000)
  to   space 576K,   0% used [0x04350000, 0x04350000, 0x043e0000)
 tenured generation   total 11976K, used 11343K [0x09350000, 0x09f02000, 0x13e00000)
   the space 11976K,  94% used [0x09350000, 0x09e63ec8, 0x09e64000, 0x09f02000)
 Metaspace       used 3765K, capacity 4148K, committed 4288K, reserved 4480K
}
Event: 207.262 GC heap before
{Heap before GC invocations=15 (full 2):
 def new generation   total 5440K, used 5250K [0x03e00000, 0x043e0000, 0x09350000)
  eden space 4864K, 100% used [0x03e00000, 0x042c0000, 0x042c0000)
  from space 576K,  67% used [0x042c0000, 0x04320ac0, 0x04350000)
  to   space 576K,   0% used [0x04350000, 0x04350000, 0x043e0000)
 tenured generation   total 11976K, used 11343K [0x09350000, 0x09f02000, 0x13e00000)
   the space 11976K,  94% used [0x09350000, 0x09e63ec8, 0x09e64000, 0x09f02000)
 Metaspace       used 3765K, capacity 4148K, committed 4288K, reserved 4480K

