# JRE version: Java(TM) SE Runtime Environment (8.0_181-b13) (build 1.8.0_181-b13)
# Java VM: Java HotSpot(TM) Client VM (25.181-b13 mixed mode, sharing windows-x86 )
Heap:
 def new generation   total 5440K, used 2139K [0x03e00000, 0x043e0000, 0x09350000)
  eden space 4864K,  32% used [0x03e00000, 0x03f86e60, 0x042c0000)
  from space 576K, 100% used [0x042c0000, 0x04350000, 0x04350000)
  to   space 576K,   0% used [0x04350000, 0x04350000, 0x043e0000)
 tenured generation   total 11976K, used 10626K [0x09350000, 0x09f02000, 0x13e00000)
   the space 11976K,  88% used [0x09350000, 0x09db0a18, 0x09db0c00, 0x09f02000)
 Metaspace       used 3619K, capacity 4080K, committed 4160K, reserved 4480K
GC Heap History (10 events):
Event: 6.723 GC heap before
{Heap before GC invocations=6 (full 0):
 def new generation   total 4928K, used 4602K [0x03e00000, 0x04350000, 0x09350000)
  eden space 4416K, 100% used [0x03e00000, 0x04250000, 0x04250000)
  from space 512K,  36% used [0x04250000, 0x0427e928, 0x042d0000)
  to   space 512K,   0% used [0x042d0000, 0x042d0000, 0x04350000)
 tenured generation   total 10944K, used 7001K [0x09350000, 0x09e00000, 0x13e00000)
   the space 10944K,  63% used [0x09350000, 0x09a266f0, 0x09a26800, 0x09e00000)
 Metaspace       used 1251K, capacity 2791K, committed 2880K, reserved 4480K
Event: 6.751 GC heap after
Heap after GC invocations=7 (full 1):
 def new generation   total 5440K, used 0K [0x03e00000, 0x043e0000, 0x09350000)
  eden space 4864K,   0% used [0x03e00000, 0x03e00000, 0x042c0000)
  from space 576K,   0% used [0x042c0000, 0x042c0000, 0x04350000)
  to   space 576K,   0% used [0x04350000, 0x04350000, 0x043e0000)
 tenured generation   total 11976K, used 7184K [0x09350000, 0x09f02000, 0x13e00000)
   the space 11976K,  59% used [0x09350000, 0x09a54080, 0x09a54200, 0x09f02000)
 Metaspace       used 1251K, capacity 2791K, committed 2880K, reserved 4480K
}
Event: 10.039 GC heap before
{Heap before GC invocations=7 (full 1):
 def new generation   total 5440K, used 4864K [0x03e00000, 0x043e0000, 0x09350000)
  eden space 4864K, 100% used [0x03e00000, 0x042c0000, 0x042c0000)
  from space 576K,   0% used [0x042c0000, 0x042c0000, 0x04350000)
  to   space 576K,   0% used [0x04350000, 0x04350000, 0x043e0000)
 tenured generation   total 11976K, used 7184K [0x09350000, 0x09f02000, 0x13e00000)
   the space 11976K,  59% used [0x09350000, 0x09a54080, 0x09a54200, 0x09f02000)
 Metaspace       used 2273K, capacity 3063K, committed 3136K, reserved 4480K
Event: 10.049 GC heap after
Heap after GC invocations=8 (full 1):
 def new generation   total 5440K, used 576K [0x03e00000, 0x043e0000, 0x09350000)
  eden space 4864K,   0% used [0x03e00000, 0x03e00000, 0x042c0000)
  from space 576K, 100% used [0x04350000, 0x043e0000, 0x043e0000)
  to   space 576K,   0% used [0x042c0000, 0x042c0000, 0x04350000)
 tenured generation   total 11976K, used 7751K [0x09350000, 0x09f02000, 0x13e00000)
   the space 11976K,  64% used [0x09350000, 0x09ae1e68, 0x09ae2000, 0x09f02000)
 Metaspace       used 2273K, capacity 3063K, committed 3136K, reserved 4480K
}
Event: 10.164 GC heap before
{Heap before GC invocations=8 (full 1):
 def new generation   total 5440K, used 5440K [0x03e00000, 0x043e0000, 0x09350000)
  eden space 4864K, 100% used [0x03e00000, 0x042c0000, 0x042c0000)
  from space 576K, 100% used [0x04350000, 0x043e0000, 0x043e0000)
  to   space 576K,   0% used [0x042c0000, 0x042c0000, 0x04350000)
 tenured generation   total 11976K, used 7751K [0x09350000, 0x09f02000, 0x13e00000)
   the space 11976K,  64% used [0x09350000, 0x09ae1e68, 0x09ae2000, 0x09f02000)
 Metaspace       used 2373K, capacity 3110K, committed 3136K, reserved 4480K
Event: 10.171 GC heap after
Heap after GC invocations=9 (full 1):
 def new generation   total 5440K, used 576K [0x03e00000, 0x043e0000, 0x09350000)
  eden space 4864K,   0% used [0x03e00000, 0x03e00000, 0x042c0000)
  from space 576K, 100% used [0x042c0000, 0x04350000, 0x04350000)
  to   space 576K,   0% used [0x04350000, 0x04350000, 0x043e0000)
 tenured generation   total 11976K, used 8393K [0x09350000, 0x09f02000, 0x13e00000)
   the space 11976K,  70% used [0x09350000, 0x09b825e0, 0x09b82600, 0x09f02000)
 Metaspace       used 2373K, capacity 3110K, committed 3136K, reserved 4480K
}
Event: 10.349 GC heap before
{Heap before GC invocations=9 (full 1):
 def new generation   total 5440K, used 5440K [0x03e00000, 0x043e0000, 0x09350000)
  eden space 4864K, 100% used [0x03e00000, 0x042c0000, 0x042c0000)
  from space 576K, 100% used [0x042c0000, 0x04350000, 0x04350000)
  to   space 576K,   0% used [0x04350000, 0x04350000, 0x043e0000)
 tenured generation   total 11976K, used 8393K [0x09350000, 0x09f02000, 0x13e00000)
   the space 11976K,  70% used [0x09350000, 0x09b825e0, 0x09b82600, 0x09f02000)
 Metaspace       used 2842K, capacity 3499K, committed 3520K, reserved 4480K
Event: 10.357 GC heap after
Heap after GC invocations=10 (full 1):
 def new generation   total 5440K, used 576K [0x03e00000, 0x043e0000, 0x09350000)
  eden space 4864K,   0% used [0x03e00000, 0x03e00000, 0x042c0000)
  from space 576K, 100% used [0x04350000, 0x043e0000, 0x043e0000)
  to   space 576K,   0% used [0x042c0000, 0x042c0000, 0x04350000)
 tenured generation   total 11976K, used 9695K [0x09350000, 0x09f02000, 0x13e00000)
   the space 11976K,  80% used [0x09350000, 0x09cc7fc8, 0x09cc8000, 0x09f02000)
 Metaspace       used 2842K, capacity 3499K, committed 3520K, reserved 4480K
}
Event: 10.626 GC heap before
{Heap before GC invocations=10 (full 1):
 def new generation   total 5440K, used 5440K [0x03e00000, 0x043e0000, 0x09350000)
  eden space 4864K, 100% used [0x03e00000, 0x042c0000, 0x042c0000)
  from space 576K, 100% used [0x04350000, 0x043e0000, 0x043e0000)
  to   space 576K,   0% used [0x042c0000, 0x042c0000, 0x04350000)
 tenured generation   total 11976K, used 9695K [0x09350000, 0x09f02000, 0x13e00000)
   the space 11976K,  80% used [0x09350000, 0x09cc7fc8, 0x09cc8000, 0x09f02000)
 Metaspace       used 3607K, capacity 4077K, committed 4160K, reserved 4480K
Event: 10.632 GC heap after
Heap after GC invocations=11 (full 1):
 def new generation   total 5440K, used 576K [0x03e00000, 0x043e0000, 0x09350000)
  eden space 4864K,   0% used [0x03e00000, 0x03e00000, 0x042c0000)
  from space 576K, 100% used [0x042c0000, 0x04350000, 0x04350000)
  to   space 576K,   0% used [0x04350000, 0x04350000, 0x043e0000)
 tenured generation   total 11976K, used 10626K [0x09350000, 0x09f02000, 0x13e00000)
   the space 11976K,  88% used [0x09350000, 0x09db0a18, 0x09db0c00, 0x09f02000)
 Metaspace       used 3607K, capacity 4077K, committed 4160K, reserved 4480K
}

