# JRE version: Java(TM) SE Runtime Environment (8.0_181-b13) (build 1.8.0_181-b13)
# Java VM: Java HotSpot(TM) Client VM (25.181-b13 mixed mode, sharing windows-x86 )
Heap:
 def new generation   total 4928K, used 1552K [0x03c00000, 0x04150000, 0x09150000)
  eden space 4416K,  23% used [0x03c00000, 0x03d04180, 0x04050000)
  from space 512K, 100% used [0x04050000, 0x040d0000, 0x040d0000)
  to   space 512K,   0% used [0x040d0000, 0x040d0000, 0x04150000)
 tenured generation   total 10944K, used 10912K [0x09150000, 0x09c00000, 0x13c00000)
   the space 10944K,  99% used [0x09150000, 0x09bf8228, 0x09bf8400, 0x09c00000)
 Metaspace       used 3867K, capacity 4137K, committed 4160K, reserved 4480K
GC Heap History (10 events):
Event: 4.744 GC heap before
{Heap before GC invocations=5 (full 0):
 def new generation   total 4928K, used 4496K [0x03c00000, 0x04150000, 0x09150000)
  eden space 4416K,  99% used [0x03c00000, 0x0404e1d8, 0x04050000)
  from space 512K,  17% used [0x040d0000, 0x040e6008, 0x04150000)
  to   space 512K,   0% used [0x04050000, 0x04050000, 0x040d0000)
 tenured generation   total 10944K, used 6819K [0x09150000, 0x09c00000, 0x13c00000)
   the space 10944K,  62% used [0x09150000, 0x097f8f98, 0x097f9000, 0x09c00000)
 Metaspace       used 2086K, capacity 3058K, committed 3136K, reserved 4480K
Event: 4.752 GC heap after
Heap after GC invocations=6 (full 0):
 def new generation   total 4928K, used 512K [0x03c00000, 0x04150000, 0x09150000)
  eden space 4416K,   0% used [0x03c00000, 0x03c00000, 0x04050000)
  from space 512K, 100% used [0x04050000, 0x040d0000, 0x040d0000)
  to   space 512K,   0% used [0x040d0000, 0x040d0000, 0x04150000)
 tenured generation   total 10944K, used 7406K [0x09150000, 0x09c00000, 0x13c00000)
   the space 10944K,  67% used [0x09150000, 0x0988b978, 0x0988ba00, 0x09c00000)
 Metaspace       used 2086K, capacity 3058K, committed 3136K, reserved 4480K
}
Event: 4.851 GC heap before
{Heap before GC invocations=6 (full 0):
 def new generation   total 4928K, used 4928K [0x03c00000, 0x04150000, 0x09150000)
  eden space 4416K, 100% used [0x03c00000, 0x04050000, 0x04050000)
  from space 512K, 100% used [0x04050000, 0x040d0000, 0x040d0000)
  to   space 512K,   0% used [0x040d0000, 0x040d0000, 0x04150000)
 tenured generation   total 10944K, used 7406K [0x09150000, 0x09c00000, 0x13c00000)
   the space 10944K,  67% used [0x09150000, 0x0988b978, 0x0988ba00, 0x09c00000)
 Metaspace       used 2258K, capacity 3075K, committed 3136K, reserved 4480K
Event: 4.860 GC heap after
Heap after GC invocations=7 (full 0):
 def new generation   total 4928K, used 512K [0x03c00000, 0x04150000, 0x09150000)
  eden space 4416K,   0% used [0x03c00000, 0x03c00000, 0x04050000)
  from space 512K, 100% used [0x040d0000, 0x04150000, 0x04150000)
  to   space 512K,   0% used [0x04050000, 0x04050000, 0x040d0000)
 tenured generation   total 10944K, used 8198K [0x09150000, 0x09c00000, 0x13c00000)
   the space 10944K,  74% used [0x09150000, 0x09951a30, 0x09951c00, 0x09c00000)
 Metaspace       used 2258K, capacity 3075K, committed 3136K, reserved 4480K
}
Event: 4.989 GC heap before
{Heap before GC invocations=7 (full 0):
 def new generation   total 4928K, used 4928K [0x03c00000, 0x04150000, 0x09150000)
  eden space 4416K, 100% used [0x03c00000, 0x04050000, 0x04050000)
  from space 512K, 100% used [0x040d0000, 0x04150000, 0x04150000)
  to   space 512K,   0% used [0x04050000, 0x04050000, 0x040d0000)
 tenured generation   total 10944K, used 8198K [0x09150000, 0x09c00000, 0x13c00000)
   the space 10944K,  74% used [0x09150000, 0x09951a30, 0x09951c00, 0x09c00000)
 Metaspace       used 2498K, capacity 3238K, committed 3264K, reserved 4480K
Event: 4.998 GC heap after
Heap after GC invocations=8 (full 0):
 def new generation   total 4928K, used 512K [0x03c00000, 0x04150000, 0x09150000)
  eden space 4416K,   0% used [0x03c00000, 0x03c00000, 0x04050000)
  from space 512K, 100% used [0x04050000, 0x040d0000, 0x040d0000)
  to   space 512K,   0% used [0x040d0000, 0x040d0000, 0x04150000)
 tenured generation   total 10944K, used 9198K [0x09150000, 0x09c00000, 0x13c00000)
   the space 10944K,  84% used [0x09150000, 0x09a4bac8, 0x09a4bc00, 0x09c00000)
 Metaspace       used 2498K, capacity 3238K, committed 3264K, reserved 4480K
}
Event: 5.172 GC heap before
{Heap before GC invocations=8 (full 0):
 def new generation   total 4928K, used 4928K [0x03c00000, 0x04150000, 0x09150000)
  eden space 4416K, 100% used [0x03c00000, 0x04050000, 0x04050000)
  from space 512K, 100% used [0x04050000, 0x040d0000, 0x040d0000)
  to   space 512K,   0% used [0x040d0000, 0x040d0000, 0x04150000)
 tenured generation   total 10944K, used 9198K [0x09150000, 0x09c00000, 0x13c00000)
   the space 10944K,  84% used [0x09150000, 0x09a4bac8, 0x09a4bc00, 0x09c00000)
 Metaspace       used 3168K, capacity 3693K, committed 3776K, reserved 4480K
Event: 5.178 GC heap after
Heap after GC invocations=9 (full 0):
 def new generation   total 4928K, used 512K [0x03c00000, 0x04150000, 0x09150000)
  eden space 4416K,   0% used [0x03c00000, 0x03c00000, 0x04050000)
  from space 512K, 100% used [0x040d0000, 0x04150000, 0x04150000)
  to   space 512K,   0% used [0x04050000, 0x04050000, 0x040d0000)
 tenured generation   total 10944K, used 9980K [0x09150000, 0x09c00000, 0x13c00000)
   the space 10944K,  91% used [0x09150000, 0x09b0f200, 0x09b0f200, 0x09c00000)
 Metaspace       used 3168K, capacity 3693K, committed 3776K, reserved 4480K
}
Event: 50.578 GC heap before
{Heap before GC invocations=9 (full 0):
 def new generation   total 4928K, used 4811K [0x03c00000, 0x04150000, 0x09150000)
  eden space 4416K,  97% used [0x03c00000, 0x04032c58, 0x04050000)
  from space 512K, 100% used [0x040d0000, 0x04150000, 0x04150000)
  to   space 512K,   0% used [0x04050000, 0x04050000, 0x040d0000)
 tenured generation   total 10944K, used 9980K [0x09150000, 0x09c00000, 0x13c00000)
   the space 10944K,  91% used [0x09150000, 0x09b0f200, 0x09b0f200, 0x09c00000)
 Metaspace       used 3842K, capacity 4105K, committed 4160K, reserved 4480K
Event: 50.596 GC heap after
Heap after GC invocations=10 (full 0):
 def new generation   total 4928K, used 512K [0x03c00000, 0x04150000, 0x09150000)
  eden space 4416K,   0% used [0x03c00000, 0x03c00000, 0x04050000)
  from space 512K, 100% used [0x04050000, 0x040d0000, 0x040d0000)
  to   space 512K,   0% used [0x040d0000, 0x040d0000, 0x04150000)
 tenured generation   total 10944K, used 10912K [0x09150000, 0x09c00000, 0x13c00000)
   the space 10944K,  99% used [0x09150000, 0x09bf8228, 0x09bf8400, 0x09c00000)
 Metaspace       used 3842K, capacity 4105K, committed 4160K, reserved 4480K
}

