# JRE version: Java(TM) SE Runtime Environment (8.0_181-b13) (build 1.8.0_181-b13)
# Java VM: Java HotSpot(TM) Client VM (25.181-b13 mixed mode, sharing windows-x86 )
Heap:
 def new generation   total 5440K, used 2155K [0x03e00000, 0x043e0000, 0x09350000)
  eden space 4864K,  32% used [0x03e00000, 0x03f8ac58, 0x042c0000)
  from space 576K, 100% used [0x042c0000, 0x04350000, 0x04350000)
  to   space 576K,   0% used [0x04350000, 0x04350000, 0x043e0000)
 tenured generation   total 11900K, used 10590K [0x09350000, 0x09eef000, 0x13e00000)
   the space 11900K,  88% used [0x09350000, 0x09da7ae8, 0x09da7c00, 0x09eef000)
 Metaspace       used 3619K, capacity 4080K, committed 4160K, reserved 4480K
GC Heap History (10 events):
Event: 12.426 GC heap before
{Heap before GC invocations=6 (full 0):
 def new generation   total 4928K, used 4600K [0x03e00000, 0x04350000, 0x09350000)
  eden space 4416K, 100% used [0x03e00000, 0x04250000, 0x04250000)
  from space 512K,  35% used [0x04250000, 0x0427e0b0, 0x042d0000)
  to   space 512K,   0% used [0x042d0000, 0x042d0000, 0x04350000)
 tenured generation   total 10944K, used 6956K [0x09350000, 0x09e00000, 0x13e00000)
   the space 10944K,  63% used [0x09350000, 0x09a1b220, 0x09a1b400, 0x09e00000)
 Metaspace       used 1252K, capacity 2791K, committed 2880K, reserved 4480K
Event: 12.456 GC heap after
Heap after GC invocations=7 (full 1):
 def new generation   total 5440K, used 0K [0x03e00000, 0x043e0000, 0x09350000)
  eden space 4864K,   0% used [0x03e00000, 0x03e00000, 0x042c0000)
  from space 576K,   0% used [0x042c0000, 0x042c0000, 0x04350000)
  to   space 576K,   0% used [0x04350000, 0x04350000, 0x043e0000)
 tenured generation   total 11900K, used 7137K [0x09350000, 0x09eef000, 0x13e00000)
   the space 11900K,  59% used [0x09350000, 0x09a48708, 0x09a48800, 0x09eef000)
 Metaspace       used 1252K, capacity 2791K, committed 2880K, reserved 4480K
}
Event: 16.031 GC heap before
{Heap before GC invocations=7 (full 1):
 def new generation   total 5440K, used 4864K [0x03e00000, 0x043e0000, 0x09350000)
  eden space 4864K, 100% used [0x03e00000, 0x042c0000, 0x042c0000)
  from space 576K,   0% used [0x042c0000, 0x042c0000, 0x04350000)
  to   space 576K,   0% used [0x04350000, 0x04350000, 0x043e0000)
 tenured generation   total 11900K, used 7137K [0x09350000, 0x09eef000, 0x13e00000)
   the space 11900K,  59% used [0x09350000, 0x09a48708, 0x09a48800, 0x09eef000)
 Metaspace       used 2278K, capacity 3068K, committed 3136K, reserved 4480K
Event: 16.041 GC heap after
Heap after GC invocations=8 (full 1):
 def new generation   total 5440K, used 576K [0x03e00000, 0x043e0000, 0x09350000)
  eden space 4864K,   0% used [0x03e00000, 0x03e00000, 0x042c0000)
  from space 576K, 100% used [0x04350000, 0x043e0000, 0x043e0000)
  to   space 576K,   0% used [0x042c0000, 0x042c0000, 0x04350000)
 tenured generation   total 11900K, used 7724K [0x09350000, 0x09eef000, 0x13e00000)
   the space 11900K,  64% used [0x09350000, 0x09adb0b0, 0x09adb200, 0x09eef000)
 Metaspace       used 2278K, capacity 3068K, committed 3136K, reserved 4480K
}
Event: 16.162 GC heap before
{Heap before GC invocations=8 (full 1):
 def new generation   total 5440K, used 5440K [0x03e00000, 0x043e0000, 0x09350000)
  eden space 4864K, 100% used [0x03e00000, 0x042c0000, 0x042c0000)
  from space 576K, 100% used [0x04350000, 0x043e0000, 0x043e0000)
  to   space 576K,   0% used [0x042c0000, 0x042c0000, 0x04350000)
 tenured generation   total 11900K, used 7724K [0x09350000, 0x09eef000, 0x13e00000)
   the space 11900K,  64% used [0x09350000, 0x09adb0b0, 0x09adb200, 0x09eef000)
 Metaspace       used 2373K, capacity 3110K, committed 3136K, reserved 4480K
Event: 16.169 GC heap after
Heap after GC invocations=9 (full 1):
 def new generation   total 5440K, used 575K [0x03e00000, 0x043e0000, 0x09350000)
  eden space 4864K,   0% used [0x03e00000, 0x03e00000, 0x042c0000)
  from space 576K,  99% used [0x042c0000, 0x0434fff8, 0x04350000)
  to   space 576K,   0% used [0x04350000, 0x04350000, 0x043e0000)
 tenured generation   total 11900K, used 8344K [0x09350000, 0x09eef000, 0x13e00000)
   the space 11900K,  70% used [0x09350000, 0x09b761d0, 0x09b76200, 0x09eef000)
 Metaspace       used 2373K, capacity 3110K, committed 3136K, reserved 4480K
}
Event: 16.590 GC heap before
{Heap before GC invocations=9 (full 1):
 def new generation   total 5440K, used 5439K [0x03e00000, 0x043e0000, 0x09350000)
  eden space 4864K, 100% used [0x03e00000, 0x042c0000, 0x042c0000)
  from space 576K,  99% used [0x042c0000, 0x0434fff8, 0x04350000)
  to   space 576K,   0% used [0x04350000, 0x04350000, 0x043e0000)
 tenured generation   total 11900K, used 8344K [0x09350000, 0x09eef000, 0x13e00000)
   the space 11900K,  70% used [0x09350000, 0x09b761d0, 0x09b76200, 0x09eef000)
 Metaspace       used 2967K, capacity 3501K, committed 3520K, reserved 4480K
Event: 16.598 GC heap after
Heap after GC invocations=10 (full 1):
 def new generation   total 5440K, used 576K [0x03e00000, 0x043e0000, 0x09350000)
  eden space 4864K,   0% used [0x03e00000, 0x03e00000, 0x042c0000)
  from space 576K, 100% used [0x04350000, 0x043e0000, 0x043e0000)
  to   space 576K,   0% used [0x042c0000, 0x042c0000, 0x04350000)
 tenured generation   total 11900K, used 9696K [0x09350000, 0x09eef000, 0x13e00000)
   the space 11900K,  81% used [0x09350000, 0x09cc8028, 0x09cc8200, 0x09eef000)
 Metaspace       used 2967K, capacity 3501K, committed 3520K, reserved 4480K
}
Event: 20.721 GC heap before
{Heap before GC invocations=10 (full 1):
 def new generation   total 5440K, used 5440K [0x03e00000, 0x043e0000, 0x09350000)
  eden space 4864K, 100% used [0x03e00000, 0x042c0000, 0x042c0000)
  from space 576K, 100% used [0x04350000, 0x043e0000, 0x043e0000)
  to   space 576K,   0% used [0x042c0000, 0x042c0000, 0x04350000)
 tenured generation   total 11900K, used 9696K [0x09350000, 0x09eef000, 0x13e00000)
   the space 11900K,  81% used [0x09350000, 0x09cc8028, 0x09cc8200, 0x09eef000)
 Metaspace       used 3604K, capacity 4077K, committed 4160K, reserved 4480K
Event: 20.727 GC heap after
Heap after GC invocations=11 (full 1):
 def new generation   total 5440K, used 576K [0x03e00000, 0x043e0000, 0x09350000)
  eden space 4864K,   0% used [0x03e00000, 0x03e00000, 0x042c0000)
  from space 576K, 100% used [0x042c0000, 0x04350000, 0x04350000)
  to   space 576K,   0% used [0x04350000, 0x04350000, 0x043e0000)
 tenured generation   total 11900K, used 10590K [0x09350000, 0x09eef000, 0x13e00000)
   the space 11900K,  88% used [0x09350000, 0x09da7ae8, 0x09da7c00, 0x09eef000)
 Metaspace       used 3604K, capacity 4077K, committed 4160K, reserved 4480K
}

