# JRE version: Java(TM) SE Runtime Environment (8.0_181-b13) (build 1.8.0_181-b13)
# Java VM: Java HotSpot(TM) Client VM (25.181-b13 mixed mode, sharing windows-x86 )
Heap:
 def new generation   total 8320K, used 5308K [0x03e00000, 0x04700000, 0x09350000)
  eden space 7424K,  70% used [0x03e00000, 0x04317238, 0x04540000)
  from space 896K,  10% used [0x04620000, 0x04638138, 0x04700000)
  to   space 896K,   0% used [0x04540000, 0x04540000, 0x04620000)
 tenured generation   total 18292K, used 12386K [0x09350000, 0x0a52d000, 0x13e00000)
   the space 18292K,  67% used [0x09350000, 0x09f68ba0, 0x09f68c00, 0x0a52d000)
 Metaspace       used 3864K, capacity 4148K, committed 4288K, reserved 4480K
GC Heap History (10 events):
Event: 1164.036 GC heap before
{Heap before GC invocations=13 (full 2):
 def new generation   total 8320K, used 7416K [0x03e00000, 0x04700000, 0x09350000)
  eden space 7424K,  99% used [0x03e00000, 0x0453e370, 0x04540000)
  from space 896K,   0% used [0x04540000, 0x04540000, 0x04620000)
  to   space 896K,   0% used [0x04620000, 0x04620000, 0x04700000)
 tenured generation   total 18292K, used 10973K [0x09350000, 0x0a52d000, 0x13e00000)
   the space 18292K,  59% used [0x09350000, 0x09e07410, 0x09e07600, 0x0a52d000)
 Metaspace       used 3859K, capacity 4148K, committed 4288K, reserved 4480K
Event: 1164.040 GC heap after
Heap after GC invocations=14 (full 2):
 def new generation   total 8320K, used 152K [0x03e00000, 0x04700000, 0x09350000)
  eden space 7424K,   0% used [0x03e00000, 0x03e00000, 0x04540000)
  from space 896K,  17% used [0x04620000, 0x04646220, 0x04700000)
  to   space 896K,   0% used [0x04540000, 0x04540000, 0x04620000)
 tenured generation   total 18292K, used 10973K [0x09350000, 0x0a52d000, 0x13e00000)
   the space 18292K,  59% used [0x09350000, 0x09e07410, 0x09e07600, 0x0a52d000)
 Metaspace       used 3859K, capacity 4148K, committed 4288K, reserved 4480K
}
Event: 2487.026 GC heap before
{Heap before GC invocations=14 (full 2):
 def new generation   total 8320K, used 7576K [0x03e00000, 0x04700000, 0x09350000)
  eden space 7424K,  99% used [0x03e00000, 0x0453ff90, 0x04540000)
  from space 896K,  17% used [0x04620000, 0x04646220, 0x04700000)
  to   space 896K,   0% used [0x04540000, 0x04540000, 0x04620000)
 tenured generation   total 18292K, used 10973K [0x09350000, 0x0a52d000, 0x13e00000)
   the space 18292K,  59% used [0x09350000, 0x09e07410, 0x09e07600, 0x0a52d000)
 Metaspace       used 3859K, capacity 4148K, committed 4288K, reserved 4480K
Event: 2487.034 GC heap after
Heap after GC invocations=15 (full 2):
 def new generation   total 8320K, used 137K [0x03e00000, 0x04700000, 0x09350000)
  eden space 7424K,   0% used [0x03e00000, 0x03e00000, 0x04540000)
  from space 896K,  15% used [0x04540000, 0x045625c0, 0x04620000)
  to   space 896K,   0% used [0x04620000, 0x04620000, 0x04700000)
 tenured generation   total 18292K, used 10973K [0x09350000, 0x0a52d000, 0x13e00000)
   the space 18292K,  59% used [0x09350000, 0x09e07410, 0x09e07600, 0x0a52d000)
 Metaspace       used 3859K, capacity 4148K, committed 4288K, reserved 4480K
}
Event: 3335.745 GC heap before
{Heap before GC invocations=15 (full 2):
 def new generation   total 8320K, used 5336K [0x03e00000, 0x04700000, 0x09350000)
  eden space 7424K,  70% used [0x03e00000, 0x04313d08, 0x04540000)
  from space 896K,  15% used [0x04540000, 0x045625c0, 0x04620000)
  to   space 896K,   0% used [0x04620000, 0x04620000, 0x04700000)
 tenured generation   total 18292K, used 10973K [0x09350000, 0x0a52d000, 0x13e00000)
   the space 18292K,  59% used [0x09350000, 0x09e07410, 0x09e07600, 0x0a52d000)
 Metaspace       used 3859K, capacity 4148K, committed 4288K, reserved 4480K
Event: 3335.748 GC heap after
Heap after GC invocations=16 (full 2):
 def new generation   total 8320K, used 183K [0x03e00000, 0x04700000, 0x09350000)
  eden space 7424K,   0% used [0x03e00000, 0x03e00000, 0x04540000)
  from space 896K,  20% used [0x04620000, 0x0464dff8, 0x04700000)
  to   space 896K,   0% used [0x04540000, 0x04540000, 0x04620000)
 tenured generation   total 18292K, used 10973K [0x09350000, 0x0a52d000, 0x13e00000)
   the space 18292K,  59% used [0x09350000, 0x09e07410, 0x09e07600, 0x0a52d000)
 Metaspace       used 3859K, capacity 4148K, committed 4288K, reserved 4480K
}
Event: 3702.401 GC heap before
{Heap before GC invocations=16 (full 2):
 def new generation   total 8320K, used 7607K [0x03e00000, 0x04700000, 0x09350000)
  eden space 7424K, 100% used [0x03e00000, 0x04540000, 0x04540000)
  from space 896K,  20% used [0x04620000, 0x0464dff8, 0x04700000)
  to   space 896K,   0% used [0x04540000, 0x04540000, 0x04620000)
 tenured generation   total 18292K, used 10973K [0x09350000, 0x0a52d000, 0x13e00000)
   the space 18292K,  59% used [0x09350000, 0x09e07410, 0x09e07600, 0x0a52d000)
 Metaspace       used 3864K, capacity 4148K, committed 4288K, reserved 4480K
Event: 3702.406 GC heap after
Heap after GC invocations=17 (full 2):
 def new generation   total 8320K, used 768K [0x03e00000, 0x04700000, 0x09350000)
  eden space 7424K,   0% used [0x03e00000, 0x03e00000, 0x04540000)
  from space 896K,  85% used [0x04540000, 0x04600228, 0x04620000)
  to   space 896K,   0% used [0x04620000, 0x04620000, 0x04700000)
 tenured generation   total 18292K, used 12275K [0x09350000, 0x0a52d000, 0x13e00000)
   the space 18292K,  67% used [0x09350000, 0x09f4ced8, 0x09f4d000, 0x0a52d000)
 Metaspace       used 3864K, capacity 4148K, committed 4288K, reserved 4480K
}
Event: 3835.322 GC heap before
{Heap before GC invocations=17 (full 2):
 def new generation   total 8320K, used 6057K [0x03e00000, 0x04700000, 0x09350000)
  eden space 7424K,  71% used [0x03e00000, 0x0432a578, 0x04540000)
  from space 896K,  85% used [0x04540000, 0x04600228, 0x04620000)
  to   space 896K,   0% used [0x04620000, 0x04620000, 0x04700000)
 tenured generation   total 18292K, used 12275K [0x09350000, 0x0a52d000, 0x13e00000)
   the space 18292K,  67% used [0x09350000, 0x09f4ced8, 0x09f4d000, 0x0a52d000)
 Metaspace       used 3864K, capacity 4148K, committed 4288K, reserved 4480K
Event: 3835.325 GC heap after
Heap after GC invocations=18 (full 2):
 def new generation   total 8320K, used 96K [0x03e00000, 0x04700000, 0x09350000)
  eden space 7424K,   0% used [0x03e00000, 0x03e00000, 0x04540000)
  from space 896K,  10% used [0x04620000, 0x04638138, 0x04700000)
  to   space 896K,   0% used [0x04540000, 0x04540000, 0x04620000)
 tenured generation   total 18292K, used 12386K [0x09350000, 0x0a52d000, 0x13e00000)
   the space 18292K,  67% used [0x09350000, 0x09f68ba0, 0x09f68c00, 0x0a52d000)
 Metaspace       used 3864K, capacity 4148K, committed 4288K, reserved 4480K
}

