# JRE version: Java(TM) SE Runtime Environment (8.0_181-b13) (build 1.8.0_181-b13)
# Java VM: Java HotSpot(TM) Client VM (25.181-b13 mixed mode, sharing windows-x86 )
Heap:
 def new generation   total 5440K, used 2135K [0x03c00000, 0x041e0000, 0x09150000)
  eden space 4864K,  32% used [0x03c00000, 0x03d85e00, 0x040c0000)
  from space 576K, 100% used [0x040c0000, 0x04150000, 0x04150000)
  to   space 576K,   0% used [0x04150000, 0x04150000, 0x041e0000)
 tenured generation   total 11960K, used 10604K [0x09150000, 0x09cfe000, 0x13c00000)
   the space 11960K,  88% used [0x09150000, 0x09bab2b8, 0x09bab400, 0x09cfe000)
 Metaspace       used 3617K, capacity 4080K, committed 4160K, reserved 4480K
GC Heap History (10 events):
Event: 12.172 GC heap before
{Heap before GC invocations=6 (full 0):
 def new generation   total 4928K, used 4600K [0x03c00000, 0x04150000, 0x09150000)
  eden space 4416K, 100% used [0x03c00000, 0x04050000, 0x04050000)
  from space 512K,  35% used [0x04050000, 0x0407e000, 0x040d0000)
  to   space 512K,   0% used [0x040d0000, 0x040d0000, 0x04150000)
 tenured generation   total 10944K, used 6981K [0x09150000, 0x09c00000, 0x13c00000)
   the space 10944K,  63% used [0x09150000, 0x098217f0, 0x09821800, 0x09c00000)
 Metaspace       used 1249K, capacity 2791K, committed 2880K, reserved 4480K
Event: 12.201 GC heap after
Heap after GC invocations=7 (full 1):
 def new generation   total 5440K, used 0K [0x03c00000, 0x041e0000, 0x09150000)
  eden space 4864K,   0% used [0x03c00000, 0x03c00000, 0x040c0000)
  from space 576K,   0% used [0x040c0000, 0x040c0000, 0x04150000)
  to   space 576K,   0% used [0x04150000, 0x04150000, 0x041e0000)
 tenured generation   total 11960K, used 7173K [0x09150000, 0x09cfe000, 0x13c00000)
   the space 11960K,  59% used [0x09150000, 0x098517a0, 0x09851800, 0x09cfe000)
 Metaspace       used 1249K, capacity 2791K, committed 2880K, reserved 4480K
}
Event: 13.020 GC heap before
{Heap before GC invocations=7 (full 1):
 def new generation   total 5440K, used 4864K [0x03c00000, 0x041e0000, 0x09150000)
  eden space 4864K, 100% used [0x03c00000, 0x040c0000, 0x040c0000)
  from space 576K,   0% used [0x040c0000, 0x040c0000, 0x04150000)
  to   space 576K,   0% used [0x04150000, 0x04150000, 0x041e0000)
 tenured generation   total 11960K, used 7173K [0x09150000, 0x09cfe000, 0x13c00000)
   the space 11960K,  59% used [0x09150000, 0x098517a0, 0x09851800, 0x09cfe000)
 Metaspace       used 2277K, capacity 3070K, committed 3136K, reserved 4480K
Event: 13.029 GC heap after
Heap after GC invocations=8 (full 1):
 def new generation   total 5440K, used 576K [0x03c00000, 0x041e0000, 0x09150000)
  eden space 4864K,   0% used [0x03c00000, 0x03c00000, 0x040c0000)
  from space 576K, 100% used [0x04150000, 0x041e0000, 0x041e0000)
  to   space 576K,   0% used [0x040c0000, 0x040c0000, 0x04150000)
 tenured generation   total 11960K, used 7761K [0x09150000, 0x09cfe000, 0x13c00000)
   the space 11960K,  64% used [0x09150000, 0x098e4430, 0x098e4600, 0x09cfe000)
 Metaspace       used 2277K, capacity 3070K, committed 3136K, reserved 4480K
}
Event: 13.126 GC heap before
{Heap before GC invocations=8 (full 1):
 def new generation   total 5440K, used 5440K [0x03c00000, 0x041e0000, 0x09150000)
  eden space 4864K, 100% used [0x03c00000, 0x040c0000, 0x040c0000)
  from space 576K, 100% used [0x04150000, 0x041e0000, 0x041e0000)
  to   space 576K,   0% used [0x040c0000, 0x040c0000, 0x04150000)
 tenured generation   total 11960K, used 7761K [0x09150000, 0x09cfe000, 0x13c00000)
   the space 11960K,  64% used [0x09150000, 0x098e4430, 0x098e4600, 0x09cfe000)
 Metaspace       used 2370K, capacity 3110K, committed 3136K, reserved 4480K
Event: 13.132 GC heap after
Heap after GC invocations=9 (full 1):
 def new generation   total 5440K, used 575K [0x03c00000, 0x041e0000, 0x09150000)
  eden space 4864K,   0% used [0x03c00000, 0x03c00000, 0x040c0000)
  from space 576K,  99% used [0x040c0000, 0x0414fff8, 0x04150000)
  to   space 576K,   0% used [0x04150000, 0x04150000, 0x041e0000)
 tenured generation   total 11960K, used 8377K [0x09150000, 0x09cfe000, 0x13c00000)
   the space 11960K,  70% used [0x09150000, 0x0997e730, 0x0997e800, 0x09cfe000)
 Metaspace       used 2370K, capacity 3110K, committed 3136K, reserved 4480K
}
Event: 13.324 GC heap before
{Heap before GC invocations=9 (full 1):
 def new generation   total 5440K, used 5439K [0x03c00000, 0x041e0000, 0x09150000)
  eden space 4864K, 100% used [0x03c00000, 0x040c0000, 0x040c0000)
  from space 576K,  99% used [0x040c0000, 0x0414fff8, 0x04150000)
  to   space 576K,   0% used [0x04150000, 0x04150000, 0x041e0000)
 tenured generation   total 11960K, used 8377K [0x09150000, 0x09cfe000, 0x13c00000)
   the space 11960K,  70% used [0x09150000, 0x0997e730, 0x0997e800, 0x09cfe000)
 Metaspace       used 2986K, capacity 3501K, committed 3520K, reserved 4480K
Event: 13.332 GC heap after
Heap after GC invocations=10 (full 1):
 def new generation   total 5440K, used 576K [0x03c00000, 0x041e0000, 0x09150000)
  eden space 4864K,   0% used [0x03c00000, 0x03c00000, 0x040c0000)
  from space 576K, 100% used [0x04150000, 0x041e0000, 0x041e0000)
  to   space 576K,   0% used [0x040c0000, 0x040c0000, 0x04150000)
 tenured generation   total 11960K, used 9725K [0x09150000, 0x09cfe000, 0x13c00000)
   the space 11960K,  81% used [0x09150000, 0x09acf468, 0x09acf600, 0x09cfe000)
 Metaspace       used 2986K, capacity 3501K, committed 3520K, reserved 4480K
}
Event: 14.054 GC heap before
{Heap before GC invocations=10 (full 1):
 def new generation   total 5440K, used 5390K [0x03c00000, 0x041e0000, 0x09150000)
  eden space 4864K,  98% used [0x03c00000, 0x040b39a0, 0x040c0000)
  from space 576K, 100% used [0x04150000, 0x041e0000, 0x041e0000)
  to   space 576K,   0% used [0x040c0000, 0x040c0000, 0x04150000)
 tenured generation   total 11960K, used 9725K [0x09150000, 0x09cfe000, 0x13c00000)
   the space 11960K,  81% used [0x09150000, 0x09acf468, 0x09acf600, 0x09cfe000)
 Metaspace       used 3606K, capacity 4080K, committed 4160K, reserved 4480K
Event: 14.060 GC heap after
Heap after GC invocations=11 (full 1):
 def new generation   total 5440K, used 576K [0x03c00000, 0x041e0000, 0x09150000)
  eden space 4864K,   0% used [0x03c00000, 0x03c00000, 0x040c0000)
  from space 576K, 100% used [0x040c0000, 0x04150000, 0x04150000)
  to   space 576K,   0% used [0x04150000, 0x04150000, 0x041e0000)
 tenured generation   total 11960K, used 10604K [0x09150000, 0x09cfe000, 0x13c00000)
   the space 11960K,  88% used [0x09150000, 0x09bab2b8, 0x09bab400, 0x09cfe000)
 Metaspace       used 3606K, capacity 4080K, committed 4160K, reserved 4480K
}

