# JRE version: Java(TM) SE Runtime Environment (8.0_181-b13) (build 1.8.0_181-b13)
# Java VM: Java HotSpot(TM) Client VM (25.181-b13 mixed mode, sharing windows-x86 )
Heap:
 def new generation   total 8640K, used 2504K [0x03e00000, 0x04750000, 0x09350000)
  eden space 7744K,  32% used [0x03e00000, 0x04072058, 0x04590000)
  from space 896K,   0% used [0x04590000, 0x04590000, 0x04670000)
  to   space 896K,   0% used [0x04670000, 0x04670000, 0x04750000)
 tenured generation   total 18880K, used 11327K [0x09350000, 0x0a5c0000, 0x13e00000)
   the space 18880K,  59% used [0x09350000, 0x09e5ffc8, 0x09e60000, 0x0a5c0000)
 Metaspace       used 3766K, capacity 4183K, committed 4288K, reserved 4480K
GC Heap History (10 events):
Event: 4.705 GC heap before
{Heap before GC invocations=5 (full 0):
 def new generation   total 4928K, used 4502K [0x03e00000, 0x04350000, 0x09350000)
  eden space 4416K, 100% used [0x03e00000, 0x04250000, 0x04250000)
  from space 512K,  16% used [0x042d0000, 0x042e5940, 0x04350000)
  to   space 512K,   0% used [0x04250000, 0x04250000, 0x042d0000)
 tenured generation   total 10944K, used 6818K [0x09350000, 0x09e00000, 0x13e00000)
   the space 10944K,  62% used [0x09350000, 0x099f8a90, 0x099f8c00, 0x09e00000)
 Metaspace       used 2113K, capacity 3058K, committed 3136K, reserved 4480K
Event: 4.714 GC heap after
Heap after GC invocations=6 (full 0):
 def new generation   total 4928K, used 512K [0x03e00000, 0x04350000, 0x09350000)
  eden space 4416K,   0% used [0x03e00000, 0x03e00000, 0x04250000)
  from space 512K, 100% used [0x04250000, 0x042d0000, 0x042d0000)
  to   space 512K,   0% used [0x042d0000, 0x042d0000, 0x04350000)
 tenured generation   total 10944K, used 7459K [0x09350000, 0x09e00000, 0x13e00000)
   the space 10944K,  68% used [0x09350000, 0x09a98eb0, 0x09a99000, 0x09e00000)
 Metaspace       used 2113K, capacity 3058K, committed 3136K, reserved 4480K
}
Event: 4.806 GC heap before
{Heap before GC invocations=6 (full 0):
 def new generation   total 4928K, used 4928K [0x03e00000, 0x04350000, 0x09350000)
  eden space 4416K, 100% used [0x03e00000, 0x04250000, 0x04250000)
  from space 512K, 100% used [0x04250000, 0x042d0000, 0x042d0000)
  to   space 512K,   0% used [0x042d0000, 0x042d0000, 0x04350000)
 tenured generation   total 10944K, used 7459K [0x09350000, 0x09e00000, 0x13e00000)
   the space 10944K,  68% used [0x09350000, 0x09a98eb0, 0x09a99000, 0x09e00000)
 Metaspace       used 2285K, capacity 3075K, committed 3136K, reserved 4480K
Event: 4.815 GC heap after
Heap after GC invocations=7 (full 0):
 def new generation   total 4928K, used 512K [0x03e00000, 0x04350000, 0x09350000)
  eden space 4416K,   0% used [0x03e00000, 0x03e00000, 0x04250000)
  from space 512K, 100% used [0x042d0000, 0x04350000, 0x04350000)
  to   space 512K,   0% used [0x04250000, 0x04250000, 0x042d0000)
 tenured generation   total 10944K, used 8348K [0x09350000, 0x09e00000, 0x13e00000)
   the space 10944K,  76% used [0x09350000, 0x09b77020, 0x09b77200, 0x09e00000)
 Metaspace       used 2285K, capacity 3075K, committed 3136K, reserved 4480K
}
Event: 4.938 GC heap before
{Heap before GC invocations=7 (full 0):
 def new generation   total 4928K, used 4928K [0x03e00000, 0x04350000, 0x09350000)
  eden space 4416K, 100% used [0x03e00000, 0x04250000, 0x04250000)
  from space 512K, 100% used [0x042d0000, 0x04350000, 0x04350000)
  to   space 512K,   0% used [0x04250000, 0x04250000, 0x042d0000)
 tenured generation   total 10944K, used 8348K [0x09350000, 0x09e00000, 0x13e00000)
   the space 10944K,  76% used [0x09350000, 0x09b77020, 0x09b77200, 0x09e00000)
 Metaspace       used 2500K, capacity 3238K, committed 3264K, reserved 4480K
Event: 4.946 GC heap after
Heap after GC invocations=8 (full 0):
 def new generation   total 4928K, used 512K [0x03e00000, 0x04350000, 0x09350000)
  eden space 4416K,   0% used [0x03e00000, 0x03e00000, 0x04250000)
  from space 512K, 100% used [0x04250000, 0x042d0000, 0x042d0000)
  to   space 512K,   0% used [0x042d0000, 0x042d0000, 0x04350000)
 tenured generation   total 10944K, used 9197K [0x09350000, 0x09e00000, 0x13e00000)
   the space 10944K,  84% used [0x09350000, 0x09c4b6e8, 0x09c4b800, 0x09e00000)
 Metaspace       used 2500K, capacity 3238K, committed 3264K, reserved 4480K
}
Event: 5.104 GC heap before
{Heap before GC invocations=8 (full 0):
 def new generation   total 4928K, used 4928K [0x03e00000, 0x04350000, 0x09350000)
  eden space 4416K, 100% used [0x03e00000, 0x04250000, 0x04250000)
  from space 512K, 100% used [0x04250000, 0x042d0000, 0x042d0000)
  to   space 512K,   0% used [0x042d0000, 0x042d0000, 0x04350000)
 tenured generation   total 10944K, used 9197K [0x09350000, 0x09e00000, 0x13e00000)
   the space 10944K,  84% used [0x09350000, 0x09c4b6e8, 0x09c4b800, 0x09e00000)
 Metaspace       used 3175K, capacity 3693K, committed 3776K, reserved 4480K
Event: 5.110 GC heap after
Heap after GC invocations=9 (full 0):
 def new generation   total 4928K, used 512K [0x03e00000, 0x04350000, 0x09350000)
  eden space 4416K,   0% used [0x03e00000, 0x03e00000, 0x04250000)
  from space 512K, 100% used [0x042d0000, 0x04350000, 0x04350000)
  to   space 512K,   0% used [0x04250000, 0x04250000, 0x042d0000)
 tenured generation   total 10944K, used 9984K [0x09350000, 0x09e00000, 0x13e00000)
   the space 10944K,  91% used [0x09350000, 0x09d10028, 0x09d10200, 0x09e00000)
 Metaspace       used 3175K, capacity 3693K, committed 3776K, reserved 4480K
}
Event: 14.009 GC heap before
{Heap before GC invocations=9 (full 0):
 def new generation   total 4928K, used 4928K [0x03e00000, 0x04350000, 0x09350000)
  eden space 4416K, 100% used [0x03e00000, 0x04250000, 0x04250000)
  from space 512K, 100% used [0x042d0000, 0x04350000, 0x04350000)
  to   space 512K,   0% used [0x04250000, 0x04250000, 0x042d0000)
 tenured generation   total 10944K, used 9984K [0x09350000, 0x09e00000, 0x13e00000)
   the space 10944K,  91% used [0x09350000, 0x09d10028, 0x09d10200, 0x09e00000)
 Metaspace       used 3766K, capacity 4183K, committed 4288K, reserved 4480K
Event: 14.056 GC heap after
Heap after GC invocations=10 (full 1):
 def new generation   total 8640K, used 132K [0x03e00000, 0x04750000, 0x09350000)
  eden space 7744K,   1% used [0x03e00000, 0x03e213c8, 0x04590000)
  from space 896K,   0% used [0x04590000, 0x04590000, 0x04670000)
  to   space 896K,   0% used [0x04670000, 0x04670000, 0x04750000)
 tenured generation   total 18880K, used 11327K [0x09350000, 0x0a5c0000, 0x13e00000)
   the space 18880K,  59% used [0x09350000, 0x09e5ffc8, 0x09e60000, 0x0a5c0000)
 Metaspace       used 3766K, capacity 4183K, committed 4288K, reserved 4480K
}

