# JRE version: Java(TM) SE Runtime Environment (8.0_181-b13) (build 1.8.0_181-b13)
# Java VM: Java HotSpot(TM) Client VM (25.181-b13 mixed mode windows-x86 )
Heap:
 def new generation   total 8320K, used 3684K [0x04000000, 0x04900000, 0x09550000)
  eden space 7424K,  49% used [0x04000000, 0x043990d8, 0x04740000)
  from space 896K,   0% used [0x04740000, 0x04740000, 0x04820000)
  to   space 896K,   0% used [0x04820000, 0x04820000, 0x04900000)
 tenured generation   total 18276K, used 10963K [0x09550000, 0x0a729000, 0x14000000)
   the space 18276K,  59% used [0x09550000, 0x0a004e70, 0x0a005000, 0x0a729000)
 Metaspace       used 11513K, capacity 11721K, committed 11904K, reserved 12672K
GC Heap History (10 events):
Event: 12.413 GC heap before
{Heap before GC invocations=5 (full 0):
 def new generation   total 4928K, used 4506K [0x04000000, 0x04550000, 0x09550000)
  eden space 4416K, 100% used [0x04000000, 0x04450000, 0x04450000)
  from space 512K,  17% used [0x044d0000, 0x044e69e8, 0x04550000)
  to   space 512K,   0% used [0x04450000, 0x04450000, 0x044d0000)
 tenured generation   total 10944K, used 6934K [0x09550000, 0x0a000000, 0x14000000)
   the space 10944K,  63% used [0x09550000, 0x09c159e0, 0x09c15a00, 0x0a000000)
 Metaspace       used 9346K, capacity 9560K, committed 9600K, reserved 9600K
Event: 12.423 GC heap after
Heap after GC invocations=6 (full 0):
 def new generation   total 4928K, used 512K [0x04000000, 0x04550000, 0x09550000)
  eden space 4416K,   0% used [0x04000000, 0x04000000, 0x04450000)
  from space 512K, 100% used [0x04450000, 0x044d0000, 0x044d0000)
  to   space 512K,   0% used [0x044d0000, 0x044d0000, 0x04550000)
 tenured generation   total 10944K, used 7534K [0x09550000, 0x0a000000, 0x14000000)
   the space 10944K,  68% used [0x09550000, 0x09cabac8, 0x09cabc00, 0x0a000000)
 Metaspace       used 9346K, capacity 9560K, committed 9600K, reserved 9600K
}
Event: 12.518 GC heap before
{Heap before GC invocations=6 (full 0):
 def new generation   total 4928K, used 4928K [0x04000000, 0x04550000, 0x09550000)
  eden space 4416K, 100% used [0x04000000, 0x04450000, 0x04450000)
  from space 512K, 100% used [0x04450000, 0x044d0000, 0x044d0000)
  to   space 512K,   0% used [0x044d0000, 0x044d0000, 0x04550000)
 tenured generation   total 10944K, used 7534K [0x09550000, 0x0a000000, 0x14000000)
   the space 10944K,  68% used [0x09550000, 0x09cabac8, 0x09cabc00, 0x0a000000)
 Metaspace       used 9519K, capacity 9705K, committed 9856K, reserved 10624K
Event: 12.527 GC heap after
Heap after GC invocations=7 (full 0):
 def new generation   total 4928K, used 512K [0x04000000, 0x04550000, 0x09550000)
  eden space 4416K,   0% used [0x04000000, 0x04000000, 0x04450000)
  from space 512K, 100% used [0x044d0000, 0x04550000, 0x04550000)
  to   space 512K,   0% used [0x04450000, 0x04450000, 0x044d0000)
 tenured generation   total 10944K, used 8419K [0x09550000, 0x0a000000, 0x14000000)
   the space 10944K,  76% used [0x09550000, 0x09d88c10, 0x09d88e00, 0x0a000000)
 Metaspace       used 9519K, capacity 9705K, committed 9856K, reserved 10624K
}
Event: 12.651 GC heap before
{Heap before GC invocations=7 (full 0):
 def new generation   total 4928K, used 4928K [0x04000000, 0x04550000, 0x09550000)
  eden space 4416K, 100% used [0x04000000, 0x04450000, 0x04450000)
  from space 512K, 100% used [0x044d0000, 0x04550000, 0x04550000)
  to   space 512K,   0% used [0x04450000, 0x04450000, 0x044d0000)
 tenured generation   total 10944K, used 8419K [0x09550000, 0x0a000000, 0x14000000)
   the space 10944K,  76% used [0x09550000, 0x09d88c10, 0x09d88e00, 0x0a000000)
 Metaspace       used 9730K, capacity 9932K, committed 9984K, reserved 10624K
Event: 12.660 GC heap after
Heap after GC invocations=8 (full 0):
 def new generation   total 4928K, used 512K [0x04000000, 0x04550000, 0x09550000)
  eden space 4416K,   0% used [0x04000000, 0x04000000, 0x04450000)
  from space 512K, 100% used [0x04450000, 0x044d0000, 0x044d0000)
  to   space 512K,   0% used [0x044d0000, 0x044d0000, 0x04550000)
 tenured generation   total 10944K, used 9259K [0x09550000, 0x0a000000, 0x14000000)
   the space 10944K,  84% used [0x09550000, 0x09e5ac68, 0x09e5ae00, 0x0a000000)
 Metaspace       used 9730K, capacity 9932K, committed 9984K, reserved 10624K
}
Event: 12.829 GC heap before
{Heap before GC invocations=8 (full 0):
 def new generation   total 4928K, used 4928K [0x04000000, 0x04550000, 0x09550000)
  eden space 4416K, 100% used [0x04000000, 0x04450000, 0x04450000)
  from space 512K, 100% used [0x04450000, 0x044d0000, 0x044d0000)
  to   space 512K,   0% used [0x044d0000, 0x044d0000, 0x04550000)
 tenured generation   total 10944K, used 9259K [0x09550000, 0x0a000000, 0x14000000)
   the space 10944K,  84% used [0x09550000, 0x09e5ac68, 0x09e5ae00, 0x0a000000)
 Metaspace       used 10433K, capacity 10643K, committed 10752K, reserved 11648K
Event: 12.835 GC heap after
Heap after GC invocations=9 (full 0):
 def new generation   total 4928K, used 512K [0x04000000, 0x04550000, 0x09550000)
  eden space 4416K,   0% used [0x04000000, 0x04000000, 0x04450000)
  from space 512K, 100% used [0x044d0000, 0x04550000, 0x04550000)
  to   space 512K,   0% used [0x04450000, 0x04450000, 0x044d0000)
 tenured generation   total 10944K, used 10040K [0x09550000, 0x0a000000, 0x14000000)
   the space 10944K,  91% used [0x09550000, 0x09f1e068, 0x09f1e200, 0x0a000000)
 Metaspace       used 10433K, capacity 10643K, committed 10752K, reserved 11648K
}
Event: 137.359 GC heap before
{Heap before GC invocations=9 (full 0):
 def new generation   total 4928K, used 4918K [0x04000000, 0x04550000, 0x09550000)
  eden space 4416K,  99% used [0x04000000, 0x0444d870, 0x04450000)
  from space 512K, 100% used [0x044d0000, 0x04550000, 0x04550000)
  to   space 512K,   0% used [0x04450000, 0x04450000, 0x044d0000)
 tenured generation   total 10944K, used 10040K [0x09550000, 0x0a000000, 0x14000000)
   the space 10944K,  91% used [0x09550000, 0x09f1e068, 0x09f1e200, 0x0a000000)
 Metaspace       used 11533K, capacity 11759K, committed 11904K, reserved 12672K
Event: 137.419 GC heap after
Heap after GC invocations=10 (full 1):
 def new generation   total 8320K, used 301K [0x04000000, 0x04900000, 0x09550000)
  eden space 7424K,   4% used [0x04000000, 0x0404b538, 0x04740000)
  from space 896K,   0% used [0x04740000, 0x04740000, 0x04820000)
  to   space 896K,   0% used [0x04820000, 0x04820000, 0x04900000)
 tenured generation   total 18276K, used 10963K [0x09550000, 0x0a729000, 0x14000000)
   the space 18276K,  59% used [0x09550000, 0x0a004e70, 0x0a005000, 0x0a729000)
 Metaspace       used 11509K, capacity 11719K, committed 11904K, reserved 12672K
}

