# JRE version: Java(TM) SE Runtime Environment (8.0_181-b13) (build 1.8.0_181-b13)
# Java VM: Java HotSpot(TM) Client VM (25.181-b13 mixed mode, sharing windows-x86 )
Heap:
 def new generation   total 5504K, used 137K [0x03e00000, 0x043f0000, 0x09350000)
  eden space 4928K,   0% used [0x03e00000, 0x03e00000, 0x042d0000)
  from space 576K,  23% used [0x04360000, 0x043824f8, 0x043f0000)
  to   space 576K,   0% used [0x042d0000, 0x042d0000, 0x04360000)
 tenured generation   total 16100K, used 14470K [0x09350000, 0x0a309000, 0x13e00000)
   the space 16100K,  89% used [0x09350000, 0x0a171818, 0x0a171a00, 0x0a309000)
 Metaspace       used 3937K, capacity 4168K, committed 4288K, reserved 4480K
GC Heap History (10 events):
Event: 42.263 GC heap after
Heap after GC invocations=13 (full 2):
 def new generation   total 5504K, used 0K [0x03e00000, 0x043f0000, 0x09350000)
  eden space 4928K,   0% used [0x03e00000, 0x03e00000, 0x042d0000)
  from space 576K,   0% used [0x042d0000, 0x042d0000, 0x04360000)
  to   space 576K,   0% used [0x04360000, 0x04360000, 0x043f0000)
 tenured generation   total 12000K, used 6983K [0x09350000, 0x09f08000, 0x13e00000)
   the space 12000K,  58% used [0x09350000, 0x09a21d90, 0x09a21e00, 0x09f08000)
 Metaspace       used 3766K, capacity 4148K, committed 4288K, reserved 4480K
}
Event: 138.754 GC heap before
{Heap before GC invocations=13 (full 2):
 def new generation   total 5504K, used 4921K [0x03e00000, 0x043f0000, 0x09350000)
  eden space 4928K,  99% used [0x03e00000, 0x042ce5b8, 0x042d0000)
  from space 576K,   0% used [0x042d0000, 0x042d0000, 0x04360000)
  to   space 576K,   0% used [0x04360000, 0x04360000, 0x043f0000)
 tenured generation   total 12000K, used 6983K [0x09350000, 0x09f08000, 0x13e00000)
   the space 12000K,  58% used [0x09350000, 0x09a21d90, 0x09a21e00, 0x09f08000)
 Metaspace       used 3766K, capacity 4148K, committed 4288K, reserved 4480K
Event: 138.760 GC heap after
Heap after GC invocations=14 (full 2):
 def new generation   total 5504K, used 122K [0x03e00000, 0x043f0000, 0x09350000)
  eden space 4928K,   0% used [0x03e00000, 0x03e00000, 0x042d0000)
  from space 576K,  21% used [0x04360000, 0x0437eaf0, 0x043f0000)
  to   space 576K,   0% used [0x042d0000, 0x042d0000, 0x04360000)
 tenured generation   total 12000K, used 11081K [0x09350000, 0x09f08000, 0x13e00000)
   the space 12000K,  92% used [0x09350000, 0x09e225a0, 0x09e22600, 0x09f08000)
 Metaspace       used 3766K, capacity 4148K, committed 4288K, reserved 4480K
}
Event: 149.210 GC heap before
{Heap before GC invocations=14 (full 2):
 def new generation   total 5504K, used 2624K [0x03e00000, 0x043f0000, 0x09350000)
  eden space 4928K,  50% used [0x03e00000, 0x04071808, 0x042d0000)
  from space 576K,  21% used [0x04360000, 0x0437eaf0, 0x043f0000)
  to   space 576K,   0% used [0x042d0000, 0x042d0000, 0x04360000)
 tenured generation   total 12000K, used 11081K [0x09350000, 0x09f08000, 0x13e00000)
   the space 12000K,  92% used [0x09350000, 0x09e225a0, 0x09e22600, 0x09f08000)
 Metaspace       used 3766K, capacity 4148K, committed 4288K, reserved 4480K
Event: 149.213 GC heap after
Heap after GC invocations=15 (full 2):
 def new generation   total 5504K, used 387K [0x03e00000, 0x043f0000, 0x09350000)
  eden space 4928K,   0% used [0x03e00000, 0x03e00000, 0x042d0000)
  from space 576K,  67% used [0x042d0000, 0x04330f08, 0x04360000)
  to   space 576K,   0% used [0x04360000, 0x04360000, 0x043f0000)
 tenured generation   total 12000K, used 11369K [0x09350000, 0x09f08000, 0x13e00000)
   the space 12000K,  94% used [0x09350000, 0x09e6a5b0, 0x09e6a600, 0x09f08000)
 Metaspace       used 3766K, capacity 4148K, committed 4288K, reserved 4480K
}
Event: 152.537 GC heap before
{Heap before GC invocations=15 (full 2):
 def new generation   total 5504K, used 4819K [0x03e00000, 0x043f0000, 0x09350000)
  eden space 4928K,  89% used [0x03e00000, 0x04253dc0, 0x042d0000)
  from space 576K,  67% used [0x042d0000, 0x04330f08, 0x04360000)
  to   space 576K,   0% used [0x04360000, 0x04360000, 0x043f0000)
 tenured generation   total 12000K, used 11369K [0x09350000, 0x09f08000, 0x13e00000)
   the space 12000K,  94% used [0x09350000, 0x09e6a5b0, 0x09e6a600, 0x09f08000)
 Metaspace       used 3766K, capacity 4148K, committed 4288K, reserved 4480K
Event: 152.595 GC heap after
Heap after GC invocations=16 (full 3):
 def new generation   total 5504K, used 0K [0x03e00000, 0x043f0000, 0x09350000)
  eden space 4928K,   0% used [0x03e00000, 0x03e00000, 0x042d0000)
  from space 576K,   0% used [0x04360000, 0x04360000, 0x043f0000)
  to   space 576K,   0% used [0x042d0000, 0x042d0000, 0x04360000)
 tenured generation   total 12000K, used 6273K [0x09350000, 0x09f08000, 0x13e00000)
   the space 12000K,  52% used [0x09350000, 0x099707f8, 0x09970800, 0x09f08000)
 Metaspace       used 3764K, capacity 4146K, committed 4288K, reserved 4480K
}
Event: 616.260 GC heap before
{Heap before GC invocations=16 (full 3):
 def new generation   total 5504K, used 4856K [0x03e00000, 0x043f0000, 0x09350000)
  eden space 4928K,  98% used [0x03e00000, 0x042be2c0, 0x042d0000)
  from space 576K,   0% used [0x04360000, 0x04360000, 0x043f0000)
  to   space 576K,   0% used [0x042d0000, 0x042d0000, 0x04360000)
 tenured generation   total 12000K, used 6273K [0x09350000, 0x09f08000, 0x13e00000)
   the space 12000K,  52% used [0x09350000, 0x099707f8, 0x09970800, 0x09f08000)
 Metaspace       used 3931K, capacity 4166K, committed 4288K, reserved 4480K
Event: 616.265 GC heap after
Heap after GC invocations=17 (full 3):
 def new generation   total 5504K, used 95K [0x03e00000, 0x043f0000, 0x09350000)
  eden space 4928K,   0% used [0x03e00000, 0x03e00000, 0x042d0000)
  from space 576K,  16% used [0x042d0000, 0x042e7f28, 0x04360000)
  to   space 576K,   0% used [0x04360000, 0x04360000, 0x043f0000)
 tenured generation   total 12000K, used 10372K [0x09350000, 0x09f08000, 0x13e00000)
   the space 12000K,  86% used [0x09350000, 0x09d71008, 0x09d71200, 0x09f08000)
 Metaspace       used 3931K, capacity 4166K, committed 4288K, reserved 4480K
}
Event: 619.954 GC heap before
{Heap before GC invocations=17 (full 3):
 def new generation   total 5504K, used 5023K [0x03e00000, 0x043f0000, 0x09350000)
  eden space 4928K, 100% used [0x03e00000, 0x042d0000, 0x042d0000)
  from space 576K,  16% used [0x042d0000, 0x042e7f28, 0x04360000)
  to   space 576K,   0% used [0x04360000, 0x04360000, 0x043f0000)
 tenured generation   total 12000K, used 10372K [0x09350000, 0x09f08000, 0x13e00000)
   the space 12000K,  86% used [0x09350000, 0x09d71008, 0x09d71200, 0x09f08000)
 Metaspace       used 3937K, capacity 4168K, committed 4288K, reserved 4480K

